0,(2,24)
1,(1,24)
2,(1,23)
3,(2,23)
4,(2,22)
5,(2,21)
6,(3,21)
7,(3,20),(4,21)
8,(2,20),(4,22)
9,(1,20),(3,22),(4,23)
10,(0,20),(3,23),(4,24),(5,23)
11,(0,19),(3,24),(4,25),(6,23)
12,(0,18),(3,25),(5,25),(7,23)
13,(0,17),(3,26),(5,24),(7,22)
14,(0,16),(1,17),(3,27),(6,24),(8,22)
15,(0,15),(1,16),(1,18),(2,27),(7,24),(9,22)
16,(1,19),(2,16),(2,28),(7,25),(8,24),(9,21)
17,(10,21),(2,15),(2,17),(2,19),(3,28),(7,26),(8,25)
18,(10,20),(2,14),(2,18),(3,29),(7,27),(9,25)
19,(1,14),(10,19),(2,29),(3,14),(3,30),(6,27),(9,24)
20,(0,14),(1,13),(1,15),(1,29),(11,19),(2,30),(3,13),(4,30),(5,27),(9,23)
21,(0,13),(0,29),(1,12),(1,30),(11,20),(2,13),(2,31),(3,12),(4,29),(5,28),(5,30),(8,23)
22,(0,12),(0,28),(0,30),(1,11),(1,31),(11,21),(2,12),(3,11),(3,31),(4,28),(5,29),(6,28),(6,30)
23,(0,31),(1,10),(1,28),(12,21),(2,11),(4,11),(4,27),(4,31),(6,29)
24,(0,10),(1,27),(1,9),(12,20),(12,22),(13,21),(2,10),(4,26),(5,11),(5,31)
25,(0,11),(0,27),(0,9),(1,26),(1,8),(13,20),(13,22),(14,21),(2,9),(3,10),(5,12),(5,26),(6,31)
26,(0,26),(0,8),(1,7),(13,19),(13,23),(14,20),(14,22),(2,26),(2,8),(4,10),(4,12),(6,26),(7,31)
27,(0,25),(0,7),(1,6),(12,19),(13,24),(14,23),(15,20),(2,25),(2,7),(3,8),(4,13),(5,10),(6,25),(8,31)
28,(0,24),(0,6),(1,25),(12,18),(13,25),(14,24),(15,21),(15,23),(2,6),(3,7),(3,9),(4,14),(5,9),(8,30)
29,(0,23),(11,18),(13,18),(14,25),(15,22),(16,21),(2,5),(4,9),(5,14),(6,9),(7,30),(9,30)
30,(0,22),(10,18),(14,18),(16,20),(16,22),(3,5),(4,8),(6,14),(6,8),(7,29),(9,31)
31,(0,21),(10,17),(14,17),(16,19),(16,23),(3,4),(3,6),(4,7),(5,8),(7,14),(7,28),(7,8)
32,(1,21),(11,17),(15,17),(15,19),(16,24),(3,3),(4,6),(5,7),(7,7),(7,9),(8,14),(8,28)
33,(1,22),(12,17),(14,19),(15,18),(15,24),(2,3),(4,3),(5,6),(7,6),(8,15),(8,27),(8,7)
34,(13,17),(16,18),(2,2),(2,4),(5,3),(6,6),(7,15),(7,5),(8,26),(8,8)
35,(1,2),(1,4),(13,16),(17,18),(2,1),(3,2),(5,4),(6,5),(7,16),(8,5),(8,9),(9,26)
36,(0,2),(1,3),(1,5),(13,15),(14,16),(18,18),(2,0),(3,1),(4,2),(5,5),(6,4),(8,4),(8,6),(9,27),(9,9)
37,(0,1),(0,3),(1,0),(10,9),(12,15),(14,15),(15,16),(19,18),(3,0),(4,1),(4,5),(5,2),(6,3),(7,4),(9,28),(9,4)
38,(0,0),(0,4),(10,28),(10,8),(12,16),(15,15),(16,16),(20,18),(4,0),(4,4),(5,1),(6,2),(9,5)
39,(0,5),(10,27),(10,29),(10,5),(11,16),(11,28),(11,8),(16,15),(16,17),(20,17),(6,1)
40,(10,16),(10,26),(10,30),(11,15),(11,29),(11,5),(11,9),(12,28),(16,14),(17,17),(21,17),(6,0),(7,1),(9,29)
41,(10,25),(10,31),(11,14),(11,26),(11,30),(11,4),(12,27),(12,9),(13,28),(15,14),(16,13),(17,14),(18,17),(22,17),(7,2),(9,16)
42,(10,24),(11,13),(11,27),(11,31),(12,10),(12,14),(12,30),(12,4),(12,8),(13,27),(13,29),(14,28),(15,13),(16,12),(17,13),(18,14),(18,16),(22,18),(7,3),(8,16)
43,(10,13),(10,23),(11,10),(12,13),(12,29),(12,3),(12,31),(12,7),(13,30),(14,27),(14,29),(15,12),(17,16),(18,13),(23,18),(8,17),(8,3)
44,(10,10),(10,22),(11,7),(12,12),(13,3),(13,31),(13,7),(14,12),(14,26),(17,15),(18,12),(23,19),(24,18),(8,18),(9,13),(9,17),(9,3)
45,(10,3),(10,7),(11,22),(12,11),(13,12),(13,2),(13,26),(13,4),(13,8),(14,31),(15,26),(18,11),(18,15),(23,20),(24,19),(25,18),(7,18),(9,10),(9,12),(9,14),(9,18)
46,(10,12),(10,4),(10,6),(11,23),(12,2),(12,26),(13,1),(13,11),(13,13),(13,5),(14,2),(15,25),(15,27),(17,11),(19,11),(19,15),(23,21),(24,20),(25,17),(25,19),(26,18),(6,18),(7,17),(9,11),(9,15),(9,19)
47,(10,11),(10,15),(11,6),(12,1),(12,23),(12,25),(13,0),(13,10),(13,14),(13,6),(14,1),(14,11),(15,2),(16,11),(16,25),(17,12),(19,10),(20,15),(22,21),(23,22),(24,21),(25,16),(25,20),(26,19),(6,17),(6,19),(8,11),(8,19),(9,6)
48,(10,14),(11,1),(11,11),(11,25),(12,0),(12,24),(12,6),(13,9),(14,0),(14,10),(14,14),(14,6),(15,3),(16,26),(17,25),(20,10),(20,16),(21,21),(22,20),(22,22),(23,23),(24,16),(24,22),(25,15),(25,21),(26,16),(26,20),(27,19),(6,16),(6,20),(7,19),(8,12),(9,7)
49,(11,0),(11,12),(11,24),(12,5),(14,13),(14,3),(14,5),(14,7),(14,9),(15,0),(15,10),(16,27),(17,24),(17,26),(19,16),(20,21),(21,10),(21,22),(22,19),(22,23),(24,15),(24,17),(24,23),(26,17),(26,21),(27,18),(27,20),(28,19),(5,16),(5,20),(6,15),(6,21),(7,20),(8,13),(9,8)
50,(10,0),(14,4),(14,8),(15,1),(15,11),(15,9),(16,0),(16,28),(17,23),(18,24),(19,17),(20,22),(21,11),(21,19),(21,23),(23,17),(24,14),(25,23),(26,22),(27,17),(28,18),(28,20),(29,19),(4,16),(4,20),(5,15),(5,21),(7,13),(7,21)
51,(15,28),(15,8),(16,1),(16,29),(17,0),(18,23),(19,22),(19,24),(20,11),(20,19),(20,23),(21,18),(21,20),(21,24),(23,14),(23,16),(24,13),(25,22),(25,24),(26,23),(28,17),(29,18),(29,20),(4,15),(4,19),(5,22),(6,13),(8,21),(9,0)
52,(15,29),(15,7),(16,2),(16,30),(16,8),(17,1),(17,29),(18,22),(19,19),(19,23),(19,25),(20,12),(20,20),(20,24),(22,14),(22,16),(22,24),(24,12),(24,24),(25,25),(26,24),(27,23),(28,16),(29,17),(29,21),(3,15),(30,18),(30,20),(5,13),(5,19),(6,12),(6,22),(8,0),(8,20)
53,(15,30),(16,7),(17,2),(17,22),(17,8),(18,1),(18,25),(19,12),(19,20),(19,26),(20,25),(21,14),(21,16),(22,25),(23,24),(24,11),(24,25),(25,12),(25,26),(26,25),(27,22),(27,24),(29,16),(29,22),(3,16),(30,19),(30,21),(31,18),(7,0),(7,12),(8,1),(9,20)
54,(15,31),(17,21),(17,7),(17,9),(18,0),(18,2),(19,13),(19,21),(20,26),(21,13),(21,15),(22,26),(23,11),(23,25),(24,26),(25,27),(26,12),(26,26),(27,21),(27,25),(28,24),(29,15),(29,23),(3,17),(30,16),(30,22),(31,19),(7,11),(8,2)
55,(16,9),(17,20),(17,6),(18,21),(18,7),(19,0),(19,14),(19,2),(20,27),(21,12),(21,26),(22,13),(22,15),(23,10),(23,12),(23,26),(26,13),(26,27),(27,12),(27,26),(28,21),(28,23),(28,25),(29,14),(29,24),(3,18),(30,15),(30,17),(30,23),(31,16),(31,20),(7,10),(9,2)
56,(16,10),(16,6),(17,19),(17,5),(18,20),(18,6),(19,1),(19,27),(19,3),(20,0),(20,14),(20,28),(21,27),(22,12),(23,13),(23,15),(24,10),(25,13),(26,28),(27,11),(27,13),(27,27),(28,22),(28,26),(29,13),(29,25),(3,19),(30,14),(30,24),(31,15),(31,17),(31,21),(31,23),(4,18),(6,10),(8,10),(9,1)
57,(10,1),(16,5),(17,10),(18,19),(18,27),(18,3),(18,5),(19,28),(20,1),(20,13),(20,29),(21,0),(21,28),(22,11),(22,27),(25,10),(25,14),(27,10),(27,28),(28,11),(29,12),(29,26),(31,14),(31,22),(31,24),(5,18),(6,11)
58,(10,2),(15,5),(17,27),(17,3),(18,10),(18,26),(18,28),(18,4),(19,29),(21,1),(21,29),(22,10),(23,27),(25,9),(26,14),(27,29),(27,9),(28,12),(30,26),(5,17)
59,(11,2),(15,4),(15,6),(16,3),(17,4),(18,9),(19,30),(21,30),(22,1),(22,9),(24,27),(24,9),(25,8),(26,15),(26,29),(27,14),(27,30),(27,8),(28,13),(30,25),(4,17)
60,(11,3),(16,4),(18,30),(18,8),(20,30),(21,31),(22,0),(22,30),(23,9),(24,28),(25,7),(26,30),(26,8),(27,15),(27,7),(28,14),(31,25)
61,(18,31),(20,31),(22,29),(22,31),(23,0),(23,28),(26,31),(26,7),(26,9),(27,6),(28,15),(28,7),(31,26)
62,(17,31),(22,28),(23,31),(24,0),(25,31),(26,10),(26,6),(27,31),(27,5),(28,8),(31,27)
63,(23,30),(24,1),(24,31),(25,6),(26,11),(26,5),(28,9),(29,8),(30,27)
64,(23,29),(24,2),(25,11),(25,5),(26,4),(29,7),(29,9),(30,28)
65,(24,29),(24,3),(24,5),(26,3),(29,10),(29,28),(29,6)
66,(24,4),(24,6),(25,29),(26,2),(28,6),(29,27),(30,10)
67,(23,6),(25,2),(25,30),(25,4),(28,27),(30,11),(30,9),(31,10)
68,(23,7),(24,30),(25,3),(28,28),(30,8),(31,11),(31,9)
69,(24,7),(28,29),(30,7),(31,12),(31,8)
70,(24,8),(29,29),(31,13),(31,7)
71,(23,8),(29,30),(31,6)
72,(22,8),(28,30),(29,31),(30,6)
73,(22,7),(30,31),(30,5)
74,(22,6),(30,30),(31,5)
75,(21,6),(30,29),(31,30),(31,4)
76,(21,5),(21,7),(30,4),(31,29),(31,31)
77,(20,7),(22,5),(29,4),(31,28)
78,(19,7),(20,6),(23,5),(29,5)
79,(19,6),(19,8),(20,5),(23,4),(28,5)
80,(19,5),(19,9),(23,3),(28,4)
81,(19,4),(20,9),(22,3),(27,4)
82,(20,4),(21,3),(21,9),(27,3)
83,(20,3),(21,4),(21,8),(27,2)
84,(20,2),(20,8),(22,4),(27,1),(28,2)
85,(21,2),(27,0),(29,2)
86,(22,2),(26,0),(28,0),(29,3)
87,(23,2),(25,0),(28,1),(28,3),(30,3)
88,(23,1),(25,1),(29,1),(30,2)
89,(26,1),(30,1),(31,2)
90,(30,0),(31,1),(31,3)
91,(29,0),(31,0)
