0,(4,62)
1,(3,62)
2,(2,62)
3,(1,62)
4,(0,62),(1,63)
5,(0,61),(0,63),(2,63)
6,(0,60),(3,63)
7,(1,60),(4,63)
8,(1,61),(5,63)
9,(2,61),(5,62),(6,63)
10,(3,61),(5,61),(7,63)
11,(3,60),(5,60),(7,62)
12,(3,59),(4,60),(6,62)
13,(3,58),(4,61),(6,61)
14,(3,57),(6,60),(7,61)
15,(3,56)
16,(3,55)
17,(3,54)
18,(4,54)
19,(4,53)
20,(3,53),(5,53)
21,(3,52),(5,52),(5,54),(6,53)
22,(2,52),(4,52),(5,55),(6,52),(6,54),(7,53)
23,(6,51),(6,55),(7,54),(8,53)
24,(6,56),(7,51),(7,55),(9,53)
25,(10,53),(5,56),(7,52),(7,56),(8,55)
26,(10,52),(11,53),(4,56),(7,57),(8,52),(8,54),(8,56)
27,(11,52),(11,54),(4,55),(6,57),(9,52),(9,54),(9,56)
28,(10,54),(10,56),(11,51),(12,52),(5,57),(6,58),(9,51),(9,55),(9,57)
29,(10,51),(10,55),(10,57),(11,56),(12,51),(4,57),(5,58),(8,51),(8,57)
30,(11,57),(12,50),(12,56),(13,51),(4,58),(8,50),(8,58)
31,(11,50),(11,58),(12,55),(12,57),(13,50),(13,52),(4,59),(7,58),(8,49),(8,59)
32,(10,50),(11,55),(12,58),(13,53),(13,57),(5,59),(7,49),(8,48),(9,59)
33,(10,59),(12,59),(13,54),(13,56),(13,58),(14,57),(6,59),(7,48),(7,50),(9,50)
34,(10,58),(10,60),(11,59),(12,54),(13,55),(6,48),(6,50),(7,59),(9,49)
35,(10,49),(12,53),(5,48),(5,50),(7,60),(9,58),(9,60)
36,(10,48),(5,49),(5,51),(8,60),(9,61)
37,(11,48),(4,51),(6,49),(8,61),(9,48),(9,62)
38,(10,62),(11,47),(11,49),(12,48),(3,51),(8,62),(9,47)
39,(10,47),(11,62),(12,47),(12,49),(2,51),(8,63)
40,(12,46),(12,62),(13,49),(2,50),(9,63)
41,(10,63),(12,61),(13,46),(13,48),(3,50)
42,(11,63),(12,60),(13,47),(14,46),(3,49)
43,(11,60),(12,63),(14,47),(2,49)
44,(1,49),(11,61),(13,63),(14,48)
45,(1,48),(10,61),(13,62),(14,49),(14,63)
46,(0,48),(14,50),(14,62)
47,(0,47),(0,49),(14,51),(14,61)
48,(0,50),(1,47),(13,61),(14,52),(14,60)
49,(1,50),(13,60),(15,52),(2,47)
50,(1,51),(13,59),(15,51),(3,47)
51,(1,52),(14,59),(15,50),(3,48)
52,(1,53),(15,49),(15,59),(16,50),(2,48),(4,48)
53,(0,53),(15,48),(15,60),(16,49),(16,51),(2,53),(4,47),(4,49)
54,(0,52),(15,47),(15,61),(16,48),(16,52),(17,49),(17,51),(2,54),(4,50),(5,47)
55,(0,51),(1,54),(15,46),(15,62),(17,48),(17,50),(17,52),(18,49),(6,47)
56,(0,54),(15,45),(15,63),(17,53),(18,48),(18,50),(18,52),(19,49),(7,47)
57,(0,55),(16,45),(16,53),(16,63),(17,54),(18,51),(18,53),(8,47)
58,(0,56),(15,53),(16,46),(16,54),(16,62),(18,54),(19,51),(8,46)
59,(1,56),(15,54),(16,47),(16,61),(19,50),(19,54),(7,46),(8,45)
60,(1,55),(15,55),(17,47),(17,61),(19,53),(20,50),(6,46),(7,45)
61,(16,55),(18,47),(19,52),(2,55),(20,49),(20,53),(5,46),(6,45)
62,(17,55),(18,46),(19,47),(2,56),(20,52),(21,49),(21,53),(5,45),(6,44)
63,(18,55),(19,46),(19,48),(2,57),(20,51),(21,48),(21,52),(4,45),(5,44),(6,43)
64,(1,57),(19,45),(19,55),(21,47),(21,51),(22,52),(4,44),(4,46),(5,43),(6,42)
65,(0,57),(19,44),(19,56),(21,50),(22,47),(22,53),(3,44),(3,46),(4,43),(5,42)
66,(0,58),(18,44),(19,57),(2,46),(22,48),(23,53),(3,43),(3,45),(4,42),(5,41)
67,(0,59),(1,46),(18,43),(18,45),(18,57),(2,43),(2,45),(20,57),(22,49),(23,52),(3,42),(6,41)
68,(1,43),(1,45),(1,59),(17,43),(18,56),(19,43),(2,44),(22,50),(23,51),(3,41),(7,41)
69,(1,44),(1,58),(17,44),(17,56),(19,42),(22,51),(4,41),(7,42)
70,(0,44),(17,45),(17,57),(19,41),(2,58),(4,40),(8,42)
71,(0,43),(0,45),(17,46),(17,58),(19,40),(2,59),(3,40),(8,41),(8,43)
72,(0,42),(0,46),(18,40),(18,58),(2,60),(3,39),(8,40),(9,43)
73,(1,42),(18,39),(18,59),(4,39),(9,40),(9,42)
74,(10,42),(17,39),(17,59),(2,42),(4,38),(9,41)
75,(10,41),(17,38),(17,60),(2,41),(5,38)
76,(11,41),(16,60),(17,37),(2,40),(5,37),(5,39)
77,(12,41),(16,37),(16,59),(5,36),(5,40)
78,(13,41),(15,37),(16,36),(16,58),(4,36),(6,40)
79,(13,42),(15,36),(15,38),(16,57),(4,35),(4,37),(7,40)
80,(13,43),(15,35),(15,57),(16,38),(7,39)
81,(14,43),(15,56),(15,58),(16,35),(16,39),(6,39)
82,(14,56),(15,43),(16,34),(16,40),(16,56),(17,35),(6,38)
83,(14,55),(15,34),(15,44),(16,41),(18,35),(7,38)
84,(14,34),(14,44),(14,54),(15,41),(16,44),(18,36),(8,38)
85,(14,33),(14,45),(14,53),(15,40),(16,43),(17,36),(18,37),(8,39)
86,(13,45),(15,39),(16,42),(18,38),(9,39)
87,(12,45),(13,44),(14,39),(17,42),(9,38)
88,(11,45),(12,44),(14,38),(14,40),(18,42),(9,37)
89,(11,44),(11,46),(13,40),(14,37),(14,41),(18,41),(8,37)
90,(10,44),(10,46),(12,40),(14,36),(14,42),(17,41),(7,37)
91,(10,43),(11,40),(13,36),(14,35),(15,42),(17,40),(6,37),(9,46)
92,(10,40),(11,43),(13,35),(9,45)
93,(10,39),(10,45),(12,35),(12,43),(13,34),(9,44)
94,(10,38),(11,39),(12,34),(12,36),(12,42),(8,44)
95,(10,37),(11,42),(12,33),(12,37),(7,44)
96,(11,37),(12,32),(13,33),(13,37),(7,43)
97,(11,32),(11,36),(11,38),(13,32),(13,38)
98,(10,36),(11,31),(12,38),(14,32)
99,(12,31),(12,39),(14,31),(9,36)
100,(12,30),(13,31),(13,39),(14,30),(8,36)
101,(11,30),(13,30),(14,29),(15,30),(8,35)
102,(11,29),(13,29),(14,28),(15,29),(7,35)
103,(11,28),(12,29),(14,27),(15,28),(7,36)
104,(12,28),(16,28),(6,36)
105,(13,28),(16,27),(6,35)
106,(13,27),(15,27),(5,35)
107,(12,27),(15,26),(5,34)
108,(11,27),(14,26),(15,25),(4,34)
109,(10,27),(13,26),(15,24),(4,33)
110,(13,25),(16,24),(5,33),(9,27)
111,(14,25),(17,24),(6,33),(9,26)
112,(14,24),(17,23),(6,34),(9,25)
113,(10,25),(14,23),(16,23),(7,34),(9,24)
114,(10,24),(10,26),(14,22),(15,23),(8,24),(8,34),(9,23)
115,(10,23),(11,26),(13,22),(14,21),(15,22),(8,23),(8,33),(9,22)
116,(10,22),(12,26),(13,23),(14,20),(16,22),(7,33),(8,22),(9,33)
117,(11,22),(12,23),(12,25),(14,19),(17,22),(7,22),(7,32),(9,32)
118,(11,23),(11,25),(12,22),(12,24),(14,18),(15,19),(17,21),(7,23),(7,31),(8,32),(9,31)
119,(10,31),(11,24),(12,21),(13,24),(14,17),(15,18),(15,20),(17,20),(7,24),(8,31)
120,(10,30),(10,32),(13,17),(13,21),(14,16),(15,17),(15,21),(17,19),(18,20),(7,25),(8,30)
121,(10,29),(10,33),(12,17),(13,16),(13,18),(13,20),(16,17),(16,21),(18,21),(6,25),(8,25),(9,30)
122,(10,28),(11,17),(11,33),(12,16),(12,18),(12,20),(13,15),(16,16),(16,20),(18,22),(5,25)
123,(11,16),(11,18),(11,20),(11,34),(13,14),(15,16),(16,19),(17,16),(19,22),(5,24),(5,26),(9,28)
124,(10,16),(10,18),(10,34),(11,15),(11,21),(12,14),(14,14),(15,15),(16,18),(18,16),(20,22),(4,26),(6,24),(6,26),(9,29)
125,(10,15),(10,17),(10,19),(10,21),(11,14),(12,13),(12,15),(14,15),(15,14),(16,15),(17,18),(19,16),(20,23),(4,25),(6,23),(7,26),(8,29),(9,16),(9,34)
126,(10,14),(11,19),(12,12),(16,14),(17,15),(18,18),(19,15),(19,17),(19,23),(21,23),(3,25),(6,22),(8,26),(8,28),(9,19),(9,21),(9,35)
127,(10,35),(11,12),(12,19),(13,12),(17,14),(18,15),(18,17),(18,19),(18,23),(19,24),(21,22),(3,24),(3,26),(5,22),(8,21),(8,27),(9,14),(9,18),(9,20)
128,(10,12),(10,20),(11,11),(11,13),(11,35),(13,19),(14,12),(17,17),(18,14),(19,19),(19,25),(21,21),(4,24),(5,21),(5,23),(7,21),(7,27),(8,14),(8,20)
129,(10,11),(14,13),(18,25),(19,14),(20,19),(20,21),(4,21),(6,21),(7,14),(7,20),(7,28),(8,15),(9,12)
130,(10,10),(15,13),(17,25),(19,21),(20,14),(20,18),(20,20),(6,14),(6,20),(6,28),(7,19),(8,12),(9,11),(9,13)
131,(10,13),(10,9),(16,13),(17,26),(19,18),(19,20),(20,17),(21,14),(21,20),(5,28),(6,13),(6,19),(6,27),(7,12),(8,11),(8,13),(8,19),(9,10)
132,(11,9),(16,26),(17,13),(20,16),(21,15),(21,17),(22,20),(5,13),(5,27),(6,12),(6,18),(7,11),(7,13),(8,18),(9,9)
133,(11,10),(11,8),(12,9),(16,25),(18,13),(20,15),(21,16),(22,17),(23,20),(4,27),(5,12),(5,14),(5,18),(6,11),(7,10),(7,18),(8,17),(8,9)
134,(10,8),(11,7),(12,10),(12,8),(13,9),(19,13),(22,16),(23,17),(23,19),(23,21),(3,27),(4,14),(4,28),(5,11),(5,15),(5,17),(6,10),(7,17),(7,9),(8,10),(9,17)
135,(10,7),(11,6),(12,11),(12,7),(13,10),(13,8),(14,9),(22,19),(22,21),(23,16),(23,18),(24,19),(24,21),(3,28),(4,13),(4,15),(4,17),(5,10),(6,15),(6,9),(7,16),(7,8),(9,8)
136,(10,6),(11,5),(12,6),(13,7),(14,10),(14,8),(2,28),(22,18),(22,22),(24,16),(24,20),(24,22),(25,19),(3,13),(3,17),(3,29),(4,10),(5,9),(6,16),(6,8),(7,7),(8,16),(8,8)
137,(10,5),(11,4),(12,5),(13,6),(14,7),(15,8),(21,18),(22,23),(24,17),(24,23),(25,20),(3,10),(3,12),(3,16),(4,29),(5,8),(6,17),(8,7),(9,6)
138,(10,4),(12,4),(14,6),(15,7),(15,9),(16,8),(2,10),(2,12),(2,16),(21,19),(22,24),(24,18),(25,17),(25,21),(25,23),(26,20),(4,12),(4,16),(4,30),(4,8),(5,7),(8,6),(9,7)
139,(1,16),(10,3),(13,4),(14,5),(15,10),(15,6),(16,9),(2,9),(21,24),(25,18),(25,22),(26,17),(26,21),(27,20),(4,11),(4,31),(4,7),(4,9),(6,7),(8,5)
140,(0,16),(1,15),(1,17),(13,5),(14,4),(15,11),(15,5),(16,10),(16,6),(17,9),(20,24),(26,16),(26,18),(26,22),(27,21),(3,11),(3,31),(3,9),(5,31),(6,6),(8,4),(9,3),(9,5)
141,(0,17),(1,18),(15,4),(16,11),(16,7),(17,10),(17,6),(2,11),(2,15),(2,17),(20,25),(26,19),(26,23),(27,16),(27,22),(28,21),(3,30),(3,8),(5,30),(5,6),(7,6),(8,3),(9,2)
142,(0,18),(1,11),(16,12),(17,11),(17,7),(18,10),(18,6),(2,14),(2,18),(2,30),(2,8),(20,26),(26,24),(27,15),(28,22),(29,21),(4,6),(5,29)
143,(0,11),(0,19),(1,10),(1,12),(1,14),(1,8),(17,12),(18,11),(18,7),(18,9),(19,26),(2,13),(2,19),(2,31),(26,15),(27,14),(27,24),(28,15),(29,20),(29,22),(3,14),(4,5),(6,29)
144,(0,10),(0,12),(1,13),(1,19),(1,31),(1,9),(18,12),(18,26),(18,8),(19,7),(25,15),(27,13),(27,23),(28,14),(28,16),(28,20),(29,23),(3,15),(3,19),(30,22),(4,4),(5,5),(7,29)
145,(0,13),(0,31),(0,9),(18,27),(19,6),(25,14),(26,13),(28,17),(28,19),(28,23),(29,14),(3,18),(3,4),(30,21),(5,4),(6,5),(7,30)
146,(0,14),(0,30),(0,32),(17,27),(19,27),(19,5),(20,6),(25,13),(26,14),(27,17),(28,18),(28,24),(29,13),(29,15),(29,17),(3,5),(30,14),(31,21),(4,18),(6,30),(6,4),(7,5)
147,(0,15),(1,30),(1,32),(17,28),(18,5),(2,5),(20,27),(21,6),(24,13),(27,18),(28,13),(29,16),(29,18),(29,24),(3,6),(30,13),(30,15),(31,22),(4,19),(6,31)
148,(1,33),(17,5),(18,28),(2,4),(2,6),(20,28),(22,6),(24,14),(28,12),(29,25),(30,16),(32,22),(5,19),(6,32)
149,(0,33),(16,5),(19,28),(2,7),(21,28),(23,14),(28,11),(28,25),(29,12),(30,17),(33,22),(5,20),(5,32)
150,(1,7),(16,4),(19,29),(21,27),(23,13),(27,25),(29,11),(3,7),(30,18),(33,21),(4,20),(4,32)
151,(0,7),(16,3),(17,4),(20,29),(22,27),(23,12),(26,25),(3,20),(3,32),(30,11),(30,19),(34,21)
152,(0,6),(0,8),(15,3),(17,3),(18,4),(2,20),(2,32),(20,30),(23,11),(23,27),(24,12),(26,26),(29,19),(30,12),(31,19),(34,20)
153,(1,20),(1,6),(14,3),(2,33),(21,30),(24,11),(24,27),(25,26),(27,26),(31,12),(31,20),(33,20)
154,(0,20),(1,5),(13,3),(2,34),(21,31),(22,30),(24,26),(25,11),(25,27),(27,27),(30,20),(32,12),(32,20),(33,19)
155,(0,21),(1,34),(1,4),(12,3),(13,2),(22,29),(22,31),(23,26),(24,25),(25,12),(26,27),(28,27),(32,11),(32,19),(32,21),(33,12),(34,19)
156,(0,22),(0,34),(0,4),(1,3),(11,3),(12,2),(21,29),(22,32),(23,25),(23,29),(25,25),(26,12),(26,28),(28,28),(32,10),(33,11),(33,13),(35,19)
157,(0,23),(0,3),(0,35),(0,5),(11,2),(12,1),(21,32),(22,25),(22,33),(23,24),(23,30),(26,11),(27,28),(29,28),(32,13),(33,10),(35,18)
158,(0,2),(0,24),(0,36),(10,2),(11,1),(12,0),(21,33),(22,26),(23,23),(23,31),(24,24),(27,11),(27,29),(29,27),(31,13),(33,9),(34,18)
159,(0,1),(0,25),(0,37),(1,2),(1,24),(11,0),(20,33),(21,26),(23,22),(23,32),(25,24),(27,10),(27,12),(27,30),(30,27),(31,14),(33,8),(34,17)
160,(0,0),(0,26),(1,1),(1,23),(1,25),(1,37),(10,0),(19,33),(21,25),(23,33),(24,32),(26,10),(28,10),(28,30),(31,15),(31,27),(32,8),(34,16)
161,(0,27),(1,0),(1,26),(1,36),(18,33),(2,23),(2,25),(23,34),(24,33),(25,10),(28,29),(29,10),(31,16),(32,27),(32,9),(33,16),(9,0)
162,(0,28),(1,27),(1,35),(17,33),(18,32),(2,0),(2,24),(2,26),(22,34),(24,10),(24,34),(29,29),(3,23),(31,9),(32,16),(33,17),(8,0),(9,1)
163,(1,28),(10,1),(17,34),(19,32),(2,1),(2,27),(2,35),(22,35),(23,10),(24,35),(30,29),(31,10),(31,8),(32,15),(32,17),(33,18),(4,23),(8,1)
164,(1,29),(18,34),(19,31),(2,2),(2,36),(20,32),(21,35),(22,10),(23,35),(3,35),(30,10),(30,28),(31,11),(31,17),(31,29),(31,7),(32,14),(32,18),(4,22),(7,1),(8,2)
165,(19,30),(19,34),(2,29),(2,3),(20,31),(20,35),(22,9),(23,36),(3,2),(3,22),(3,34),(3,36),(30,9),(31,18),(31,28),(31,30),(32,7),(33,14),(6,1)
166,(18,30),(19,35),(20,34),(21,9),(24,36),(29,9),(3,21),(3,3),(3,33),(3,37),(31,31),(32,6),(34,14),(5,1),(6,0)
167,(18,31),(19,36),(2,21),(2,37),(21,10),(21,34),(24,37),(25,36),(28,9),(32,31),(32,5),(34,15),(4,1),(4,3),(5,0),(5,2),(7,0)
168,(17,31),(19,37),(2,22),(2,38),(20,10),(24,38),(25,35),(25,37),(27,9),(3,1),(31,5),(32,30),(33,15),(33,5),(4,0),(4,2),(5,3),(6,2)
169,(1,22),(16,31),(2,39),(20,11),(20,9),(25,34),(25,38),(27,8),(3,0),(3,38),(33,30),(33,4),(33,6),(6,3),(7,2)
170,(1,21),(1,39),(16,30),(16,32),(19,11),(25,33),(25,39),(28,8),(33,3),(33,31),(33,7),(34,30),(34,4),(7,3)
171,(1,40),(16,33),(17,30),(17,32),(19,10),(19,12),(24,39),(26,33),(29,8),(32,3),(33,2),(33,32),(34,29),(34,3),(34,31),(34,7),(7,4)
172,(1,41),(15,33),(17,29),(19,9),(20,12),(23,39),(26,32),(27,33),(29,7),(31,3),(32,32),(33,29),(34,2),(34,32),(34,8)
173,(0,41),(15,32),(16,29),(18,29),(19,8),(20,13),(23,38),(25,32),(27,32),(28,7),(31,2),(31,32),(31,4),(33,28),(34,33),(34,9),(35,2)
174,(0,40),(15,31),(20,8),(21,13),(23,37),(25,31),(27,31),(27,7),(30,2),(30,32),(30,4),(32,28),(32,4),(33,33),(34,10),(35,3),(35,9)
175,(0,39),(20,7),(21,12),(22,37),(24,31),(26,31),(27,6),(29,2),(29,32),(29,4),(30,3),(32,29),(33,34),(34,11),(35,4),(36,9)
176,(0,38),(21,11),(21,7),(22,36),(24,30),(26,30),(28,6),(29,3),(29,33),(34,12),(34,34),(35,5),(37,9)
177,(1,38),(21,36),(21,8),(22,11),(24,29),(26,29),(28,3),(28,5),(30,33),(34,13),(34,35),(34,5),(38,9)
178,(20,36),(22,12),(22,8),(24,28),(25,29),(28,2),(28,4),(29,5),(30,34),(34,6),(35,13),(35,35),(38,10),(39,9)
179,(20,37),(22,13),(22,7),(23,28),(25,28),(25,30),(27,4),(28,1),(29,34),(29,6),(30,35),(35,36),(36,13),(38,11),(40,9)
180,(21,37),(22,14),(22,28),(23,7),(26,4),(27,5),(29,1),(29,35),(30,6),(31,35),(35,37),(36,12),(36,14),(37,11),(38,12),(40,8)
181,(21,38),(22,15),(23,8),(26,3),(29,0),(30,5),(30,7),(31,34),(31,6),(35,14),(35,38),(36,11),(37,12),(40,7)
182,(20,38),(23,15),(23,9),(27,3),(28,0),(30,8),(31,33),(35,11),(35,39),(39,7)
183,(19,38),(24,15),(24,9),(27,0),(27,2),(32,33),(34,39),(35,10),(39,8)
184,(19,39),(24,8),(26,0),(27,1),(32,34),(34,38),(36,10),(38,8)
185,(20,39),(24,7),(25,0),(26,1),(32,35),(34,37),(37,10),(37,8)
186,(20,40),(24,0),(24,6),(26,2),(33,35),(34,36),(37,7)
187,(20,41),(23,0),(23,6),(25,2),(33,36),(38,7)
188,(20,42),(22,0),(23,5),(25,3),(33,37),(38,6)
189,(20,43),(21,0),(21,42),(22,5),(24,3),(32,37),(37,6),(38,5)
190,(20,0),(21,41),(21,43),(22,4),(24,2),(32,36),(32,38),(37,5),(38,4)
191,(19,0),(21,4),(21,44),(23,2),(31,36),(33,38),(36,5),(38,3)
192,(19,1),(21,5),(22,2),(22,44),(30,36),(33,39),(36,6),(38,2)
193,(19,2),(20,5),(22,3),(23,44),(30,37),(32,39),(35,6),(39,2)
194,(19,3),(20,4),(21,3),(23,3),(23,43),(30,38),(31,39),(35,7),(39,3),(40,2)
195,(18,3),(19,4),(20,3),(21,2),(22,43),(23,4),(30,39),(31,38),(36,7),(40,3)
196,(18,2),(20,2),(22,42),(24,4),(30,40),(31,37),(36,8),(40,4)
197,(17,2),(20,1),(22,41),(25,4),(29,40),(30,41),(35,8),(39,4)
198,(16,2),(21,1),(22,40),(23,41),(25,5),(29,39),(29,41),(30,42)
199,(15,2),(21,40),(22,1),(23,42),(24,5),(26,5),(28,41),(29,38),(29,42)
200,(14,2),(21,39),(23,1),(24,42),(26,6),(27,41),(28,38),(28,42)
201,(14,1),(22,39),(24,1),(24,43),(26,7),(27,38),(27,40),(27,42),(28,43)
202,(13,1),(22,38),(24,44),(25,1),(26,8),(27,39),(27,43),(28,40),(29,43)
203,(13,0),(26,39),(26,43),(26,9),(28,39),(30,43)
204,(14,0),(25,9),(26,38),(26,44),(30,44)
205,(15,0),(25,44),(25,8),(26,37),(30,45)
206,(15,1),(25,43),(25,45),(25,7),(26,36),(29,45)
207,(16,1),(25,42),(25,46),(25,6),(26,35),(29,44)
208,(17,1),(24,46),(25,41),(26,34),(28,44)
209,(18,1),(24,41),(24,45),(27,34),(27,44)
210,(18,0),(23,45),(24,40),(28,34)
211,(17,0),(22,45),(23,40),(25,40),(28,33),(28,35)
212,(16,0),(21,45),(26,40),(27,35),(28,32)
213,(21,46),(26,41),(27,36),(28,31)
214,(20,46),(22,46),(26,42),(27,37),(29,31)
215,(20,45),(20,47),(23,46),(28,37),(30,31)
216,(20,44),(20,48),(23,47),(29,37),(30,30)
217,(23,48),(29,30),(29,36)
218,(23,49),(28,36)
219,(24,49)
220,(24,50),(25,49)
221,(23,50),(24,51),(25,50)
222,(24,52),(25,51)
223,(25,52),(26,51)
224,(26,50),(26,52)
225,(26,53)
226,(25,53)
227,(25,54)
228,(26,54)
229,(27,54)
230,(28,54)
231,(28,55)
232,(28,56),(29,55)
233,(29,56),(30,55)
234,(30,56),(31,55)
235,(30,57),(31,54),(31,56),(32,55)
236,(29,57),(30,54),(30,58),(31,57),(32,54),(32,56),(33,55)
237,(28,57),(29,54),(30,53),(32,53),(32,57),(33,54),(33,56)
238,(28,58),(29,53),(32,58),(33,57),(34,54),(34,56)
239,(28,59),(29,52),(29,58),(33,58),(34,53),(34,55),(34,57)
240,(28,60),(29,51),(29,59),(30,52),(34,58),(35,55)
241,(27,60),(28,51),(29,60),(30,59),(31,52),(35,54)
242,(26,60),(27,61),(28,52),(30,60),(31,51),(31,53),(31,59),(32,52),(35,53)
243,(26,61),(28,53),(28,61),(30,51),(31,60),(32,51),(32,59),(33,52),(36,53)
244,(26,62),(27,53),(29,61),(30,50),(32,50),(32,60),(33,53),(33,59),(36,52),(36,54)
245,(27,52),(27,62),(29,50),(29,62),(30,61),(31,50),(32,49),(33,60),(34,59),(36,51),(37,54)
246,(27,51),(27,63),(28,50),(28,62),(30,62),(31,61),(33,49),(33,61),(34,60),(35,51)
247,(26,63),(27,50),(28,63),(30,63),(31,62),(33,48),(33,62),(34,49),(34,51),(34,61),(35,60)
248,(25,63),(29,63),(31,63),(32,48),(32,62),(33,51),(34,52),(34,62),(35,49),(35,61)
249,(25,62),(32,47),(32,61),(32,63),(33,50),(35,52),(35,62),(36,49),(36,61)
250,(24,62),(25,61),(32,46),(33,63),(34,50),(35,63),(36,48),(36,62),(37,49)
251,(24,61),(24,63),(31,46),(34,63),(35,48),(35,50),(36,63),(37,48),(37,62)
252,(23,61),(23,63),(30,46),(35,47),(36,50),(37,47),(38,62)
253,(22,61),(23,62),(30,47),(35,46),(36,47),(38,47),(38,63)
254,(22,60),(22,62),(29,47),(36,46),(39,47)
255,(21,60),(22,59),(22,63),(29,46),(37,46),(39,46),(40,47)
256,(21,59),(21,63),(22,58),(23,59),(28,46),(38,46),(39,45),(41,47)
257,(20,59),(20,63),(22,57),(23,58),(28,45),(38,45),(40,45),(41,48)
258,(19,59),(19,63),(22,56),(23,57),(24,58),(27,45),(38,44),(40,46),(40,48)
259,(18,63),(19,58),(23,56),(24,57),(25,58),(26,45),(38,43),(39,48),(40,49),(41,46)
260,(17,63),(20,58),(24,56),(26,46),(26,58),(37,43),(39,49),(40,50),(41,45),(41,49),(42,46)
261,(17,62),(21,58),(25,56),(26,59),(27,46),(36,43),(37,44),(38,49),(41,44)
262,(18,62),(21,57),(25,55),(25,59),(27,47),(35,43),(37,45),(38,48),(40,44)
263,(18,61),(21,56),(24,59),(26,47),(26,55),(34,43),(35,42),(35,44),(36,45),(39,44)
264,(18,60),(20,56),(24,60),(25,47),(27,55),(34,42),(34,44),(35,45),(36,42),(36,44),(39,43)
265,(19,60),(20,55),(23,60),(24,47),(25,60),(27,56),(34,41),(37,42),(40,43)
266,(20,60),(21,55),(24,48),(26,56),(33,41),(38,42)
267,(20,61),(22,55),(25,48),(26,57),(32,41),(33,42),(38,41)
268,(21,61),(23,55),(25,57),(26,48),(27,57),(32,42),(37,41)
269,(21,62),(23,54),(24,55),(26,49),(27,58),(31,42),(37,40)
270,(20,62),(22,54),(24,54),(27,49),(27,59),(31,41),(31,43),(36,40)
271,(19,62),(21,54),(24,53),(27,48),(28,49),(31,40),(32,43),(36,39)
272,(19,61),(20,54),(28,48),(29,49),(32,40),(32,44),(33,43),(36,38)
273,(28,47),(29,48),(31,44),(33,40),(33,44),(36,37)
274,(30,48),(31,45),(34,40),(36,36)
275,(30,49),(32,45),(35,40),(36,35)
276,(31,49),(33,45),(35,41),(37,35)
277,(31,48),(34,45),(36,41),(38,35)
278,(31,47),(34,46),(38,36)
279,(33,46),(37,36)
280,(33,47),(37,37)
281,(34,47),(37,38),(38,37)
282,(34,48),(37,39),(38,38)
283,(38,39),(39,38)
284,(39,39),(40,38)
285,(39,40),(40,37)
286,(38,40),(39,37),(40,40)
287,(39,36),(41,40)
288,(40,36),(41,41)
289,(40,35),(40,41)
290,(39,41),(41,35)
291,(39,42),(41,36),(42,35)
292,(40,42),(41,37),(42,36)
293,(41,42),(42,37),(43,36)
294,(41,43),(43,35),(43,37)
295,(42,43),(43,34),(43,38)
296,(42,38),(43,33),(43,39),(43,43),(44,38)
297,(42,33),(42,39),(43,44),(44,39),(45,38)
298,(41,33),(41,39),(42,32),(42,44),(44,40),(45,37),(45,39),(46,38)
299,(40,39),(41,32),(41,34),(41,38),(42,45),(43,32),(44,37),(44,41),(45,40),(46,39),(47,38)
300,(40,34),(41,31),(42,34),(43,31),(43,41),(43,45),(44,32),(44,36),(45,41),(47,37),(47,39),(48,38)
301,(39,34),(42,31),(43,42),(43,46),(44,33),(44,45),(45,36),(46,41),(47,36),(48,37)
302,(39,33),(39,35),(42,30),(42,42),(43,47),(44,34),(44,46),(46,36),(47,35),(47,41)
303,(38,33),(40,33),(42,41),(42,47),(43,30),(43,48),(44,47),(45,34),(46,35),(46,37),(47,42)
304,(37,33),(42,40),(42,48),(43,29),(44,48),(45,35),(46,34),(46,42)
305,(36,33),(37,32),(42,49),(43,28),(43,40),(44,35),(45,42),(45,48),(47,34)
306,(38,32),(42,28),(42,50),(44,42),(45,49),(46,48),(48,34)
307,(39,32),(41,28),(41,50),(44,49),(45,50),(46,47),(48,35),(49,34)
308,(40,28),(40,32),(41,51),(43,49),(45,51),(46,46),(49,33),(49,35)
309,(40,27),(40,31),(42,51),(43,50),(45,52),(47,46),(49,32),(49,36)
310,(40,30),(41,27),(42,52),(43,51),(46,52),(47,45),(48,32),(49,37),(50,32)
311,(41,26),(41,30),(42,27),(42,53),(44,51),(46,51),(47,44),(48,31),(49,38),(50,31)
312,(40,26),(41,29),(42,26),(43,27),(43,53),(44,50),(46,44),(47,51),(48,30),(49,39),(50,30),(50,38)
313,(39,26),(42,29),(43,26),(43,52),(45,44),(47,30),(47,52),(48,39),(49,30),(49,40),(50,39),(51,30),(51,38)
314,(38,26),(39,27),(43,25),(44,52),(45,45),(46,30),(48,40),(48,52),(49,31),(49,41),(50,40),(51,29),(51,39),(52,38)
315,(37,26),(38,27),(43,24),(44,53),(45,46),(46,31),(46,45),(47,40),(48,41),(48,51),(50,41),(51,40),(52,29),(52,39),(53,38)
316,(36,26),(37,27),(43,23),(45,53),(46,32),(48,42),(48,50),(50,42),(51,41),(52,28),(52,40),(53,37)
317,(36,25),(36,27),(44,23),(45,54),(46,33),(47,32),(47,50),(49,42),(51,42),(52,27),(52,41),(53,36)
318,(35,27),(36,24),(44,54),(45,23),(45,33),(47,31),(47,33),(47,49),(49,43),(51,27),(52,42),(53,41),(54,36)
319,(35,28),(36,23),(43,54),(45,22),(45,32),(46,23),(46,49),(48,33),(50,27),(50,43),(53,40),(53,42),(54,35),(55,36)
320,(34,28),(35,29),(37,23),(43,55),(44,22),(45,31),(46,24),(46,50),(49,27),(50,44),(53,39),(53,43),(54,40),(55,35),(55,37)
321,(34,27),(35,30),(36,29),(37,24),(43,56),(44,21),(44,31),(45,24),(49,28),(49,44),(53,44),(54,37),(54,39),(54,41),(55,34),(55,38),(56,35)
322,(33,27),(36,30),(37,25),(37,29),(42,56),(44,24),(44,30),(44,56),(45,21),(48,44),(49,29),(50,28),(53,45),(54,38),(54,42),(55,41),(56,34),(56,36),(56,38),(57,35)
323,(33,26),(36,31),(37,28),(38,25),(42,55),(44,25),(44,55),(45,30),(46,21),(48,43),(50,29),(51,28),(52,45),(54,43),(55,42),(56,33),(56,41),(57,36),(57,38),(58,35)
324,(32,26),(35,31),(36,28),(36,32),(38,24),(38,28),(41,55),(42,54),(44,26),(45,25),(45,29),(45,55),(46,22),(47,43),(51,45),(54,44),(55,33),(55,43),(56,32),(56,40),(56,42),(57,33),(57,37),(58,36),(58,38)
325,(32,25),(35,32),(38,23),(39,24),(39,28),(40,55),(41,56),(45,56),(46,25),(46,29),(46,43),(47,22),(51,44),(54,45),(55,32),(55,40),(55,44),(56,43),(57,32),(57,34),(57,42),(58,33),(58,37),(58,39),(59,36),(59,38)
326,(31,25),(33,25),(35,33),(39,29),(40,24),(40,56),(41,57),(45,43),(45,57),(47,25),(47,29),(48,22),(51,43),(55,31),(55,39),(55,45),(57,31),(57,43),(58,32),(58,34),(59,33),(59,37),(59,39),(60,36),(60,38)
327,(30,25),(31,26),(34,25),(35,34),(39,30),(40,23),(40,29),(42,57),(44,43),(44,57),(45,58),(47,24),(47,28),(49,22),(52,43),(54,31),(56,31),(56,39),(57,44),(58,31),(58,43),(59,32),(59,34),(59,40),(60,37),(60,39),(61,38)
328,(30,26),(34,26),(36,34),(39,23),(39,31),(42,58),(44,44),(44,58),(46,28),(46,58),(48,24),(48,28),(49,21),(52,44),(53,31),(57,39),(58,40),(59,31),(59,43),(60,32),(60,40),(61,39),(62,38)
329,(29,26),(35,26),(37,34),(38,31),(39,22),(41,58),(44,59),(45,28),(46,59),(47,58),(48,23),(49,20),(50,21),(53,32),(57,40),(58,41),(59,44),(60,31),(60,33),(60,41),(60,43),(61,32),(61,40),(62,39),(63,38)
330,(28,26),(35,25),(37,31),(38,22),(38,34),(41,59),(43,59),(44,28),(45,59),(47,23),(47,59),(48,20),(50,20),(50,22),(54,32),(57,41),(58,42),(59,41),(60,30),(60,34),(60,44),(61,31),(61,33),(61,41),(62,32),(62,40),(63,39)
331,(35,24),(37,22),(37,30),(40,59),(43,58),(44,27),(44,29),(48,21),(48,59),(50,23),(51,22),(54,33),(59,42),(60,29),(60,35),(61,30),(61,34),(62,33),(62,41),(63,32),(63,40)
332,(35,23),(37,21),(38,30),(40,58),(43,57),(45,27),(47,21),(48,60),(49,23),(51,21),(51,23),(53,33),(54,34),(60,28),(60,42),(61,29),(61,35),(62,30),(62,34),(63,33),(63,41)
333,(34,23),(36,21),(38,29),(40,57),(45,26),(46,27),(47,20),(47,60),(49,24),(49,60),(52,33),(53,34),(59,28),(61,28),(61,36),(61,42),(62,31),(63,30),(63,34)
334,(34,22),(34,24),(35,21),(39,57),(46,20),(46,26),(47,19),(47,61),(50,24),(50,60),(52,32),(53,35),(58,28),(61,37),(61,43),(62,36),(62,42),(63,31),(63,35)
335,(33,24),(35,20),(35,22),(39,56),(47,26),(47,62),(48,19),(48,61),(50,61),(51,24),(51,60),(52,31),(52,35),(57,28),(61,44),(62,37),(62,43),(63,36),(63,42)
336,(33,23),(36,20),(36,22),(39,55),(47,27),(47,63),(48,26),(48,62),(49,19),(49,61),(51,25),(51,35),(51,61),(52,30),(57,27),(57,29),(62,44),(63,37),(63,43)
337,(32,23),(37,20),(39,54),(46,63),(48,27),(48,63),(49,18),(49,26),(49,62),(50,25),(51,34),(52,61),(53,30),(56,27),(56,29),(57,26),(58,29),(62,45)
338,(31,23),(37,19),(39,53),(40,54),(45,63),(48,18),(49,25),(49,63),(50,26),(50,62),(51,33),(52,34),(53,61),(56,26),(56,28),(56,30),(58,26),(58,30),(59,29),(63,45)
339,(30,23),(38,19),(40,53),(44,63),(45,62),(47,18),(48,25),(50,33),(50,63),(51,26),(51,32),(51,62),(55,26),(55,30),(57,30),(58,27),(59,26),(63,44),(63,46)
340,(30,24),(39,19),(41,53),(43,63),(44,62),(45,61),(47,17),(50,34),(51,31),(51,63),(52,26),(54,30),(55,27),(59,27),(60,26),(62,46)
341,(31,24),(39,18),(39,20),(41,52),(41,54),(42,63),(43,62),(45,60),(47,16),(50,35),(53,26),(54,29),(55,28),(60,27),(61,46)
342,(32,24),(39,21),(40,18),(40,20),(40,52),(42,62),(46,60),(48,16),(50,36),(53,25),(53,29),(54,28),(55,29),(61,27),(61,45)
343,(38,21),(40,19),(40,21),(40,51),(42,61),(46,61),(48,17),(50,37),(52,25),(53,28),(54,27),(60,45),(62,27)
344,(38,20),(39,51),(40,22),(42,60),(46,62),(49,17),(51,37),(52,24),(53,27),(54,26),(59,45),(62,26),(62,28),(63,27)
345,(39,52),(41,22),(41,60),(42,59),(43,60),(49,16),(51,36),(52,23),(53,24),(54,25),(58,45),(61,26),(62,29),(63,26),(63,28)
346,(38,52),(41,21),(41,23),(41,61),(43,61),(44,60),(52,22),(52,36),(53,23),(54,24),(57,45),(58,44),(61,25),(63,29)
347,(38,51),(40,61),(41,20),(41,62),(42,23),(44,61),(52,37),(53,22),(54,23),(57,46),(60,25)
348,(38,50),(40,62),(41,19),(42,24),(53,21),(55,23),(57,47),(59,25)
349,(37,50),(39,50),(40,63),(42,19),(42,25),(53,20),(56,47),(58,47),(59,24)
350,(37,51),(39,63),(41,25),(41,63),(43,19),(55,47),(58,24),(58,46),(59,47)
351,(37,52),(39,62),(40,25),(41,24),(44,19),(54,47),(55,46),(58,23),(58,25),(59,46),(60,47)
352,(37,53),(39,25),(39,61),(44,20),(53,47),(57,23),(57,25),(59,23),(60,46),(60,48)
353,(38,53),(39,60),(43,20),(45,20),(53,46),(53,48),(56,25),(59,22),(60,49),(61,48)
354,(38,54),(39,59),(40,60),(42,20),(45,19),(53,49),(54,48),(56,24),(59,21),(60,50),(61,47)
355,(38,55),(42,21),(46,19),(53,50),(54,49),(55,24),(57,24),(59,20),(59,50)
356,(37,55),(38,56),(42,22),(46,18),(52,50),(55,25),(58,50),(59,19),(59,51)
357,(37,56),(43,22),(46,17),(52,49),(52,51),(58,51),(59,18),(59,52)
358,(36,56),(43,21),(46,16),(51,51),(52,48),(58,18),(58,52),(60,52)
359,(35,56),(36,55),(36,57),(45,16),(51,50),(52,47),(57,52),(58,17),(60,51)
360,(35,57),(36,58),(37,57),(45,17),(51,49),(52,46),(57,53),(58,16),(61,51)
361,(35,58),(36,59),(37,58),(45,18),(51,46),(51,48),(56,53),(58,15),(59,16),(62,51)
362,(35,59),(36,60),(37,59),(38,58),(44,18),(50,48),(51,47),(56,52),(57,15),(59,15),(59,17),(62,52)
363,(37,60),(38,57),(39,58),(44,17),(50,49),(55,52),(57,14),(59,14),(60,17),(61,52)
364,(37,61),(38,60),(43,17),(49,49),(54,52),(55,51),(56,14),(58,14),(59,13),(60,18),(61,53)
365,(38,61),(42,17),(43,16),(49,48),(55,14),(56,13),(58,13),(60,19),(60,53),(61,54)
366,(42,18),(43,15),(44,16),(48,48),(54,14),(55,13),(57,13),(60,20),(60,54),(61,55)
367,(41,18),(43,18),(44,15),(47,48),(54,13),(55,12),(57,12),(59,54),(60,21),(60,55),(61,20)
368,(41,17),(45,15),(47,47),(53,13),(54,12),(56,12),(57,11),(59,53),(59,55),(60,56),(61,21),(62,20)
369,(41,16),(46,15),(48,47),(53,12),(54,11),(56,11),(57,10),(58,53),(58,55),(59,56),(60,57),(61,22),(61,56),(62,21)
370,(41,15),(46,14),(47,15),(48,46),(53,11),(54,10),(55,11),(57,55),(57,9),(58,54),(59,57),(60,22),(60,58),(61,57),(62,22)
371,(40,15),(46,13),(47,14),(48,15),(49,46),(52,11),(53,10),(55,10),(56,55),(57,54),(57,56),(58,9),(59,58),(60,23),(61,58),(62,57),(63,22)
372,(40,16),(47,13),(49,15),(50,46),(51,11),(52,10),(56,10),(56,54),(57,57),(58,10),(58,56),(60,24),(62,58),(63,21),(63,23)
373,(40,17),(47,12),(49,14),(50,11),(50,45),(50,47),(51,10),(51,12),(55,54),(56,9),(57,58),(58,11),(58,57),(61,24),(62,23),(62,59),(63,20),(63,24)
374,(39,17),(46,12),(48,14),(49,45),(49,47),(50,10),(50,12),(55,53),(55,9),(56,58),(58,58),(59,11),(61,23),(61,59),(62,24),(63,19)
375,(39,16),(45,12),(48,13),(48,45),(49,12),(54,53),(54,9),(56,59),(60,11),(60,59),(62,19),(62,25)
376,(39,15),(44,12),(48,12),(49,13),(53,9),(54,54),(57,59),(59,59),(60,12),(61,11),(61,19),(63,25)
377,(39,14),(44,13),(48,11),(50,13),(52,9),(53,54),(53,8),(54,55),(57,60),(58,59),(59,12),(60,13),(61,10),(61,18)
378,(38,14),(45,13),(47,11),(51,13),(52,54),(53,53),(53,55),(54,56),(54,8),(55,55),(56,60),(58,12),(58,60),(60,10),(60,14),(61,17)
379,(38,13),(45,14),(46,11),(52,13),(52,53),(52,55),(53,52),(53,56),(55,56),(55,60),(55,8),(59,10),(59,60),(60,15),(62,17)
380,(37,13),(44,14),(46,10),(52,12),(52,14),(52,52),(53,51),(53,57),(54,60),(56,56),(56,8),(59,9),(60,16),(60,60),(62,18)
381,(37,14),(43,14),(47,10),(51,14),(51,52),(53,14),(53,58),(54,51),(54,57),(54,59),(56,57),(57,8),(60,9),(61,16),(61,60),(63,18)
382,(37,15),(43,13),(50,14),(50,52),(51,53),(53,59),(54,50),(54,58),(55,57),(55,59),(61,61),(62,16),(63,17)
383,(37,16),(38,15),(42,13),(50,15),(50,51),(50,53),(55,50),(55,58),(60,61),(63,16)
384,(38,16),(41,13),(50,50),(51,15),(55,49),(60,62),(63,15)
385,(38,17),(41,14),(49,50),(52,15),(55,48),(59,62),(62,15)
386,(37,17),(38,18),(42,14),(49,51),(53,15),(56,48),(58,62),(59,63),(61,15)
387,(36,17),(37,18),(42,15),(49,52),(54,15),(57,48),(58,63),(60,63),(61,14)
388,(36,16),(36,18),(42,16),(49,53),(55,15),(57,63),(58,48),(61,13),(61,63)
389,(36,15),(36,19),(48,53),(49,54),(55,16),(56,63),(57,62),(59,48),(61,12),(61,62)
390,(35,15),(48,54),(50,54),(54,16),(56,62),(59,49),(62,12),(62,62)
391,(35,16),(47,54),(51,54),(53,16),(55,62),(58,49),(62,11),(62,63),(63,12)
392,(35,17),(46,54),(51,55),(53,17),(54,62),(57,49),(63,11),(63,13),(63,63)
393,(46,53),(46,55),(53,62),(54,17),(54,61),(57,50),(62,13),(63,10),(63,62)
394,(46,56),(47,53),(53,63),(54,18),(55,17),(55,61),(56,50),(57,51),(62,10),(62,14),(63,61)
395,(46,57),(53,18),(54,63),(56,17),(56,49),(56,51),(56,61),(62,61),(62,9),(63,14)
396,(47,57),(52,18),(55,63),(56,18),(57,61),(62,60),(63,9)
397,(47,56),(51,18),(55,18),(58,61),(63,60),(63,8)
398,(48,56),(51,17),(55,19),(59,61),(62,8),(63,59)
399,(48,55),(52,17),(56,19),(61,8),(62,7),(63,58)
400,(47,55),(49,55),(52,16),(60,8),(61,9),(63,57),(63,7)
401,(50,55),(51,16),(60,7),(63,56),(63,6)
402,(50,16),(50,56),(61,7),(62,56),(63,5)
403,(50,17),(51,56),(61,6),(62,55),(63,4)
404,(50,18),(51,57),(62,4),(62,6),(63,55)
405,(50,19),(51,58),(62,3),(62,5),(63,54)
406,(51,19),(52,58),(61,5),(62,54),(63,3)
407,(51,20),(52,57),(52,59),(60,5),(62,53),(63,2)
408,(51,59),(52,20),(52,60),(59,5),(63,1),(63,53)
409,(50,59),(52,19),(52,21),(53,60),(59,6),(63,0),(63,52)
410,(49,59),(53,19),(59,7),(60,6),(62,0),(63,51)
411,(49,58),(54,19),(59,8),(62,1),(63,50)
412,(48,58),(54,20),(58,8),(62,2),(62,50)
413,(48,57),(54,21),(55,20),(58,7),(61,2),(61,50)
414,(49,57),(54,22),(55,21),(57,7),(61,1),(61,49)
415,(50,57),(55,22),(56,21),(56,7),(57,6),(61,0),(62,49)
416,(50,58),(55,7),(56,20),(56,22),(56,6),(57,21),(57,5),(58,6),(60,0),(63,49)
417,(54,7),(55,6),(56,23),(56,5),(57,20),(57,22),(57,4),(58,21),(59,0),(60,1),(63,48)
418,(53,7),(55,5),(56,4),(57,19),(57,3),(58,22),(58,4),(59,1),(62,48)
419,(53,6),(55,4),(56,3),(57,18),(58,1),(58,19),(58,3),(58,5),(59,4),(62,47)
420,(53,5),(54,6),(55,3),(57,17),(58,2),(58,20),(59,3),(63,47)
421,(53,4),(54,5),(55,2),(57,16),(59,2)
422,(52,4),(54,2),(55,1),(56,16),(56,2),(60,2)
423,(52,3),(52,5),(53,2),(54,1),(54,3),(55,0),(56,1),(56,15),(57,2),(60,3)
424,(51,3),(52,2),(53,1),(53,3),(54,0),(54,4),(56,0),(57,1),(60,4)
425,(52,1),(53,0),(57,0),(61,4)
426,(52,0),(61,3)
427,(51,0)
428,(51,1)
429,(50,1)
430,(49,1)
431,(49,2)
432,(48,2),(50,2)
433,(47,2),(48,3),(51,2)
434,(46,2),(47,3),(48,4),(49,3)
435,(46,1),(47,4),(48,5),(49,4),(50,3)
436,(46,0),(47,5),(49,5)
437,(45,0),(46,5),(47,0),(49,6),(50,5)
438,(45,1),(45,5),(46,6),(47,1),(48,0),(48,6),(50,4),(50,6)
439,(45,2),(45,6),(47,6),(48,1),(48,7),(49,0),(51,4)
440,(44,6),(45,3),(45,7),(47,7),(50,0),(51,5)
441,(44,3),(44,5),(44,7),(46,3),(46,7),(47,8),(51,6)
442,(43,3),(43,7),(44,4),(44,8),(46,8),(48,8),(52,6)
443,(42,3),(42,7),(43,2),(43,8),(45,4),(49,8),(52,7)
444,(41,7),(42,2),(43,1),(43,9),(46,4),(49,7),(52,8)
445,(41,2),(41,8),(42,1),(43,0),(43,10),(44,9),(51,8)
446,(41,1),(41,3),(42,0),(42,8),(44,0),(44,10),(51,7)
447,(40,1),(41,4),(42,9),(44,1),(44,11),(50,7)
448,(40,0),(41,5),(41,9),(44,2),(45,11),(50,8)
449,(39,0),(40,5),(41,10),(45,10),(50,9)
450,(38,0),(39,1),(39,5),(42,10),(45,9),(49,9)
451,(38,1),(39,6),(42,11),(46,9),(49,10)
452,(37,1),(40,6),(41,11),(43,11),(47,9),(48,10),(49,11)
453,(36,1),(37,0),(41,6),(43,12),(48,9)
454,(36,0),(36,2),(42,12),(42,6)
455,(35,0),(37,2),(41,12),(43,6)
456,(35,1),(37,3),(40,12),(43,5)
457,(34,1),(37,4),(40,11),(43,4)
458,(34,0),(36,4),(39,11),(42,4)
459,(33,0),(36,3),(39,10),(39,12),(42,5)
460,(33,1),(39,13),(40,10)
461,(32,1),(40,13)
462,(32,0),(40,14)
463,(31,0)
464,(30,0)
465,(30,1)
466,(31,1)
