0,(0,2)
1,(0,1),(0,3),(1,2)
2,(0,0),(0,4),(1,1),(2,2)
3,(0,5),(1,0),(1,4),(2,1),(3,2)
4,(1,3),(2,0),(3,1),(3,3),(4,2)
5,(2,3),(3,0),(3,4),(4,1),(4,3),(5,2)
6,(2,4),(4,0),(4,4),(5,3),(6,2)
7,(2,5),(4,5),(5,0),(5,4),(6,1),(6,3),(7,2)
8,(1,5),(2,6),(4,6),(5,1),(6,0),(6,4),(7,1),(7,3)
9,(1,6),(2,7),(3,6),(4,7),(5,6),(6,5),(7,0),(7,4),(8,1),(8,3)
10,(0,6),(1,7),(2,8),(3,7),(5,5),(5,7),(6,6),(7,5),(8,0),(8,2),(8,4),(9,1),(9,3)
11,(0,7),(1,8),(10,1),(10,3),(3,8),(5,8),(6,7),(7,6),(8,5),(9,0),(9,2),(9,4)
12,(0,8),(1,9),(10,0),(10,2),(10,4),(11,1),(11,3),(3,9),(4,8),(5,9),(6,8),(7,7),(8,6),(9,5)
13,(0,9),(1,10),(10,5),(11,2),(11,4),(12,1),(12,3),(2,9),(3,10),(4,9),(6,9),(7,8),(8,7),(9,6)
14,(0,10),(1,11),(10,6),(11,5),(12,2),(12,4),(13,1),(13,3),(2,10),(3,11),(4,10),(6,10),(7,9),(8,8),(9,7)
15,(0,11),(10,7),(11,6),(12,5),(13,0),(13,2),(13,4),(14,3),(2,11),(4,11),(5,10),(7,10),(8,9),(9,8)
16,(0,12),(10,8),(11,7),(12,0),(12,6),(13,5),(14,0),(14,4),(4,12),(5,11),(8,10)
17,(0,13),(12,7),(13,6),(14,5),(15,0),(3,12),(6,11),(8,11)
18,(1,13),(12,8),(13,7),(14,6),(15,1),(2,12),(6,12),(7,11),(8,12)
19,(1,12),(1,14),(11,8),(14,1),(14,7),(15,2),(15,6),(2,13),(5,12),(7,12)
20,(0,14),(11,9),(14,2),(14,8),(15,3),(15,7),(2,14),(5,13)
21,(0,15),(10,9),(11,10),(14,9),(15,4),(15,8),(2,15),(4,13),(6,13)
22,(1,15),(10,10),(12,10),(13,9),(15,5),(15,9),(3,13),(3,15),(6,14),(7,13),(9,9)
23,(10,11),(12,9),(13,10),(13,8),(15,10),(3,14),(4,15),(5,14),(7,14),(9,10)
24,(11,11),(4,14),(5,15),(9,11)
25,(11,12),(12,11),(6,15),(9,12)
26,(10,12),(13,11),(7,15),(9,13)
27,(10,13),(13,12),(14,11),(8,13),(8,15)
28,(11,13),(13,13),(14,12),(15,11),(8,14),(9,15)
29,(11,14),(12,13),(14,13),(15,12),(9,14)
30,(10,14),(11,15),(12,14),(15,13)
31,(12,15),(13,14)
32,(14,14)
33,(14,15),(15,14)
34,(15,15)
