0,(2,24)
1,(1,24),(2,25)
2,(1,25),(2,26)
3,(0,25),(3,26)
4,(0,24),(3,27)
5,(0,23),(2,27),(3,28),(4,27)
6,(0,22),(1,23),(1,27),(4,26),(4,28)
7,(1,22),(1,26),(2,23),(5,26),(5,28)
8,(0,26),(1,21),(2,22),(3,23),(5,25),(5,27),(5,29)
9,(0,21),(0,27),(1,20),(2,21),(3,24),(4,23),(4,25),(5,24),(5,30),(6,27)
10,(0,20),(0,28),(2,20),(3,21),(3,25),(4,22),(4,24),(4,30),(6,24),(6,26),(7,27)
11,(0,19),(0,29),(3,20),(3,22),(4,21),(4,31),(6,25),(7,24),(8,27)
12,(0,18),(1,19),(1,29),(3,19),(5,21),(5,31),(7,23),(7,25),(8,28),(9,27)
13,(0,17),(1,28),(3,18),(4,19),(5,20),(5,22),(6,23),(6,31),(8,25),(9,26),(9,28)
14,(0,16),(1,17),(2,18),(2,28),(3,17),(4,20),(5,19),(5,23),(6,20),(6,22),(7,31),(8,26)
15,(1,18),(2,17),(2,19),(2,29),(3,16),(4,17),(6,19),(6,21),(7,20),(7,30)
16,(2,16),(2,30),(3,15),(4,16),(6,18),(7,19),(7,21),(7,29)
17,(1,30),(2,15),(3,14),(4,15),(5,18),(7,18),(7,22),(7,28)
18,(0,30),(1,15),(3,13),(4,14),(4,18),(5,15),(5,17),(6,28),(8,18),(8,22)
19,(0,31),(2,13),(3,12),(4,13),(5,14),(5,16),(6,29),(8,19),(9,22)
20,(1,31),(2,12),(2,14),(3,11),(4,12),(6,14),(6,30),(8,20),(9,21)
21,(1,12),(1,14),(2,11),(2,31),(3,10),(4,11),(5,12),(6,13),(8,21),(9,20)
22,(0,12),(0,14),(1,11),(1,13),(10,20),(3,31),(4,10),(5,11),(5,13),(6,12),(7,13)
23,(0,11),(0,13),(1,10),(11,20),(3,30),(5,10),(7,12),(7,14)
24,(0,10),(1,9),(11,19),(3,29),(5,9),(6,10),(7,11),(8,12)
25,(1,8),(11,18),(2,9),(4,29),(4,9),(7,10),(8,11)
26,(0,8),(1,7),(12,18),(2,8),(3,9),(4,8),(8,10),(9,11)
27,(0,7),(12,17),(12,19),(4,7),(8,9),(9,10),(9,12)
28,(0,6),(12,16),(13,19),(3,7),(5,7),(7,9),(8,8),(9,9)
29,(1,6),(11,16),(13,18),(2,7),(3,6),(3,8),(5,8),(6,7),(6,9),(8,7),(9,8)
30,(1,5),(10,16),(10,8),(14,18),(2,6),(3,5),(4,6),(6,6),(6,8),(8,6)
31,(0,5),(1,4),(10,17),(11,8),(15,18),(2,5),(3,4),(4,5),(5,6),(9,6)
32,(0,4),(1,3),(10,6),(11,17),(11,7),(15,19),(2,4),(5,5)
33,(0,3),(10,7),(11,6),(12,7),(14,19),(2,3)
34,(0,2),(12,6),(12,8),(14,20),(2,2),(3,3),(9,7)
35,(0,1),(1,2),(12,9),(14,21),(3,2)
36,(0,0),(1,1),(11,9),(13,21),(3,1)
37,(10,9),(13,20),(13,22),(2,1),(4,1)
38,(10,10),(12,20),(12,22),(2,0),(5,1)
39,(1,0),(10,11),(11,22),(12,21),(12,23),(3,0),(5,2)
40,(10,12),(11,11),(11,21),(11,23),(13,23),(4,0),(4,2)
41,(10,23),(11,10),(12,11),(13,24),(14,23),(4,3),(5,0)
42,(10,22),(12,10),(12,12),(12,24),(14,24),(5,3),(6,0),(9,23)
43,(11,12),(12,25),(13,10),(15,24),(5,4),(6,1),(8,23)
44,(11,13),(12,26),(13,11),(13,25),(13,9),(15,23),(4,4),(6,2),(8,24)
45,(10,13),(11,26),(12,27),(13,12),(13,26),(13,8),(14,25),(14,9),(15,22),(7,2),(9,24)
46,(10,14),(10,26),(11,25),(11,27),(13,13),(14,26),(14,8),(15,21),(15,25),(15,9),(7,1),(7,3),(9,25)
47,(10,15),(10,25),(10,27),(11,24),(11,28),(12,13),(13,14),(15,10),(15,26),(15,8),(16,21),(16,25),(16,9),(6,3),(9,14)
48,(10,24),(10,28),(11,29),(12,14),(12,28),(14,10),(14,14),(15,27),(15,7),(16,10),(16,20),(16,22),(16,24),(16,8),(17,9),(6,4),(9,13),(9,15)
49,(11,30),(12,15),(12,29),(14,11),(14,13),(14,15),(15,14),(15,20),(16,11),(16,23),(16,27),(16,7),(17,10),(17,24),(17,8),(6,5),(7,4),(8,13)
50,(10,30),(11,15),(13,15),(14,12),(14,16),(15,11),(15,13),(15,15),(16,26),(16,6),(17,11),(17,23),(17,25),(17,7),(18,10),(18,8),(7,5),(8,14)
51,(10,29),(11,14),(13,16),(14,17),(15,12),(15,16),(16,13),(17,22),(17,26),(17,6),(18,11),(18,7),(18,9),(7,6),(8,15),(8,5)
52,(13,17),(15,17),(16,14),(17,13),(17,27),(18,12),(18,6),(19,9),(7,15),(7,7),(8,4),(9,29),(9,5)
53,(10,5),(16,17),(17,14),(18,13),(18,27),(19,10),(20,9),(7,16),(7,8),(8,29),(8,3),(9,30),(9,4)
54,(10,4),(16,18),(17,15),(18,14),(18,26),(18,28),(20,10),(20,8),(21,9),(7,17),(8,16),(8,30),(9,3)
55,(10,3),(11,4),(16,15),(16,19),(18,15),(18,25),(19,28),(19,8),(20,7),(21,8),(8,17),(8,31),(9,16),(9,2)
56,(11,3),(11,5),(16,16),(17,19),(18,24),(19,29),(19,7),(20,6),(21,7),(22,8),(9,1),(9,17),(9,31)
57,(10,1),(10,31),(11,2),(12,3),(12,5),(17,16),(17,18),(18,23),(19,6),(20,29),(21,6),(22,7),(22,9),(23,8),(8,1),(9,0),(9,18)
58,(10,18),(10,2),(11,1),(11,31),(12,2),(12,4),(13,5),(17,17),(18,16),(19,23),(19,5),(21,29),(21,5),(22,6),(23,9),(24,8),(8,0)
59,(10,19),(11,0),(12,1),(12,31),(13,4),(14,5),(18,17),(18,5),(19,16),(19,24),(19,4),(20,5),(21,28),(23,10),(24,7),(24,9),(25,8)
60,(12,0),(12,30),(13,3),(15,5),(17,5),(18,18),(18,4),(19,17),(19,3),(20,24),(20,28),(20,4),(22,10),(23,11),(23,7),(24,10),(25,7),(25,9),(9,19)
61,(13,0),(13,2),(13,30),(15,6),(16,5),(17,4),(19,18),(19,2),(20,23),(20,27),(21,4),(23,12),(24,11),(25,10),(26,7)
62,(13,1),(13,31),(14,0),(14,2),(14,30),(14,6),(16,4),(17,3),(18,2),(19,1),(19,27),(20,18),(20,26),(21,23),(21,3),(22,12),(22,4),(24,12),(25,11),(26,10),(26,6),(26,8)
63,(13,6),(14,1),(14,29),(14,31),(15,4),(16,3),(17,2),(18,1),(18,3),(19,26),(20,1),(20,17),(21,12),(21,2),(21,24),(22,3),(22,5),(25,12),(25,6),(26,9),(27,10),(27,6),(27,8)
64,(13,29),(13,7),(14,4),(15,1),(15,3),(15,31),(16,2),(17,1),(19,25),(20,0),(20,12),(20,16),(20,2),(21,1),(21,13),(22,2),(22,24),(23,3),(23,5),(25,13),(27,5),(27,7),(27,9),(28,10),(28,6),(28,8)
65,(13,28),(14,3),(14,7),(15,0),(15,2),(19,0),(19,12),(20,11),(20,13),(20,25),(21,0),(21,14),(21,16),(22,1),(22,13),(23,24),(23,4),(23,6),(24,13),(24,3),(24,5),(26,5),(27,4),(28,5),(28,7),(29,10),(29,6),(29,8)
66,(14,28),(16,0),(18,0),(20,14),(21,15),(21,17),(21,25),(22,0),(22,14),(23,1),(23,13),(23,23),(24,2),(24,4),(24,6),(25,3),(25,5),(26,4),(27,3),(28,4),(30,10),(30,8)
67,(15,28),(16,1),(17,0),(20,15),(21,18),(22,15),(22,23),(22,25),(23,0),(23,14),(23,2),(24,1),(24,23),(25,2),(25,4),(26,3),(27,2),(28,3),(29,4),(30,11)
68,(15,29),(16,28),(19,15),(21,19),(22,16),(22,18),(22,22),(23,25),(24,0),(24,14),(24,24),(25,1),(25,23),(26,2),(29,11),(29,3),(29,5),(30,12),(30,4)
69,(16,29),(17,28),(20,19),(22,17),(22,19),(22,21),(23,16),(23,22),(23,26),(24,25),(25,0),(25,14),(25,24),(28,11),(29,2),(30,13),(30,3),(30,5),(31,4)
70,(16,30),(20,20),(22,20),(22,26),(23,17),(23,21),(23,27),(24,26),(25,15),(25,25),(26,0),(26,24),(27,11),(29,13),(30,14),(30,2),(30,6),(31,13),(31,3),(31,5)
71,(17,30),(19,20),(21,20),(21,26),(22,27),(23,18),(23,20),(23,28),(24,15),(24,21),(24,27),(25,26),(26,1),(26,11),(26,23),(26,25),(27,0),(27,12),(27,24),(28,13),(29,14),(30,15),(30,7),(31,14),(31,2),(31,6)
72,(17,29),(17,31),(19,19),(21,27),(22,28),(23,15),(23,19),(24,16),(24,18),(24,22),(25,27),(26,12),(26,22),(26,26),(27,13),(27,25),(28,12),(28,14),(28,24),(29,15),(31,1),(31,15),(31,7)
73,(18,19),(18,29),(22,29),(24,17),(24,19),(25,18),(25,22),(25,28),(26,13),(26,21),(26,27),(28,15),(28,23),(28,25),(29,16),(29,24),(30,1),(31,16),(31,8)
74,(18,20),(18,30),(23,29),(24,20),(25,19),(25,21),(26,14),(26,18),(26,20),(27,23),(28,22),(28,26),(29,17),(29,23),(29,25),(30,0),(30,16),(30,24),(31,17),(31,9)
75,(17,20),(18,31),(19,30),(23,30),(24,29),(25,20),(26,15),(26,17),(26,19),(27,18),(27,20),(27,22),(28,17),(28,21),(29,0),(29,18),(29,26),(30,17),(30,23),(30,25),(30,9),(31,0),(31,10),(31,18)
76,(17,21),(19,31),(20,30),(23,31),(24,28),(24,30),(25,17),(25,29),(26,16),(27,15),(27,17),(27,19),(27,21),(29,19),(29,21),(30,18),(30,22),(31,19),(31,23),(31,25)
77,(18,21),(20,31),(22,31),(24,31),(25,16),(26,29),(28,19),(29,20),(29,22),(30,19),(30,21),(31,24),(31,26)
78,(18,22),(21,31),(22,30),(25,31),(26,28),(26,30),(27,29),(28,18),(28,20),(30,20),(30,26),(31,21),(31,27)
79,(19,22),(21,30),(25,30),(26,31),(27,30),(30,27),(31,20),(31,28)
80,(19,21),(27,31),(28,30)
81,(20,21),(28,29),(28,31),(29,30)
82,(21,21),(28,28),(29,29)
83,(21,22),(27,28),(28,27),(29,28),(30,29)
84,(20,22),(30,28),(30,30),(31,29)
85,(30,31)
86,(29,31),(31,31)
