0,(2,24)
1,(3,24)
2,(3,23),(3,25)
3,(2,25),(3,22),(3,26)
4,(2,26),(3,21),(4,26)
5,(2,21),(2,27),(4,27),(5,26)
6,(1,21),(3,27),(4,28),(5,27)
7,(1,20),(5,28),(6,27)
8,(0,20),(2,20),(5,29),(6,28),(7,27)
9,(0,21),(3,20),(4,29),(7,28),(8,27)
10,(0,22),(3,19),(4,30),(8,26),(9,27)
11,(1,22),(10,27),(2,19),(4,19),(4,31),(7,26)
12,(1,19),(1,23),(10,26),(5,19),(5,31),(6,26)
13,(0,19),(1,24),(2,23),(5,18),(5,30),(6,25),(9,26)
14,(1,25),(2,22),(5,17),(5,25),(6,18),(6,30),(7,25),(9,25)
15,(1,26),(4,17),(5,24),(6,17),(6,29),(8,25)
16,(1,27),(4,18),(4,24),(7,17),(7,29),(8,24)
17,(1,28),(3,18),(4,25),(8,17),(8,29),(9,24)
18,(0,28),(1,29),(10,24),(2,18),(3,17),(8,18),(8,28)
19,(0,27),(1,30),(10,25),(2,17),(3,16),(7,18),(8,19),(9,28)
20,(0,26),(0,30),(1,17),(10,28),(11,25),(2,16),(3,15),(4,16),(7,19),(8,20)
21,(0,25),(0,29),(0,31),(1,18),(10,29),(11,26),(12,25),(2,15),(4,15),(5,16),(6,19),(7,20)
22,(0,18),(0,24),(1,31),(11,27),(13,25),(2,14),(5,15),(6,20),(9,29)
23,(0,17),(0,23),(11,28),(12,27),(13,24),(2,13),(2,31),(5,20),(6,15),(9,30)
24,(0,16),(10,30),(12,24),(12,28),(13,27),(2,12),(3,31),(5,21),(6,16),(9,31)
25,(1,12),(1,16),(10,31),(11,24),(12,23),(12,29),(13,26),(3,30),(6,21),(7,16),(8,31)
26,(0,12),(11,23),(11,29),(12,26),(3,29),(7,15),(7,21),(8,30)
27,(0,13),(10,23),(11,30),(3,28),(7,22),(7,30),(8,15)
28,(0,14),(10,22),(11,31),(12,30),(2,28),(7,31),(8,16),(8,22),(9,15)
29,(0,15),(10,21),(11,22),(12,31),(2,29),(6,31),(8,21),(9,14),(9,16)
30,(1,15),(10,16),(10,20),(12,22),(13,31),(2,30),(8,14),(9,21)
31,(1,14),(13,30),(7,14),(9,20),(9,22)
32,(1,13),(14,30),(6,14),(7,13),(9,19),(9,23)
33,(10,19),(14,29),(14,31),(6,13),(8,13),(8,23)
34,(10,18),(13,29),(14,28),(5,13),(6,12),(7,23),(9,13)
35,(11,18),(13,28),(14,27),(5,12),(5,14),(7,24)
36,(11,17),(14,26),(4,14),(6,24)
37,(10,17),(11,16),(14,25),(3,14),(6,23)
38,(12,16),(15,25),(6,22),(9,17)
39,(12,17),(15,26),(5,22),(9,18)
40,(12,18),(16,26),(5,23)
41,(13,18),(17,26),(4,23)
42,(14,18),(17,27),(18,26),(4,22)
43,(14,19),(16,27),(18,25),(18,27),(4,21)
44,(15,19),(15,27),(16,28),(18,24),(4,20)
45,(15,28),(16,19),(19,24)
46,(15,29),(16,20),(19,23)
47,(15,20),(15,30),(17,20),(18,23)
48,(15,21),(15,31),(17,21),(18,22)
49,(14,21),(16,21),(16,31),(18,21)
50,(14,20),(16,22),(16,30),(17,31),(19,21)
51,(16,23),(16,29),(17,22),(17,30),(19,20),(20,21)
52,(15,23),(17,23),(17,29),(18,20),(18,30),(20,20),(20,22)
53,(15,22),(17,24),(17,28),(18,19),(18,29),(18,31),(19,22),(19,30),(20,19)
54,(14,22),(17,19),(17,25),(18,28),(19,19),(19,31),(21,19)
55,(13,22),(16,25),(17,18),(20,31),(21,18),(21,20)
56,(13,21),(16,24),(17,17),(18,18),(20,18),(21,31),(22,20)
57,(13,20),(15,24),(16,17),(18,17),(19,18),(22,21),(22,31)
58,(13,19),(14,24),(15,17),(16,18),(19,17),(22,30),(23,21)
59,(12,19),(14,17),(14,23),(15,18),(20,17),(23,22),(23,30),(24,21)
60,(11,19),(13,17),(13,23),(20,16),(23,31),(24,22),(24,30),(25,21)
61,(11,20),(13,16),(20,15),(24,23),(24,31),(25,20),(25,22)
62,(11,21),(14,16),(19,15),(21,15),(23,23),(24,24),(25,19),(25,23),(25,31),(26,20),(26,22)
63,(12,21),(14,15),(15,16),(19,16),(21,16),(23,24),(24,19),(25,24),(26,19),(26,31),(27,22)
64,(12,20),(15,15),(16,16),(21,17),(23,25),(24,20),(25,25),(26,18),(26,24),(27,19),(27,31),(28,22)
65,(16,15),(17,16),(22,17),(23,20),(23,26),(24,25),(25,18),(26,17),(26,25),(27,18),(27,20),(27,24),(28,19),(28,23),(28,31),(29,22)
66,(17,15),(18,16),(22,26),(23,17),(23,19),(23,27),(24,18),(24,26),(25,17),(26,26),(27,17),(27,23),(28,18),(28,20),(28,24),(28,30),(29,21)
67,(17,14),(18,15),(22,25),(22,27),(23,18),(24,17),(24,27),(25,16),(25,26),(27,26),(27,30),(28,17),(28,21),(28,25),(28,29),(29,20),(29,24)
68,(16,14),(18,14),(21,27),(22,18),(22,24),(24,16),(25,27),(26,16),(27,21),(27,25),(27,29),(28,16),(28,26),(28,28),(29,19),(29,23),(29,29),(30,20),(30,24)
69,(15,14),(16,13),(19,14),(21,28),(22,19),(22,23),(24,15),(25,28),(26,15),(26,27),(26,29),(28,27),(29,18),(29,28),(29,30),(30,23),(30,29),(31,20)
70,(16,12),(19,13),(20,28),(21,23),(22,22),(22,28),(23,15),(24,28),(25,15),(25,29),(26,28),(27,27),(29,17),(29,31),(30,28),(30,30),(31,19),(31,21),(31,23),(31,29)
71,(15,12),(18,13),(20,23),(21,22),(21,24),(22,29),(23,16),(23,28),(25,14),(25,30),(27,28),(29,16),(30,17),(30,19),(30,21),(30,31),(31,24),(31,28),(31,30)
72,(15,13),(17,13),(20,24),(21,21),(21,25),(21,29),(22,16),(23,29),(24,14),(26,14),(26,30),(29,15),(30,18),(30,22),(31,17),(31,25),(31,27),(31,31)
73,(14,13),(17,12),(20,25),(20,29),(21,30),(22,15),(23,14),(29,14),(30,15),(30,27),(31,18),(31,22),(31,26)
74,(14,14),(17,11),(19,25),(19,29),(20,30),(22,14),(28,14),(29,13),(29,27),(30,14),(30,16),(30,26),(31,15)
75,(13,14),(16,11),(19,26),(19,28),(22,13),(27,14),(28,13),(29,12),(29,26),(30,13),(30,25),(31,14)
76,(13,15),(16,10),(19,27),(20,26),(23,13),(27,13),(27,15),(29,25),(30,12)
77,(12,15),(15,10),(20,27),(23,12),(26,13),(27,12),(27,16),(30,11)
78,(12,14),(15,9),(22,12),(24,12),(26,12),(27,11),(28,12),(30,10)
79,(11,14),(15,8),(21,12),(25,12),(26,11),(27,10),(29,10),(31,10)
80,(11,15),(16,8),(21,13),(26,10),(27,9),(28,10),(29,11),(29,9),(31,11)
81,(10,15),(16,7),(16,9),(21,14),(26,9),(27,8),(28,9),(29,8)
82,(10,14),(16,6),(20,14),(26,8),(27,7),(28,8),(29,7),(30,8)
83,(10,13),(16,5),(20,13),(26,7),(27,6),(28,7),(29,6),(30,7),(30,9),(31,8)
84,(11,13),(15,5),(20,12),(25,7),(26,6),(27,5),(28,6),(29,5),(30,6),(31,7),(31,9)
85,(11,12),(15,6),(19,12),(25,6),(26,5),(27,4),(28,5)
86,(10,12),(11,11),(14,6),(18,12),(24,6),(25,5),(26,4),(28,4)
87,(10,11),(14,5),(18,11),(23,6),(24,5),(25,4),(29,4)
88,(13,5),(18,10),(19,11),(23,5),(24,4),(30,4),(9,11)
89,(13,6),(19,10),(20,11),(22,5),(23,4),(30,3),(9,12)
90,(12,6),(19,9),(20,10),(22,6),(23,3),(31,3),(8,12)
91,(11,6),(19,8),(20,9),(21,10),(21,6),(22,3),(31,2),(31,4),(8,11)
92,(10,6),(11,7),(20,8),(21,11),(22,4),(30,2),(31,5),(8,10)
93,(12,7),(20,7),(21,4),(22,11),(29,2),(31,6),(9,10),(9,6)
94,(10,10),(12,8),(13,7),(20,4),(20,6),(21,5),(22,10),(23,11),(28,2),(8,6),(9,5),(9,9)
95,(10,5),(11,10),(11,8),(14,7),(19,6),(20,3),(20,5),(23,10),(27,2),(28,1),(7,6),(8,5),(8,9),(9,4)
96,(10,4),(11,5),(11,9),(14,8),(15,7),(19,5),(21,3),(23,9),(26,2),(28,0),(7,5),(7,7),(7,9),(8,4)
97,(11,4),(12,5),(14,9),(18,5),(19,4),(21,2),(22,9),(24,9),(25,2),(26,1),(27,0),(29,0),(7,10),(7,4),(8,7)
98,(12,4),(14,10),(18,6),(19,3),(20,2),(21,9),(22,8),(24,10),(24,2),(25,9),(26,0),(27,1),(29,1),(30,0),(7,11),(9,7)
99,(13,10),(13,4),(17,6),(18,3),(19,2),(21,8),(23,8),(24,1),(24,11),(24,3),(25,0),(25,10),(25,8),(30,1),(31,0),(6,11),(7,12),(9,8)
100,(10,8),(13,3),(13,9),(17,3),(17,5),(17,7),(18,2),(21,7),(24,0),(24,8),(25,1),(25,11),(25,3),(31,1),(6,10),(8,8)
101,(10,9),(12,3),(12,9),(13,8),(17,2),(17,4),(17,8),(22,7),(23,0),(26,3),(6,9),(7,8)
102,(11,3),(12,10),(17,1),(18,4),(18,8),(23,1),(23,7),(27,3),(5,9),(6,8)
103,(10,3),(12,11),(16,1),(18,7),(18,9),(23,2),(24,7),(28,3),(4,9),(5,8),(6,7)
104,(12,12),(16,2),(17,9),(19,7),(22,2),(29,3),(3,9),(4,8),(9,3)
105,(12,13),(16,3),(17,10),(22,1),(3,10),(3,8),(9,2)
106,(10,2),(13,13),(15,3),(16,4),(2,8),(22,0),(4,10),(9,1)
107,(10,1),(11,2),(13,12),(14,3),(15,4),(2,9),(21,0),(5,10),(9,0)
108,(10,0),(11,1),(12,2),(14,12),(14,2),(14,4),(2,10),(21,1),(5,11),(8,0)
109,(11,0),(12,1),(13,2),(14,11),(15,2),(20,1),(4,11),(7,0),(8,1)
110,(12,0),(13,1),(15,11),(19,1),(20,0),(4,12),(7,1),(8,2)
111,(13,0),(14,1),(18,1),(19,0),(4,13),(6,1),(8,3)
112,(14,0),(15,1),(18,0),(3,13),(5,1),(6,0),(7,3)
113,(15,0),(17,0),(3,12),(5,0),(5,2),(7,2)
114,(16,0),(3,11),(4,0),(5,3),(6,2)
115,(2,11),(3,0),(6,3)
116,(1,11),(2,0),(3,1),(6,4)
117,(0,11),(1,0),(4,1),(5,4)
118,(0,0),(0,10),(4,2),(5,5)
119,(0,1),(1,10),(4,5)
120,(0,2),(1,9)
121,(0,3),(0,9)
122,(0,4),(0,8)
123,(1,4),(1,8)
124,(1,7),(2,4)
125,(0,7),(2,3),(2,7)
126,(1,3),(2,6),(3,7)
127,(1,2),(1,6),(4,7)
128,(0,6),(1,1),(5,7)
129,(0,5),(2,1),(5,6)
130,(1,5),(2,2),(4,6),(6,6)
131,(2,5),(3,2),(3,6),(6,5)
132,(3,3),(3,5)
133,(3,4),(4,3)
134,(4,4)
