0,(1,3)
1,(2,3)
2,(2,2)
3,(1,2)
4,(0,2),(1,1)
5,(0,1),(0,3)
6,(0,0),(0,4)
7,(0,5),(1,0),(1,4)
8,(0,6),(2,0),(2,4)
9,(1,6),(2,1)
10,(1,5),(3,1)
11,(2,5),(4,1)
12,(2,6),(5,1)
13,(3,6),(6,1)
14,(4,6),(7,1)
15,(5,6),(7,2),(8,1)
16,(6,6),(7,3),(8,2)
17,(6,7),(8,3),(9,2)
18,(7,7),(9,3)
19,(10,3),(7,8),(8,7)
20,(11,3),(6,8),(8,6)
21,(11,2),(5,8),(8,5)
22,(10,2),(4,8),(8,4)
23,(10,1),(4,7),(7,4)
24,(3,7),(5,7),(6,4),(9,1)
25,(2,7),(6,3),(9,0)
26,(1,7),(10,0),(6,2),(8,0)
27,(0,7),(5,2),(7,0)
28,(0,8),(4,2),(6,0)
29,(0,9),(3,2),(5,0)
30,(1,9),(3,3),(4,0)
31,(2,9),(3,0),(3,4)
32,(3,9),(4,4)
33,(3,10),(3,8),(4,3),(4,5)
34,(2,8),(3,11),(3,5),(5,3)
35,(1,8),(3,12),(5,4)
36,(4,12),(5,5)
37,(4,11),(4,13),(6,5)
38,(3,13),(4,14),(5,11),(7,5)
39,(3,14),(5,10),(7,6)
40,(2,14),(4,10)
41,(2,13),(4,9)
42,(2,12),(5,9)
43,(2,11),(6,9)
44,(2,10),(6,10)
45,(1,10),(6,11)
46,(0,10),(1,11),(7,11)
47,(0,11),(7,10)
48,(0,12),(7,9)
49,(1,12),(8,9)
50,(1,13),(8,8),(9,9)
51,(1,14),(9,10),(9,8)
52,(0,14),(8,10),(9,7)
53,(8,11),(9,6)
54,(8,12),(9,5)
55,(7,12),(8,13),(9,12),(9,4)
56,(10,12),(10,4),(6,12),(7,13),(8,14),(9,11),(9,13)
57,(10,11),(10,13),(10,5),(11,12),(6,13),(8,15),(9,14)
58,(10,10),(10,14),(11,11),(11,13),(6,14),(9,15)
59,(10,15),(10,9),(11,10),(11,14),(6,15),(7,14)
60,(10,8),(11,15),(11,9),(5,15),(7,15)
61,(11,8),(12,15),(4,15),(5,14)
62,(12,8),(13,15),(3,15),(5,13)
63,(12,9),(13,14),(2,15)
64,(1,15),(12,14),(13,9)
65,(0,15),(12,13),(13,8),(14,9)
66,(12,12),(13,7),(14,10)
67,(12,11),(12,7),(15,10)
68,(11,7),(12,10),(15,9)
69,(10,7),(13,10),(15,8)
70,(10,6),(13,11),(15,7)
71,(11,6),(13,12),(14,11),(14,7)
72,(12,6),(13,13),(14,6),(15,11)
73,(13,6),(14,13),(14,5),(15,6)
74,(14,14),(15,5)
75,(14,15),(15,4)
76,(15,15),(15,3)
77,(15,14),(15,2)
78,(14,2),(15,13)
79,(14,1),(15,12)
80,(13,1),(14,0),(14,12)
81,(13,0),(15,0)
82,(12,0)
83,(11,0)
84,(11,1)
85,(12,1)
86,(12,2)
87,(12,3)
88,(12,4)
89,(11,4)
90,(11,5)
91,(12,5)
92,(13,5)
93,(13,4)
94,(13,3)
95,(13,2),(14,3)
