0,(3,1)
1,(2,1)
2,(1,1)
3,(1,2)
4,(1,3)
5,(2,3)
6,(2,2)
7,(3,2)
8,(3,3)
9,(4,3)
10,(5,3)
11,(5,4)
12,(6,4)
13,(6,3)
14,(6,2),(7,3)
15,(6,1),(7,4),(8,3)
16,(7,1),(9,3)
17,(10,3),(7,0),(9,2),(9,4)
18,(10,4),(11,3),(6,0),(8,0),(9,5)
19,(10,5),(11,4),(12,3),(5,0),(8,1),(8,5),(9,0),(9,6)
20,(10,0),(13,3),(4,0),(7,5),(8,4),(8,6),(9,1)
21,(10,1),(11,0),(14,3),(3,0),(4,1),(6,5),(7,6)
22,(10,2),(11,1),(12,0),(14,4),(15,3),(2,0),(4,2),(5,1),(5,5),(6,6)
23,(1,0),(11,2),(12,1),(13,0),(13,4),(14,5),(15,4),(16,3),(4,5),(5,2),(5,6),(6,7)
24,(0,0),(12,4),(13,1),(14,0),(15,5),(16,4),(17,3),(4,6),(5,7),(6,8),(7,7)
25,(0,1),(12,5),(13,2),(14,1),(16,5),(17,4),(18,3),(3,6),(4,7),(5,8)
26,(0,2),(11,5),(13,5),(14,2),(15,1),(16,6),(18,4),(19,3),(3,5),(3,7)
27,(0,3),(11,6),(13,6),(15,2),(17,6),(18,5),(19,2),(19,4),(20,3),(3,4),(3,8)
28,(0,4),(10,6),(12,6),(14,6),(16,2),(18,2),(18,6),(19,5),(2,8),(20,2),(20,4),(21,3),(4,4),(4,8)
29,(0,5),(1,8),(10,7),(12,7),(17,2),(18,1),(19,6),(2,9),(20,1),(20,5),(21,2),(21,4),(22,3)
30,(0,8),(1,5),(1,9),(11,7),(12,8),(13,7),(18,0),(19,1),(2,10),(20,6),(21,5),(22,2),(22,4),(23,3)
31,(0,7),(0,9),(1,4),(11,8),(12,9),(13,8),(14,7),(17,0),(19,0),(2,11),(21,6),(22,1),(22,5),(23,4),(24,3),(3,10)
32,(0,10),(0,6),(10,8),(11,9),(13,9),(14,8),(15,7),(16,0),(17,1),(2,12),(2,4),(22,6),(23,1),(23,5),(24,4),(3,11),(4,10)
33,(0,11),(1,10),(1,12),(1,6),(13,10),(14,9),(15,0),(15,6),(15,8),(16,1),(16,7),(2,13),(2,5),(23,6),(24,1),(24,5),(25,4),(3,12),(4,11),(4,9),(5,10),(9,8)
34,(0,12),(1,11),(1,13),(1,7),(13,11),(14,10),(16,8),(17,7),(2,14),(2,6),(24,0),(24,2),(24,6),(25,1),(25,5),(3,13),(3,9),(4,12),(5,11),(5,9),(8,8),(9,9)
35,(0,13),(13,12),(14,11),(15,10),(16,9),(17,8),(18,7),(2,7),(23,0),(24,7),(25,0),(25,2),(25,6),(26,1),(3,14),(4,13),(5,12),(6,11),(6,9),(8,7),(8,9)
36,(0,14),(13,13),(14,12),(15,11),(16,10),(17,9),(18,8),(19,7),(22,0),(24,8),(25,3),(25,7),(26,0),(26,2),(26,6),(27,1),(3,15),(4,14),(5,13),(6,10),(6,12),(7,9)
37,(0,15),(1,14),(14,13),(15,12),(16,11),(17,10),(18,9),(19,8),(20,7),(21,0),(25,8),(26,3),(26,7),(27,6),(28,1),(4,15),(5,14),(6,13),(7,10),(7,12)
38,(0,16),(1,15),(15,13),(16,12),(17,11),(18,10),(19,9),(20,0),(20,8),(21,1),(21,7),(26,4),(26,8),(27,3),(28,0),(28,2),(29,1),(5,15),(6,14),(7,11),(7,13),(8,10),(8,12)
39,(0,17),(1,16),(15,14),(16,13),(17,12),(18,11),(19,10),(2,15),(20,9),(21,8),(22,7),(26,5),(26,9),(27,4),(27,8),(28,3),(29,0),(29,2),(30,1),(6,15),(7,14),(8,11),(8,13),(9,10),(9,12)
40,(0,18),(1,17),(10,10),(15,15),(16,14),(17,13),(18,12),(19,11),(2,16),(20,10),(21,9),(23,7),(26,10),(27,5),(27,9),(28,8),(29,3),(30,0),(30,2),(31,1),(6,16),(7,15),(8,14),(9,11),(9,13)
41,(0,19),(1,18),(10,11),(10,13),(11,10),(16,15),(17,14),(18,13),(19,12),(20,11),(21,10),(22,9),(23,8),(27,10),(28,5),(28,9),(29,4),(3,16),(30,3),(31,0),(31,2),(5,16),(6,17),(7,16),(8,15),(9,14)
42,(0,20),(1,19),(10,14),(11,11),(12,10),(17,15),(18,14),(19,13),(2,18),(20,12),(21,11),(22,10),(23,9),(28,10),(28,6),(29,5),(3,17),(30,4),(31,3),(4,16),(5,17),(6,18),(7,17),(8,16),(9,15)
43,(0,21),(1,20),(10,15),(11,12),(11,14),(12,11),(17,16),(18,15),(19,14),(2,19),(20,13),(21,12),(22,11),(23,10),(24,9),(28,7),(29,10),(29,6),(3,18),(30,5),(31,4),(4,17),(5,18),(7,18),(8,17)
44,(0,22),(1,21),(11,13),(11,15),(12,12),(17,17),(2,20),(21,13),(22,12),(23,11),(24,10),(25,9),(29,7),(3,19),(30,10),(30,6),(31,5),(4,18),(5,19),(7,19),(8,18),(9,17)
45,(0,23),(1,22),(12,13),(12,15),(16,17),(2,21),(22,13),(23,12),(24,11),(29,8),(3,20),(30,11),(30,7),(31,10),(31,6),(4,19),(5,20),(6,19),(9,16),(9,18)
46,(0,24),(1,23),(10,16),(10,18),(12,14),(12,16),(13,15),(16,16),(2,22),(23,13),(24,12),(25,11),(29,9),(3,21),(30,12),(30,8),(31,11),(31,7),(4,20),(6,20)
47,(0,25),(1,24),(11,16),(13,14),(13,16),(14,15),(15,16),(2,23),(24,13),(25,12),(26,11),(3,22),(30,9),(31,12),(31,8),(4,21),(7,20)
48,(0,26),(1,25),(11,17),(14,14),(14,16),(15,17),(2,24),(25,13),(26,12),(27,11),(3,23),(31,13),(31,9),(4,22),(5,21),(7,21)
49,(0,27),(1,26),(10,17),(11,18),(12,17),(14,17),(25,14),(26,13),(27,12),(28,11),(3,24),(30,13),(31,14),(4,23),(5,22),(6,21),(7,22)
50,(0,28),(1,27),(12,18),(13,17),(14,18),(2,26),(28,12),(29,11),(29,13),(3,25),(30,14),(31,15),(4,24),(5,23),(7,23)
51,(0,29),(1,28),(13,18),(2,27),(28,13),(29,12),(3,26),(30,15),(31,16),(4,25),(6,23),(7,24),(8,23)
52,(0,30),(1,29),(2,28),(28,14),(29,15),(3,27),(31,17),(4,26),(5,25),(6,24),(8,22),(8,24),(9,23)
53,(0,31),(1,30),(10,23),(2,29),(27,14),(28,15),(29,14),(3,28),(31,18),(4,27),(5,26),(6,25),(8,21),(9,22),(9,24)
54,(1,31),(10,24),(11,23),(3,29),(30,18),(4,28),(5,27),(6,26),(7,25),(8,20),(9,25)
55,(10,25),(11,24),(12,23),(2,31),(29,18),(3,30),(30,17),(30,19),(4,29),(5,28),(6,27),(7,26),(8,19),(8,25)
56,(10,26),(11,25),(12,24),(29,17),(29,19),(3,31),(31,19),(4,30),(5,29),(6,28),(7,27),(8,26),(9,19)
57,(10,19),(10,27),(11,26),(12,25),(28,17),(28,19),(29,20),(4,31),(5,30),(6,29),(7,28),(8,27),(9,20),(9,26)
58,(10,20),(11,27),(12,26),(28,16),(28,18),(28,20),(29,21),(30,20),(5,31),(6,30),(7,29),(8,28),(9,21),(9,27)
59,(10,21),(11,28),(12,27),(13,26),(27,16),(28,21),(29,16),(29,22),(30,21),(6,31),(7,30),(8,29),(9,28)
60,(10,28),(11,21),(12,28),(13,27),(14,26),(26,16),(27,15),(28,22),(30,16),(30,22),(31,21),(8,30),(9,29)
61,(10,29),(11,20),(12,29),(13,28),(25,16),(26,17),(27,22),(28,23),(31,22),(8,31),(9,30)
62,(10,30),(11,19),(12,20),(12,30),(13,29),(14,28),(24,16),(26,18),(26,22),(27,23),(29,23),(9,31)
63,(10,31),(11,30),(12,19),(12,31),(13,20),(13,30),(24,15),(24,17),(25,22),(26,19),(26,21),(26,23),(27,24),(29,24),(30,23)
64,(11,31),(13,19),(13,21),(13,31),(14,30),(23,15),(23,17),(24,18),(24,22),(25,15),(25,17),(25,21),(25,23),(26,20),(26,24),(27,19),(27,21),(27,25),(28,24),(29,25),(30,24),(31,23)
65,(12,21),(14,21),(14,31),(22,15),(23,16),(23,18),(23,22),(24,21),(25,18),(25,20),(25,24),(26,25),(27,20),(27,26),(28,25),(29,26),(30,25),(31,24)
66,(12,22),(22,14),(22,16),(22,18),(22,22),(23,19),(23,21),(23,23),(24,20),(26,26),(30,26),(31,25)
67,(11,22),(13,22),(21,14),(21,22),(22,17),(22,19),(22,21),(22,23),(23,14),(23,20),(23,24),(24,19),(24,23),(25,26),(26,27),(31,26)
68,(13,23),(20,14),(21,15),(21,19),(21,23),(22,20),(24,14),(24,24),(24,26),(25,19),(27,27)
69,(13,24),(14,23),(20,15),(20,23),(21,16),(21,18),(21,20),(24,25),(24,27),(27,28),(28,27)
70,(13,25),(14,22),(14,24),(20,18),(20,20),(20,24),(21,17),(21,21),(24,28),(27,29),(28,28),(29,27)
71,(14,25),(15,22),(19,18),(19,20),(19,24),(20,17),(20,19),(20,21),(20,25),(21,24),(23,28),(24,29),(25,28),(27,30),(30,27)
72,(15,23),(15,25),(18,24),(19,17),(19,19),(19,23),(19,25),(21,25),(23,27),(25,29),(26,28),(26,30),(27,31),(28,30),(31,27)
73,(15,24),(15,26),(16,23),(16,25),(18,17),(18,23),(18,25),(19,16),(19,22),(21,26),(23,26),(25,30),(26,29),(26,31),(28,29),(28,31),(29,30)
74,(15,27),(16,22),(16,24),(16,26),(17,23),(17,25),(18,18),(18,22),(20,16),(20,22),(21,27),(22,26),(25,31),(30,30)
75,(15,28),(16,27),(17,18),(17,22),(17,24),(17,26),(22,25),(22,27),(24,31),(30,29)
76,(15,29),(16,18),(16,28),(17,21),(17,27),(18,26),(23,25),(23,31),(29,29),(30,28)
77,(15,18),(15,30),(16,21),(16,29),(17,20),(18,21),(18,27),(19,26),(23,30),(29,28),(31,28)
78,(15,19),(15,21),(15,31),(16,20),(16,30),(17,19),(17,29),(18,20),(18,28),(19,21),(19,27),(20,26),(22,30),(31,29)
79,(14,19),(15,20),(16,19),(16,31),(17,30),(19,28),(20,27),(21,30),(22,31),(31,30)
80,(14,20),(17,31),(18,30),(19,29),(20,28),(20,30),(31,31)
81,(18,31),(19,30),(21,28),(30,31)
82,(19,31),(21,29),(22,28),(29,31)
83,(20,31),(22,29)
84,(21,31),(23,29)
