0,(2,24)
1,(2,23),(2,25)
2,(1,23),(1,25),(2,26)
3,(1,24),(1,26)
4,(0,24),(0,26),(1,27)
5,(0,23),(0,27),(2,27)
6,(0,22),(0,28),(3,27)
7,(0,21),(1,28),(4,27)
8,(0,20),(2,28),(4,26)
9,(0,19),(3,28),(4,25)
10,(0,18),(3,25),(3,29)
11,(0,17),(2,29),(3,24),(3,26)
12,(1,17),(2,30),(3,23)
13,(1,18),(3,30),(4,23)
14,(1,19),(3,31),(4,30),(5,23)
15,(2,19),(2,31),(4,31),(5,30),(6,23)
16,(1,31),(3,19),(5,29),(5,31),(6,22)
17,(0,31),(3,18),(4,29),(6,21),(6,31)
18,(0,30),(2,18),(4,18),(4,28),(5,21),(7,31)
19,(0,29),(2,17),(4,21),(5,18),(5,20),(5,28),(7,30),(8,31)
20,(1,29),(2,16),(3,21),(4,20),(5,17),(6,18),(6,28),(6,30),(8,30),(9,31)
21,(1,30),(2,15),(2,21),(3,16),(3,20),(4,19),(5,16),(6,19),(6,27),(6,29),(8,29),(9,30)
22,(10,30),(2,20),(3,15),(3,17),(5,19),(6,16),(6,20),(6,26),(7,29),(8,28),(9,29)
23,(1,20),(11,30),(3,14),(4,17),(6,15),(6,25),(7,20),(7,28),(9,28)
24,(1,21),(10,28),(11,29),(11,31),(2,14),(4,16),(7,15),(7,25),(8,20)
25,(1,14),(1,22),(10,27),(10,29),(10,31),(11,28),(12,31),(4,15),(7,16),(7,26),(8,19)
26,(0,14),(1,15),(11,27),(12,30),(2,22),(4,14),(5,15),(7,17),(7,27),(8,26),(9,19)
27,(0,13),(0,15),(12,27),(13,30),(3,22),(5,14),(6,17),(8,27),(9,18)
28,(0,12),(0,16),(1,13),(12,28),(13,29),(4,22),(6,14),(8,18),(9,27)
29,(0,11),(1,16),(12,29),(14,29),(2,13),(5,22),(6,13),(7,18),(8,17),(9,26)
30,(0,10),(10,26),(14,30),(2,12),(3,13),(5,13),(6,12),(7,19),(8,16),(9,25)
31,(0,9),(1,10),(1,12),(11,26),(14,31),(2,11),(4,13),(5,12),(8,25),(9,16),(9,24)
32,(0,8),(1,11),(1,9),(12,26),(13,31),(15,31),(2,10),(5,11),(8,24),(9,17)
33,(1,8),(10,17),(12,25),(16,31),(3,10),(4,11),(7,24)
34,(1,7),(10,18),(12,24),(17,31),(2,8),(3,11),(4,10),(6,24),(7,23)
35,(0,7),(11,18),(13,24),(17,30),(2,7),(3,12),(4,9),(5,24),(7,22)
36,(0,6),(11,17),(13,25),(16,30),(18,30),(2,6),(3,7),(3,9),(4,12),(4,24),(5,25),(7,21),(8,22)
37,(0,5),(1,6),(12,17),(13,26),(14,25),(15,30),(18,31),(2,5),(3,6),(3,8),(5,26),(8,21),(8,23)
38,(0,4),(1,5),(12,18),(13,17),(14,24),(15,29),(19,31),(2,4),(3,5),(4,8),(5,27),(9,21)
39,(0,3),(12,19),(13,16),(14,23),(15,28),(19,30),(2,3),(4,5),(5,8),(9,22)
40,(0,2),(1,3),(12,16),(13,19),(13,23),(14,28),(15,27),(19,29),(2,2),(20,30),(4,6),(5,5),(6,8),(9,23)
41,(0,1),(1,2),(1,4),(10,23),(12,15),(12,23),(13,28),(14,19),(16,27),(18,29),(2,1),(20,29),(4,7),(5,4),(6,5),(6,9)
42,(0,0),(1,1),(10,22),(11,15),(12,22),(13,15),(13,27),(14,20),(17,27),(17,29),(20,28),(4,4),(5,7),(5,9),(6,6),(7,5),(7,9)
43,(1,0),(10,15),(10,21),(11,22),(12,21),(13,14),(14,27),(15,20),(17,28),(20,27),(3,4),(5,10),(5,6),(6,7),(7,10),(7,4),(7,6),(8,5),(8,9)
44,(10,16),(11,21),(11,23),(12,20),(14,14),(14,26),(15,21),(16,20),(16,28),(19,27),(2,0),(3,3),(6,10),(6,4),(7,3),(8,10),(8,4),(8,6),(8,8),(9,5),(9,9)
45,(10,9),(11,16),(11,20),(11,24),(13,20),(14,15),(15,22),(15,26),(16,21),(16,29),(19,28),(3,0),(4,3),(6,11),(6,3),(7,8),(8,11),(8,3),(9,10),(9,4),(9,8)
46,(10,10),(10,4),(10,8),(11,19),(11,25),(13,21),(15,15),(16,26),(17,21),(18,28),(3,1),(5,3),(7,11),(7,7),(8,2),(9,11)
47,(10,11),(10,19),(10,25),(10,5),(10,7),(14,21),(15,16),(17,26),(18,21),(18,27),(3,2),(7,12),(8,7),(9,12),(9,2)
48,(10,12),(10,20),(10,24),(10,6),(14,16),(14,22),(15,17),(17,25),(18,22),(18,26),(4,2),(8,12),(9,13),(9,3),(9,7)
49,(10,13),(10,3),(11,6),(13,22),(14,17),(15,18),(16,25),(17,22),(18,25),(5,2),(8,13),(9,14),(9,20),(9,6)
50,(10,14),(10,2),(12,6),(14,18),(15,25),(16,18),(16,22),(18,24),(5,1),(8,14),(9,15)
51,(10,1),(11,14),(12,7),(13,18),(15,24),(16,17),(16,23),(17,24),(4,1),(6,1),(7,14),(8,15)
52,(11,13),(11,7),(12,8),(15,23),(16,16),(16,24),(17,17),(17,23),(4,0),(6,2),(7,13),(9,1)
53,(11,8),(12,13),(13,8),(16,15),(17,18),(18,23),(5,0),(7,2),(8,1),(9,0)
54,(10,0),(11,9),(12,12),(12,14),(13,9),(14,8),(16,14),(17,19),(18,18),(19,23),(6,0),(8,0)
55,(11,0),(11,12),(12,9),(14,7),(14,9),(15,14),(16,19),(19,18),(20,23),(7,0)
56,(11,1),(11,11),(12,0),(12,10),(13,7),(15,13),(15,19),(15,9),(19,17),(20,24),(7,1)
57,(11,10),(11,2),(12,1),(12,11),(13,10),(13,6),(14,13),(15,12),(16,13),(16,9),(19,24),(20,17),(21,24)
58,(11,3),(12,2),(13,11),(13,13),(13,5),(14,6),(16,12),(16,8),(19,25),(20,16),(21,23),(21,25),(22,24)
59,(11,4),(12,3),(13,12),(13,4),(14,5),(17,12),(17,8),(19,16),(19,26),(20,25),(21,22),(22,23),(22,25)
60,(11,5),(12,4),(13,3),(15,5),(17,13),(17,7),(17,9),(18,16),(20,22),(20,26),(21,21),(23,23),(23,25)
61,(12,5),(13,2),(16,5),(16,7),(17,10),(17,14),(18,17),(18,9),(19,22),(20,21),(21,20),(22,21),(23,22),(23,24),(23,26),(24,25)
62,(15,7),(16,4),(17,15),(18,10),(18,8),(19,21),(20,20),(21,19),(22,20),(22,26),(23,21),(24,22),(24,24),(24,26),(25,25)
63,(15,4),(15,6),(15,8),(17,16),(18,11),(18,7),(19,20),(20,19),(21,18),(21,26),(24,23),(24,27),(25,24),(25,26)
64,(14,4),(16,6),(17,11),(18,20),(18,6),(19,19),(19,7),(20,18),(21,27),(22,18),(24,28),(25,23),(25,27)
65,(14,3),(16,11),(17,20),(17,6),(18,19),(19,6),(19,8),(20,7),(21,28),(22,19),(23,28),(25,28),(26,23),(26,27)
66,(14,2),(15,11),(17,5),(19,5),(19,9),(20,6),(20,8),(21,29),(21,7),(22,28),(23,19),(26,22),(26,24),(26,26),(26,28),(27,23),(27,27)
67,(14,11),(15,2),(18,5),(20,5),(20,9),(21,6),(21,8),(22,27),(22,29),(23,20),(26,21),(26,25),(26,29),(27,22),(27,24),(28,23),(28,27)
68,(14,10),(14,12),(15,1),(18,4),(20,4),(21,5),(21,9),(22,6),(22,8),(23,27),(23,29),(24,20),(25,21),(26,20),(27,21),(27,25),(27,29),(28,22),(28,24),(28,28),(29,23)
69,(14,1),(15,10),(17,4),(19,4),(20,3),(21,10),(21,4),(22,5),(22,7),(22,9),(23,6),(24,19),(24,21),(24,29),(27,20),(27,26),(27,30),(28,21),(28,25),(29,22),(29,24),(29,28)
70,(13,1),(16,10),(17,3),(20,2),(21,3),(22,10),(22,4),(23,5),(23,7),(24,18),(24,30),(26,30),(28,20),(28,26),(28,30),(29,21),(29,25),(29,27),(30,22),(30,24)
71,(13,0),(16,3),(20,1),(21,2),(23,10),(23,18),(23,30),(23,4),(24,17),(24,31),(25,30),(26,31),(28,29),(29,20),(29,26),(30,21),(30,25),(30,27),(31,22)
72,(14,0),(15,3),(16,2),(20,0),(21,1),(23,11),(23,17),(23,3),(23,31),(24,16),(25,31),(29,19),(29,29),(30,20),(30,26),(31,21),(31,23),(31,25)
73,(15,0),(16,1),(17,2),(19,0),(22,1),(22,3),(22,31),(23,12),(23,16),(25,16),(29,30),(30,19),(30,23),(31,20),(31,24),(31,26)
74,(16,0),(17,1),(19,1),(22,0),(22,12),(22,2),(22,30),(23,15),(25,17),(29,31),(30,30),(31,19),(31,27)
75,(17,0),(19,2),(21,0),(21,30),(22,11),(23,14),(23,2),(26,17),(28,31),(31,18),(31,28)
76,(18,0),(19,3),(21,11),(21,31),(23,1),(23,13),(27,17),(27,31),(30,18),(31,29)
77,(18,1),(18,3),(20,31),(21,12),(23,0),(24,13),(27,16),(29,18),(30,17),(30,29)
78,(18,2),(21,13),(24,0),(25,13),(26,16),(30,16),(30,28)
79,(21,14),(25,0),(25,14),(26,15),(29,16)
80,(22,14),(25,15),(26,0),(26,14),(28,16)
81,(22,13),(22,15),(24,15),(26,13),(27,0),(27,14),(28,17)
82,(22,16),(24,14),(26,12),(27,15),(28,0),(28,14),(28,18)
83,(22,17),(25,12),(27,18),(28,1),(28,13),(28,15)
84,(21,17),(24,12),(25,11),(26,18),(27,13),(28,12),(28,2),(29,15)
85,(21,16),(24,11),(25,10),(25,18),(26,11),(26,19),(27,12),(27,2),(28,3),(29,2),(30,15)
86,(21,15),(24,10),(25,19),(26,10),(27,1),(27,11),(27,19),(29,3),(30,2),(31,15)
87,(20,15),(24,9),(25,20),(26,1),(26,9),(27,10),(28,19),(29,4),(30,1),(30,3),(31,14),(31,16),(31,2)
88,(19,15),(23,9),(25,1),(27,9),(28,4),(29,1),(29,5),(30,0),(30,4),(31,1),(31,13),(31,3)
89,(19,14),(23,8),(24,1),(27,4),(28,5),(28,9),(29,0),(29,6),(30,13),(30,5),(31,0),(31,4)
90,(18,14),(20,14),(24,2),(24,8),(27,5),(28,6),(28,8),(29,7),(30,14),(30,6),(31,5)
91,(18,15),(20,13),(24,7),(25,2),(27,6),(28,7),(29,14),(29,8),(30,7),(31,6)
92,(20,12),(24,6),(26,2),(27,7),(29,13),(29,9),(30,8),(31,7)
93,(20,11),(24,5),(26,3),(27,8),(29,12),(30,9),(31,8)
94,(20,10),(25,3),(25,5),(26,8),(27,3),(29,11),(31,9)
95,(19,10),(24,3),(25,6),(26,7),(28,11),(31,10)
96,(19,11),(24,4),(25,7),(26,6),(28,10),(31,11)
97,(19,12),(25,4),(25,8),(26,5),(29,10),(31,12)
98,(18,12),(25,9),(26,4),(30,10),(30,12)
99,(18,13),(30,11)
100,(19,13)
