0,(2,1)
1,(1,1),(2,0),(2,2)
2,(1,0),(1,2),(3,0)
3,(0,0),(0,2),(1,3),(3,1)
4,(0,1),(0,3),(1,4),(2,3),(3,2),(4,1)
5,(0,4),(1,5),(2,4),(3,3),(4,2)
6,(0,5),(1,6),(2,5),(3,4),(4,3),(5,2)
7,(1,7),(2,6),(4,4),(5,3)
8,(0,7),(1,8),(2,7),(3,6),(5,4),(6,3)
9,(0,8),(1,9),(2,8),(3,7),(6,4),(7,3)
10,(0,9),(1,10),(3,8),(6,5),(7,4),(8,3)
11,(0,10),(1,11),(2,10),(4,8),(6,6),(8,2),(8,4),(9,3)
12,(1,12),(2,11),(3,10),(4,7),(5,8),(6,7),(7,2),(8,5),(9,2),(9,4)
13,(10,4),(2,12),(3,11),(3,9),(4,10),(5,7),(5,9),(6,2),(6,8),(7,7),(8,6),(9,5)
14,(10,5),(2,13),(3,12),(4,11),(4,9),(5,10),(6,1),(6,9),(7,6),(8,7),(9,6)
15,(1,13),(10,6),(11,5),(2,14),(3,13),(5,1),(5,11),(8,8),(9,7)
16,(0,13),(11,6),(3,14),(4,13),(5,0),(5,12),(6,11),(8,9)
17,(0,12),(0,14),(4,0),(5,13),(6,0),(6,10),(6,12),(7,11),(9,9)
18,(0,15),(1,14),(10,9),(5,14),(7,0),(7,10),(7,12),(9,10),(9,8)
19,(10,10),(10,8),(11,9),(4,14),(5,15),(6,14),(7,13),(7,9),(8,0),(8,10),(9,11)
20,(10,11),(11,10),(11,8),(12,9),(4,15),(6,13),(7,14),(8,1),(8,11),(8,13),(9,0),(9,12)
21,(10,0),(10,12),(11,11),(11,7),(12,10),(12,8),(13,9),(3,15),(7,1),(7,15),(8,12),(8,14),(9,1),(9,13)
22,(10,1),(10,13),(11,0),(11,12),(12,11),(12,7),(13,8),(14,9),(8,15),(9,14)
23,(10,14),(10,2),(11,1),(11,13),(12,0),(12,12),(12,6),(13,11),(13,7),(14,8),(15,9)
24,(10,15),(11,14),(11,2),(12,1),(12,13),(12,5),(13,0),(13,10),(13,12),(14,11),(15,10),(15,8)
25,(11,15),(12,14),(12,2),(12,4),(13,1),(13,13),(13,5),(14,0),(14,10),(15,11),(15,7)
26,(11,4),(12,15),(12,3),(13,14),(13,2),(13,6),(14,1),(14,7),(15,0),(15,12),(15,6)
27,(11,3),(13,15),(13,3),(14,12),(14,2),(15,1),(15,13)
28,(14,13),(14,3),(15,14)
29,(14,14),(15,15),(15,3)
30,(15,4)
31,(14,4),(15,5)
