0,(4,62)
1,(3,62),(4,61)
2,(3,61)
3,(3,60)
4,(3,59)
5,(2,59)
6,(1,59)
7,(1,58),(1,60)
8,(0,60),(2,60)
9,(0,61)
10,(0,62)
11,(0,63)
12,(1,63)
13,(1,62),(2,63)
14,(2,62),(3,63)
15,(2,61),(4,63)
16,(1,61),(5,63)
17,(5,62)
18,(5,61)
19,(6,61)
20,(6,60),(7,61)
21,(6,59),(7,60),(8,61)
22,(5,59),(7,59),(8,60),(8,62)
23,(5,60),(7,62),(8,59),(9,60)
24,(10,60),(4,60),(6,62),(9,59)
25,(10,59),(4,59),(6,63),(9,58)
26,(4,58),(7,63),(8,58),(9,57)
27,(3,58),(8,57),(8,63)
28,(2,58),(7,57),(9,63)
29,(2,57),(7,58),(9,62)
30,(1,57),(6,58),(9,61)
31,(1,56),(10,61),(5,58),(6,57)
32,(0,56),(1,55),(10,62),(5,57)
33,(0,55),(0,57),(10,63),(5,56)
34,(0,54),(0,58),(11,63),(6,56)
35,(0,59),(1,54),(12,63),(7,56)
36,(1,53),(12,62),(8,56)
37,(1,52),(11,62),(8,55)
38,(1,51),(11,61),(9,55)
39,(0,51),(10,55),(11,60),(9,54)
40,(0,52),(10,54),(12,60),(9,53)
41,(0,53),(11,54),(12,61),(8,53)
42,(12,54),(13,61),(8,52)
43,(12,53),(13,62),(9,52)
44,(11,53),(12,52),(13,63),(9,51)
45,(11,52),(13,52),(14,63),(8,51)
46,(10,52),(14,52),(15,63),(8,50)
47,(10,51),(10,53),(15,52),(16,63),(8,49)
48,(10,50),(15,53),(16,52),(17,63),(7,49)
49,(10,49),(14,53),(15,54),(16,53),(18,63),(6,49),(9,50)
50,(11,49),(13,53),(14,54),(16,54),(17,53),(19,63),(6,48),(9,49)
51,(11,48),(13,54),(17,54),(18,53),(20,63),(5,48)
52,(11,47),(13,55),(18,52),(18,54),(20,62),(4,48),(5,47)
53,(10,47),(12,47),(14,55),(17,52),(19,54),(21,62),(4,47)
54,(10,48),(12,46),(12,48),(14,56),(15,55),(17,51),(19,53),(21,63),(4,46)
55,(11,46),(13,48),(15,56),(18,51),(19,52),(22,63),(4,45),(5,46),(9,48)
56,(11,45),(16,56),(19,51),(20,52),(22,62),(3,45),(9,47)
57,(10,45),(11,44),(16,55),(17,56),(2,45),(20,51),(20,53),(23,62),(3,46),(8,47)
58,(1,45),(12,44),(17,55),(17,57),(18,56),(2,46),(21,51),(21,53),(23,63),(8,48),(9,45)
59,(1,46),(12,45),(16,57),(18,55),(21,52),(22,51),(24,63),(7,48),(8,45)
60,(0,46),(13,45),(16,58),(19,55),(22,50),(22,52),(24,62),(7,47),(8,44)
61,(0,47),(14,45),(15,58),(19,56),(22,49),(22,53),(24,61),(6,47),(8,43)
62,(1,47),(14,46),(15,57),(19,57),(22,54),(23,49),(23,61),(24,60),(6,46),(8,42)
63,(13,46),(14,57),(18,57),(2,47),(22,61),(23,54),(24,49),(25,60),(6,45),(8,41)
64,(13,47),(13,57),(18,58),(2,48),(21,61),(24,54),(25,49),(25,59),(3,47),(5,45),(7,41)
65,(13,58),(14,47),(17,58),(2,49),(20,61),(21,60),(24,55),(25,48),(25,50),(25,58),(3,48),(5,44),(6,41),(7,40)
66,(1,49),(12,58),(14,58),(15,47),(17,59),(20,60),(22,60),(23,55),(24,48),(24,56),(25,47),(25,55),(25,57),(26,50),(3,49),(4,44),(6,40),(6,44),(7,39)
67,(1,48),(12,57),(14,59),(15,46),(16,47),(16,59),(19,60),(22,55),(23,60),(24,47),(24,57),(25,46),(25,56),(26,49),(27,50),(3,44),(4,49),(6,39),(7,44),(8,39)
68,(0,48),(11,57),(14,60),(15,45),(16,48),(16,60),(18,60),(21,55),(23,47),(23,59),(24,58),(26,46),(26,48),(26,56),(27,49),(28,50),(3,43),(5,39),(5,49),(7,45),(8,40)
69,(0,49),(11,56),(13,60),(15,44),(15,60),(16,45),(16,49),(17,60),(18,59),(2,43),(21,54),(23,48),(23,58),(24,59),(26,47),(26,57),(27,48),(28,49),(28,51),(4,43),(5,40),(5,50),(7,46),(9,40)
70,(0,50),(12,56),(13,59),(15,49),(15,59),(15,61),(16,44),(16,46),(17,61),(19,59),(2,42),(20,54),(22,58),(26,58),(27,47),(28,48),(29,49),(29,51),(4,40),(4,50),(5,41),(8,46),(9,39)
71,(1,42),(1,50),(10,39),(12,55),(12,59),(13,56),(14,61),(15,48),(16,43),(17,62),(19,58),(20,55),(22,59),(27,58),(28,47),(29,48),(29,50),(29,52),(3,40),(3,50),(4,41),(9,38),(9,46)
72,(1,43),(10,40),(10,46),(11,55),(11,59),(14,48),(14,62),(15,43),(16,42),(18,62),(2,40),(2,50),(20,56),(20,58),(27,57),(29,47),(29,53),(30,50),(4,42),(9,37)
73,(1,44),(10,41),(11,58),(14,43),(14,49),(15,42),(15,62),(17,42),(19,62),(2,41),(2,51),(20,57),(21,56),(28,57),(29,54),(30,47),(30,49),(30,53),(5,42),(9,36)
74,(0,44),(10,36),(10,42),(10,58),(13,43),(13,49),(15,41),(16,62),(17,43),(19,61),(2,44),(21,57),(22,56),(28,58),(3,41),(3,51),(30,46),(30,48),(30,54),(31,53),(5,43),(8,36)
75,(0,45),(10,37),(10,57),(11,42),(12,49),(13,42),(13,44),(13,50),(16,41),(16,61),(17,44),(18,61),(21,58),(23,56),(28,59),(3,42),(3,52),(30,45),(30,55),(31,48),(31,54),(6,43),(8,37)
76,(10,56),(11,37),(12,42),(12,50),(14,42),(14,44),(17,41),(17,45),(21,59),(23,57),(28,60),(29,55),(29,59),(31,45),(31,49),(31,55),(32,54),(4,52),(7,43),(8,38)
77,(11,36),(11,50),(12,43),(14,41),(18,41),(20,59),(22,57),(27,60),(29,56),(29,58),(29,60),(31,44),(33,54),(4,51),(4,53),(7,42),(9,56)
78,(11,35),(11,43),(11,51),(12,36),(14,40),(18,40),(19,41),(27,59),(28,56),(29,57),(3,53),(30,44),(31,43),(33,53),(5,51),(5,53),(6,42)
79,(10,43),(11,34),(12,35),(12,51),(14,39),(19,40),(26,59),(28,55),(29,44),(30,43),(30,57),(32,43),(32,53),(5,52),(5,54)
80,(10,44),(13,35),(13,39),(13,51),(20,40),(26,60),(28,44),(28,54),(30,42),(31,57),(32,42),(32,52),(4,54),(6,52)
81,(12,39),(13,34),(14,51),(20,39),(20,41),(26,61),(28,45),(28,53),(3,54),(31,42),(31,52),(31,56),(33,42),(6,51),(9,44)
82,(11,39),(12,34),(14,50),(19,39),(2,54),(21,41),(25,61),(27,53),(28,46),(30,56),(31,41),(31,51),(33,41),(7,51),(9,43)
83,(11,40),(12,33),(15,50),(18,39),(2,53),(22,41),(25,62),(26,53),(27,46),(29,46),(30,51),(31,50),(32,41),(34,41),(7,50),(7,52),(9,42)
84,(11,33),(11,41),(13,33),(16,50),(17,39),(2,52),(22,40),(25,63),(26,52),(27,45),(29,45),(30,52),(32,40),(32,50),(34,42),(6,50),(7,53),(9,41)
85,(10,33),(12,41),(16,51),(17,38),(17,50),(22,39),(26,63),(27,52),(32,39),(32,49),(32,51),(35,42),(6,53)
86,(12,40),(15,51),(16,38),(17,49),(18,50),(21,39),(26,62),(27,51),(28,52),(31,39),(33,49),(36,42),(6,54),(9,33)
87,(13,40),(16,39),(17,48),(19,50),(21,40),(26,51),(27,62),(30,39),(31,40),(33,48),(33,50),(36,41),(37,42),(6,55),(9,32)
88,(13,41),(16,40),(17,47),(18,48),(19,49),(25,51),(27,61),(28,62),(29,39),(30,40),(32,48),(34,50),(35,41),(37,41),(5,55),(7,55),(9,31)
89,(15,40),(17,40),(17,46),(18,47),(18,49),(20,49),(25,52),(28,39),(28,61),(29,40),(30,41),(32,47),(34,49),(35,40),(37,40),(4,55),(7,54),(9,30)
90,(15,39),(18,46),(20,50),(24,52),(27,39),(28,40),(29,61),(3,55),(31,47),(35,39),(35,49),(36,40),(8,54),(9,29)
91,(10,29),(15,38),(18,45),(2,55),(21,50),(24,51),(27,40),(29,62),(31,46),(34,39),(35,48),(36,39)
92,(10,30),(15,37),(19,45),(2,56),(21,49),(24,50),(26,40),(29,63),(30,62),(32,46),(33,39),(34,48),(37,39)
93,(10,31),(14,37),(19,44),(21,48),(23,50),(26,39),(28,63),(3,56),(30,63),(32,45),(33,40),(38,39)
94,(10,32),(14,38),(18,44),(19,43),(22,48),(23,51),(26,38),(27,63),(31,63),(32,44),(34,40),(38,40),(4,56)
95,(11,32),(13,38),(18,43),(20,43),(22,47),(23,52),(27,38),(32,63),(38,41),(4,57)
96,(11,31),(12,32),(13,37),(18,42),(20,44),(21,47),(23,53),(28,38),(3,57),(32,62),(39,41)
97,(12,31),(12,37),(13,32),(13,36),(19,42),(21,44),(21,46),(24,53),(29,38),(31,62),(39,40),(40,41)
98,(12,38),(13,31),(14,32),(20,42),(20,46),(22,44),(25,53),(29,37),(31,61),(39,39),(40,40),(40,42),(41,41)
99,(11,38),(13,30),(14,31),(15,32),(19,46),(21,42),(22,43),(25,54),(30,37),(30,61),(39,38),(39,42),(41,40),(41,42),(42,41)
100,(10,38),(12,30),(15,31),(15,33),(19,47),(21,43),(22,42),(26,54),(30,36),(30,60),(31,37),(38,38),(38,42),(42,40),(42,42)
101,(11,30),(14,33),(16,31),(16,33),(19,48),(23,42),(26,55),(30,59),(31,36),(38,37),(42,43),(43,40)
102,(11,29),(14,34),(16,32),(17,31),(20,48),(23,43),(27,55),(30,58),(31,35),(37,37),(42,44),(43,41),(43,43)
103,(11,28),(14,35),(17,30),(17,32),(18,31),(20,47),(23,44),(27,54),(27,56),(30,35),(31,58),(32,35),(36,37),(37,36),(42,45),(43,42),(43,44),(44,43)
104,(10,28),(14,36),(17,33),(18,30),(19,31),(24,44),(29,35),(30,34),(31,59),(32,36),(32,58),(35,37),(38,36),(41,45),(43,45),(44,42),(44,44)
105,(10,27),(15,36),(18,33),(19,30),(24,43),(29,34),(29,36),(31,60),(32,37),(32,59),(35,36),(38,35),(39,36),(41,44),(43,46),(44,41),(44,45),(45,42)
106,(15,35),(16,36),(18,32),(19,29),(25,43),(29,33),(32,38),(32,60),(35,35),(38,34),(39,37),(41,43),(42,46),(43,47),(44,40),(44,46),(45,43),(9,27)
107,(15,34),(18,29),(19,28),(19,32),(25,44),(26,43),(30,33),(31,38),(32,61),(34,35),(37,34),(40,37),(40,43),(42,47),(43,48),(45,40),(45,46),(46,43),(9,28)
108,(16,34),(18,28),(19,33),(26,44),(30,38),(33,35),(33,61),(37,35),(40,44),(41,37),(42,48),(43,49),(44,48),(45,39),(46,42),(46,46)
109,(16,35),(17,28),(20,33),(26,45),(27,44),(33,36),(33,60),(36,35),(40,45),(42,37),(42,49),(43,50),(44,39),(44,47),(46,45),(47,42)
110,(17,27),(17,35),(20,34),(25,45),(27,43),(33,37),(34,60),(36,36),(40,46),(41,49),(42,38),(43,39),(44,50),(45,47),(46,44),(47,41)
111,(16,27),(17,34),(21,34),(24,45),(28,43),(33,38),(34,37),(35,60),(41,46),(41,50),(42,39),(43,38),(45,44),(45,48),(45,50),(47,40),(48,41)
112,(15,27),(18,34),(21,33),(24,46),(29,43),(34,36),(34,38),(35,59),(40,50),(41,39),(41,47),(43,37),(45,45),(45,49),(45,51),(46,40),(48,40),(48,42)
113,(14,27),(15,28),(19,34),(21,32),(23,46),(29,42),(35,38),(36,59),(39,50),(40,39),(40,47),(40,49),(40,51),(43,36),(44,49),(44,51),(46,41),(46,51),(49,42)
114,(13,27),(14,28),(16,28),(19,35),(20,32),(22,46),(23,45),(29,41),(36,38),(37,59),(38,50),(39,47),(40,38),(40,52),(42,36),(43,35),(43,51),(45,41),(47,51),(50,42)
115,(13,28),(16,29),(19,36),(20,31),(22,45),(28,41),(37,38),(37,58),(37,60),(38,49),(39,46),(41,36),(41,38),(41,52),(42,35),(43,52),(44,35),(47,52),(48,51)
116,(13,29),(16,30),(17,29),(19,37),(21,31),(21,45),(27,41),(36,60),(37,57),(39,45),(39,49),(41,35),(41,51),(41,53),(42,34),(44,34),(44,52),(47,53),(48,52)
117,(12,29),(15,30),(18,37),(20,45),(22,31),(26,41),(36,57),(36,61),(38,45),(39,48),(40,53),(41,34),(43,34),(44,33),(45,34),(45,52),(48,53)
118,(12,28),(14,30),(17,37),(18,38),(22,30),(26,42),(35,57),(36,62),(38,46),(40,48),(40,54),(41,33),(43,33),(44,32),(45,33),(45,53),(46,52),(49,53)
119,(12,27),(14,29),(16,37),(17,36),(19,38),(21,30),(25,42),(27,42),(35,58),(35,62),(37,46),(38,47),(40,33),(40,55),(41,48),(41,54),(42,33),(45,32),(45,54),(46,53),(50,53)
120,(11,27),(15,29),(18,36),(20,38),(21,29),(25,41),(28,42),(35,63),(36,58),(37,45),(37,47),(38,48),(39,33),(40,34),(41,55),(42,54),(44,54),(45,55),(46,32),(46,54),(51,53)
121,(11,26),(18,35),(21,28),(21,38),(24,41),(34,63),(36,45),(36,47),(36,63),(37,48),(39,32),(39,34),(41,56),(42,55),(44,53),(46,33),(46,55),(47,32),(47,54)
122,(10,26),(12,26),(21,27),(21,37),(22,38),(24,42),(34,62),(35,45),(35,47),(36,46),(36,48),(37,63),(38,32),(39,35),(40,56),(42,56),(43,53),(47,31),(47,33)
123,(10,25),(20,27),(21,36),(33,62),(34,45),(34,61),(35,46),(36,49),(38,31),(38,33),(38,63),(40,35),(40,57),(42,53),(43,56),(47,34)
124,(11,25),(19,27),(20,28),(21,35),(22,36),(33,45),(33,63),(34,44),(34,46),(35,61),(37,31),(37,49),(39,63),(40,36),(42,52),(43,57),(46,34)
125,(12,25),(18,27),(20,29),(20,35),(22,35),(22,37),(33,44),(34,47),(37,32),(37,50),(39,62),(42,51),(43,58),(46,35)
126,(13,25),(20,30),(20,36),(22,34),(23,37),(33,43),(33,47),(36,32),(37,33),(37,51),(38,62),(42,50),(42,58),(46,36)
127,(13,26),(14,25),(20,37),(22,33),(23,38),(33,46),(34,43),(36,31),(36,33),(38,51),(38,61),(42,57),(45,36),(46,37)
128,(14,26),(22,32),(35,43),(36,30),(36,34),(37,61),(39,51),(39,61),(41,57),(45,35),(46,38),(47,37)
129,(15,26),(35,34),(35,44),(37,30),(37,62),(39,52),(39,60),(41,58),(45,38),(46,39),(47,36)
130,(15,25),(34,34),(36,44),(38,30),(38,60),(39,53),(40,58),(44,38),(47,39),(48,36)
131,(16,25),(33,34),(37,44),(38,59),(39,30),(39,54),(39,58),(40,59),(44,37),(47,38),(48,37)
132,(16,26),(17,25),(32,34),(38,44),(38,54),(38,58),(39,31),(39,59),(40,60),(44,36),(45,37),(48,38),(49,37)
133,(17,26),(18,25),(31,34),(32,33),(37,54),(38,57),(39,44),(40,31),(40,61),(48,39),(49,36),(50,37)
134,(18,24),(18,26),(31,33),(37,53),(38,56),(39,43),(39,57),(40,30),(40,62),(49,35),(49,39),(50,36)
135,(17,24),(19,26),(31,32),(36,53),(38,43),(39,56),(40,29),(40,63),(41,30),(41,62),(48,35),(49,38),(51,36)
136,(17,23),(20,26),(30,32),(35,53),(37,43),(39,29),(39,55),(41,61),(41,63),(47,35),(48,34),(50,38),(51,35)
137,(16,23),(21,26),(29,32),(30,31),(35,52),(36,43),(38,55),(39,28),(42,61),(42,63),(48,33),(50,35),(51,38)
138,(16,24),(22,26),(28,32),(29,31),(31,31),(35,51),(37,55),(38,28),(39,27),(42,62),(43,61),(48,32),(50,34),(52,38)
139,(15,24),(22,27),(28,33),(29,30),(31,30),(35,50),(37,56),(40,27),(43,60),(43,62),(48,31),(51,34),(52,39)
140,(15,23),(22,28),(28,34),(30,30),(31,29),(36,50),(36,56),(40,26),(40,28),(43,59),(44,62),(49,31),(51,39),(52,34)
141,(14,23),(22,29),(23,28),(28,35),(30,29),(35,56),(36,51),(41,26),(41,28),(42,59),(44,63),(45,62),(49,30),(50,31),(51,40),(52,35)
142,(14,24),(23,29),(24,28),(28,36),(29,29),(35,55),(36,52),(41,27),(41,29),(41,59),(42,26),(43,63),(45,61),(45,63),(49,29),(50,30),(51,31),(52,36),(52,40)
143,(13,24),(24,29),(25,28),(27,36),(28,29),(34,55),(36,55),(37,52),(41,60),(42,25),(42,27),(44,61),(49,28),(50,29),(51,32),(52,37),(53,36),(53,40)
144,(13,23),(25,27),(25,29),(26,36),(28,28),(34,56),(36,54),(38,52),(42,24),(42,28),(42,60),(43,25),(43,27),(44,60),(50,28),(51,29),(51,37),(53,35),(54,40)
145,(12,23),(24,27),(26,35),(26,37),(27,28),(29,28),(34,57),(35,54),(38,53),(41,24),(42,23),(42,29),(43,24),(43,26),(44,27),(44,59),(45,60),(51,28),(51,30),(54,35),(55,40)
146,(12,22),(12,24),(23,27),(24,26),(26,28),(27,27),(27,35),(27,37),(33,57),(34,54),(41,23),(42,22),(43,23),(43,29),(44,26),(44,58),(45,27),(45,59),(46,60),(51,27),(52,30),(54,36),(55,39)
147,(11,24),(13,22),(23,26),(25,26),(26,27),(27,26),(27,34),(28,37),(33,56),(33,58),(34,53),(40,23),(41,22),(43,22),(43,28),(44,57),(45,26),(45,58),(52,31),(55,36),(55,38)
148,(10,24),(14,22),(23,25),(26,26),(27,33),(28,26),(33,55),(33,59),(34,52),(39,23),(41,21),(43,21),(44,28),(44,56),(45,25),(45,57),(46,26),(52,32),(54,38),(55,35)
149,(10,23),(14,21),(22,25),(23,24),(26,25),(26,33),(27,32),(28,27),(29,26),(32,55),(34,51),(34,59),(38,23),(39,24),(42,21),(43,20),(44,25),(44,55),(45,28),(45,56),(46,25),(52,33),(54,39),(55,34)
150,(11,23),(14,20),(22,24),(25,33),(27,25),(29,27),(30,26),(32,56),(33,51),(34,58),(38,24),(42,20),(43,19),(43,55),(44,24),(45,29),(46,56),(47,25),(51,33),(53,39),(56,34),(9,23)
151,(14,19),(21,24),(24,33),(25,32),(27,24),(28,25),(30,27),(31,26),(32,57),(33,52),(37,24),(42,19),(43,18),(43,54),(44,23),(45,30),(46,57),(47,26),(50,33),(53,38),(56,35),(9,24)
152,(15,19),(21,25),(23,33),(24,34),(26,24),(26,32),(28,24),(30,28),(36,24),(42,18),(43,17),(44,22),(44,30),(47,27),(47,57),(50,32),(53,37),(57,35),(9,25)
153,(16,19),(23,32),(23,34),(24,35),(26,23),(26,31),(31,28),(35,24),(36,23),(36,25),(41,18),(44,17),(44,29),(45,22),(47,28),(47,58),(49,32),(54,37),(57,36),(8,25),(9,26)
154,(16,18),(23,35),(24,32),(25,23),(25,31),(31,27),(35,23),(35,25),(36,26),(37,23),(41,19),(44,16),(45,17),(45,23),(46,22),(46,28),(46,58),(48,58),(49,33),(55,37),(56,36),(8,24),(8,26)
155,(16,17),(23,36),(24,31),(25,22),(25,30),(32,27),(35,22),(36,27),(41,20),(44,15),(45,16),(46,23),(46,27),(46,59),(47,22),(49,34),(56,37),(8,23),(8,27)
156,(16,16),(23,31),(24,36),(25,21),(26,30),(32,26),(32,28),(33,27),(35,21),(36,22),(36,28),(40,20),(43,15),(45,15),(46,16),(46,24),(47,23),(47,59),(48,22),(57,37),(8,28)
157,(17,16),(23,30),(24,21),(25,36),(26,29),(33,28),(34,21),(34,27),(35,20),(36,21),(36,29),(37,22),(39,20),(43,16),(45,24),(46,15),(47,60),(48,23),(57,38),(7,28)
158,(18,16),(23,21),(24,22),(24,30),(25,35),(25,37),(27,29),(33,21),(34,26),(34,28),(36,20),(37,21),(37,29),(38,20),(42,16),(47,15),(47,61),(56,38),(58,38),(7,29)
159,(19,16),(23,22),(24,37),(25,34),(25,38),(27,30),(32,21),(34,29),(35,26),(37,20),(37,28),(38,21),(38,29),(42,17),(46,61),(47,16),(56,39),(58,37),(8,29)
160,(20,16),(22,22),(24,38),(25,39),(26,34),(27,31),(31,21),(32,22),(35,27),(37,19),(37,27),(38,22),(39,21),(41,17),(46,62),(56,40),(57,39),(58,36),(8,30)
161,(20,15),(21,22),(25,40),(28,31),(31,20),(32,23),(35,28),(37,18),(37,26),(38,19),(38,27),(39,22),(41,16),(46,63),(56,41),(57,40),(59,36),(7,30)
162,(19,15),(21,21),(21,23),(24,40),(28,30),(30,20),(32,24),(33,23),(35,29),(37,25),(38,18),(38,26),(39,19),(40,22),(47,63),(55,41),(56,42),(57,41),(59,37),(6,30)
163,(19,14),(22,21),(22,23),(23,40),(29,20),(33,24),(34,23),(35,30),(38,17),(38,25),(39,18),(39,26),(40,19),(40,21),(47,62),(54,41),(55,42),(56,43),(57,42),(59,38),(6,31)
164,(20,14),(22,20),(23,23),(23,39),(23,41),(29,19),(29,21),(33,25),(34,22),(34,24),(34,30),(35,31),(37,17),(39,17),(39,25),(40,18),(48,62),(53,41),(55,43),(57,43),(60,38),(7,31)
165,(20,13),(21,14),(21,20),(23,20),(24,23),(24,39),(28,19),(30,19),(30,21),(33,22),(33,26),(33,30),(34,25),(37,16),(40,17),(40,25),(49,62),(52,41),(54,43),(55,44),(57,44),(60,39),(8,31)
166,(19,13),(21,15),(21,19),(23,19),(24,24),(28,20),(33,29),(36,16),(40,16),(40,24),(41,25),(50,62),(54,42),(54,44),(55,45),(57,45),(58,44),(60,40),(8,32)
167,(18,13),(20,19),(21,16),(22,19),(24,19),(24,25),(28,21),(32,29),(36,17),(39,16),(50,61),(53,42),(56,45),(58,45),(59,44),(61,40),(7,32)
168,(17,13),(18,12),(19,19),(21,17),(22,18),(24,20),(25,25),(28,22),(32,30),(35,17),(39,15),(49,61),(53,43),(56,44),(58,46),(59,45),(6,32),(62,40)
169,(17,14),(18,11),(19,20),(21,18),(22,17),(25,24),(29,22),(32,31),(34,17),(35,16),(39,14),(40,15),(48,61),(5,32),(57,46),(59,46),(60,45),(62,39),(63,40)
170,(17,11),(18,14),(20,18),(20,20),(22,16),(30,22),(32,32),(33,17),(34,16),(35,15),(38,14),(41,15),(48,60),(5,31),(57,47),(60,44),(60,46),(61,39),(63,41)
171,(17,10),(18,15),(19,18),(20,21),(23,16),(31,22),(33,16),(33,18),(33,32),(34,15),(35,14),(38,15),(42,15),(48,59),(5,30),(57,48),(61,38),(61,44),(63,42)
172,(17,15),(18,10),(18,18),(20,22),(23,17),(31,23),(33,15),(33,19),(33,31),(35,13),(38,16),(42,14),(49,59),(5,29),(57,49),(61,37),(61,43),(63,43)
173,(16,15),(18,17),(18,9),(19,10),(20,23),(23,18),(30,23),(32,15),(32,19),(34,31),(36,13),(4,29),(41,14),(43,14),(49,60),(50,59),(57,50),(60,37),(60,43),(63,44)
174,(16,14),(19,17),(19,9),(20,24),(24,18),(30,24),(31,19),(32,16),(32,20),(34,32),(36,14),(37,13),(4,30),(40,14),(50,60),(51,59),(58,50),(60,36),(60,42),(62,44)
175,(15,14),(20,17),(20,25),(20,9),(25,18),(29,24),(3,30),(30,25),(31,24),(32,17),(33,20),(35,32),(37,12),(37,14),(40,13),(51,60),(58,49),(58,51),(59,42),(61,36),(62,43)
176,(15,13),(19,25),(2,30),(20,10),(25,19),(29,23),(29,25),(31,17),(31,25),(32,18),(34,20),(35,33),(36,12),(37,15),(39,13),(52,60),(59,41),(59,49),(59,51),(61,35),(62,36),(62,42)
177,(1,30),(14,13),(19,24),(2,31),(20,11),(25,20),(28,23),(31,18),(32,25),(34,19),(34,33),(36,11),(36,15),(39,12),(53,60),(59,40),(59,50),(59,52),(62,35),(62,37),(62,41)
178,(0,30),(1,31),(14,14),(19,11),(19,23),(2,32),(26,20),(27,23),(30,18),(33,33),(34,18),(36,10),(38,12),(40,12),(54,60),(59,39),(59,53),(60,50),(61,41),(62,34),(62,38)
179,(0,29),(0,31),(14,15),(18,23),(19,12),(2,33),(26,19),(27,22),(30,17),(35,10),(35,18),(37,10),(38,13),(41,12),(54,61),(58,39),(60,41),(60,49),(60,53),(61,42),(62,33),(63,38)
180,(0,32),(1,29),(15,15),(18,22),(20,12),(26,18),(26,22),(3,33),(30,16),(35,11),(36,18),(37,11),(38,10),(41,13),(42,12),(54,62),(58,40),(60,48),(60,52),(60,54),(63,33),(63,39)
181,(0,33),(15,16),(17,22),(2,29),(26,17),(26,21),(3,34),(31,16),(36,19),(38,11),(42,13),(54,63),(58,41),(59,54),(60,47),(61,52),(63,32),(63,34)
182,(0,34),(15,17),(17,21),(2,34),(25,17),(27,17),(27,21),(3,29),(3,35),(31,15),(35,19),(39,11),(43,13),(53,63),(58,42),(58,54),(59,47),(61,51),(61,53),(62,32),(63,31),(63,35)
183,(0,35),(1,34),(14,17),(16,21),(2,35),(24,17),(27,20),(3,28),(40,11),(52,63),(58,43),(58,47),(60,51),(61,50),(61,54),(62,31),(63,36)
184,(0,36),(1,33),(1,35),(13,17),(15,21),(16,22),(2,28),(2,36),(24,16),(27,19),(4,28),(40,10),(41,11),(52,62),(58,48),(59,43),(61,31),(61,49),(61,55),(62,50),(63,37)
185,(0,37),(1,28),(1,32),(1,36),(12,17),(15,20),(15,22),(2,27),(24,15),(27,18),(3,36),(40,9),(41,10),(42,11),(5,28),(53,62),(59,48),(60,55),(61,32),(61,48),(62,49)
186,(0,38),(1,37),(12,18),(16,20),(24,14),(28,18),(3,27),(3,37),(41,9),(42,10),(53,61),(59,55),(60,32),(62,48)
187,(1,38),(11,18),(17,20),(2,37),(24,13),(29,18),(3,38),(4,27),(41,8),(42,9),(52,61),(58,55),(60,33),(62,47)
188,(1,39),(11,19),(18,20),(2,38),(23,13),(42,8),(5,27),(51,61),(57,55),(58,56),(61,33),(61,47),(63,47)
189,(1,40),(12,19),(18,19),(18,21),(2,39),(23,14),(42,7),(5,26),(51,62),(56,55),(57,56),(58,57),(61,34),(61,46),(63,48)
190,(0,40),(12,20),(17,19),(19,21),(23,15),(3,39),(4,26),(41,7),(43,7),(51,63),(56,56),(57,57),(60,34),(61,45),(63,49)
191,(0,39),(0,41),(11,20),(12,21),(13,20),(17,18),(19,22),(22,15),(3,26),(4,39),(40,7),(43,8),(50,63),(55,56),(56,57),(60,35),(62,45),(63,50)
192,(0,42),(1,41),(11,21),(13,19),(13,21),(17,17),(2,26),(22,14),(4,38),(40,8),(43,9),(44,8),(49,63),(54,56),(55,55),(55,57),(56,58),(59,35),(62,46),(63,51)
193,(0,43),(1,26),(10,21),(11,22),(13,18),(22,13),(39,8),(43,10),(44,9),(45,8),(48,63),(5,38),(54,55),(54,57),(55,54),(55,58),(56,59),(58,35),(63,46),(63,52)
194,(0,26),(10,20),(14,18),(21,13),(38,8),(43,11),(44,10),(45,9),(5,37),(53,55),(54,58),(55,53),(58,34),(62,52),(63,45)
195,(0,25),(0,27),(15,18),(21,12),(37,8),(4,37),(43,12),(44,11),(45,10),(5,36),(53,54),(54,59),(55,52),(58,33),(62,51)
196,(0,24),(0,28),(1,27),(22,12),(36,8),(4,36),(44,12),(45,11),(54,54),(55,51),(55,59),(59,33)
197,(1,24),(22,11),(23,12),(36,9),(4,35),(45,12),(46,11),(54,51),(54,53),(55,50),(55,60),(59,32),(59,34)
198,(1,25),(23,11),(24,12),(35,9),(37,9),(46,12),(5,35),(53,51),(54,50),(54,52),(55,49),(56,60),(58,32)
199,(2,25),(23,10),(25,12),(38,9),(53,52),(54,49),(56,49),(57,32),(57,60),(6,35)
200,(22,10),(25,11),(25,13),(3,25),(39,9),(52,52),(53,53),(54,48),(56,50),(57,31),(57,61),(7,35)
201,(21,10),(24,11),(25,14),(3,24),(39,10),(51,52),(52,53),(55,48),(56,31),(56,51),(57,62),(7,34),(7,36),(8,35)
202,(2,24),(21,11),(24,10),(25,15),(4,24),(50,52),(51,51),(52,54),(55,31),(56,48),(56,52),(56,62),(7,37),(9,35)
203,(10,35),(24,9),(25,16),(4,23),(51,54),(52,51),(54,31),(55,32),(55,62),(56,47),(56,53),(56,61),(7,38)
204,(10,34),(24,8),(26,16),(5,23),(50,54),(52,50),(54,32),(55,47),(55,61),(55,63),(56,32),(56,54),(6,38)
205,(23,8),(24,7),(27,16),(5,24),(50,55),(53,32),(53,50),(54,47),(55,46),(56,33),(56,63),(57,54),(6,37),(9,34)
206,(22,8),(23,7),(24,6),(28,16),(49,55),(5,25),(53,31),(53,49),(54,46),(55,33),(56,46),(57,33),(57,53),(57,63),(6,24),(6,36),(8,34)
207,(22,7),(22,9),(23,6),(25,6),(28,17),(4,25),(49,54),(53,30),(53,46),(53,48),(54,33),(54,45),(57,34),(58,53),(58,63),(6,23),(6,25),(8,33)
208,(21,7),(21,9),(22,6),(23,9),(25,5),(29,17),(48,54),(53,29),(53,33),(53,45),(53,47),(58,52),(59,63),(6,22),(7,33)
209,(21,6),(21,8),(22,5),(25,4),(29,16),(48,55),(5,22),(52,29),(52,47),(53,34),(53,44),(57,52),(6,33),(60,63)
210,(20,6),(20,8),(23,5),(26,4),(29,15),(4,22),(47,55),(5,33),(51,47),(52,28),(52,44),(52,48),(54,34),(57,51),(6,34),(61,63)
211,(19,8),(20,7),(23,4),(26,5),(30,15),(4,21),(47,56),(5,34),(51,48),(52,27),(52,43),(61,62)
212,(18,8),(19,7),(22,4),(27,5),(3,21),(30,14),(4,34),(48,56),(50,48),(51,49),(52,42),(53,27),(61,61)
213,(18,7),(22,3),(27,4),(3,20),(31,14),(4,33),(48,57),(49,48),(49,56),(50,47),(51,42),(51,50),(52,49),(53,26),(53,28),(60,61)
214,(17,7),(2,20),(22,2),(27,3),(28,4),(31,13),(32,14),(4,20),(4,32),(49,47),(49,57),(51,41),(51,43),(53,25),(54,28),(59,61),(60,60)
215,(17,8),(2,21),(22,1),(28,3),(29,4),(31,12),(33,14),(4,19),(4,31),(48,47),(49,58),(50,41),(50,43),(52,25),(54,27),(54,29),(59,60)
216,(17,9),(2,22),(22,0),(28,2),(29,3),(3,31),(30,12),(31,11),(32,12),(34,14),(47,47),(49,41),(49,43),(50,58),(52,24),(52,26),(54,30),(55,27),(55,29),(59,59)
217,(1,22),(16,9),(23,0),(27,2),(29,12),(29,2),(3,32),(30,11),(30,13),(30,3),(32,13),(33,12),(47,48),(49,40),(49,44),(50,57),(51,26),(53,24),(55,26),(55,30),(56,29),(60,59)
218,(1,21),(16,10),(23,1),(26,2),(29,11),(29,13),(33,13),(47,49),(48,44),(48,48),(50,40),(50,56),(51,25),(53,23),(56,26),(56,30),(61,59)
219,(0,21),(1,20),(16,11),(23,2),(26,1),(28,11),(28,13),(29,10),(46,49),(47,50),(48,45),(48,49),(50,39),(51,24),(51,56),(53,22),(56,25),(57,30),(62,59)
220,(0,20),(0,22),(16,12),(23,3),(24,2),(25,1),(27,11),(28,10),(28,12),(28,14),(30,10),(46,48),(46,50),(48,50),(49,45),(49,49),(50,24),(51,55),(51,57),(53,21),(55,25),(57,29),(62,58)
221,(0,19),(0,23),(16,13),(17,12),(24,1),(24,3),(25,2),(27,10),(27,12),(28,9),(29,14),(46,47),(49,50),(50,23),(50,45),(50,49),(52,21),(52,55),(54,25),(57,28),(61,58)
222,(0,18),(1,19),(1,23),(24,0),(24,4),(25,3),(26,10),(26,12),(28,8),(49,23),(49,51),(50,50),(51,21),(51,45),(52,56),(54,24),(54,26),(58,28),(60,58)
223,(0,17),(1,18),(2,23),(24,5),(25,0),(25,10),(26,11),(26,13),(26,3),(27,8),(49,24),(49,52),(50,21),(50,51),(51,44),(51,46),(52,57),(55,24),(58,27),(59,28),(60,57)
224,(0,16),(1,17),(25,9),(26,0),(26,14),(26,8),(27,13),(3,23),(48,24),(49,21),(50,44),(50,46),(52,46),(52,58),(56,24),(58,26),(60,28),(60,56),(61,57)
225,(1,16),(2,17),(25,8),(26,15),(26,9),(27,0),(27,14),(3,22),(47,24),(48,25),(49,22),(49,46),(51,58),(52,45),(52,59),(57,24),(59,26),(59,56),(60,29),(61,56),(62,57)
226,(1,15),(2,18),(25,7),(27,15),(27,9),(28,0),(48,26),(48,46),(50,22),(53,59),(58,24),(59,27),(59,29),(59,57),(60,26),(62,56),(63,57)
227,(1,14),(2,19),(26,7),(28,1),(28,15),(29,0),(47,46),(49,26),(51,22),(53,58),(58,29),(59,24),(59,58),(60,27),(62,55),(63,58)
228,(1,13),(26,6),(27,1),(27,7),(29,1),(3,19),(30,0),(47,45),(49,25),(52,22),(53,57),(58,30),(58,58),(59,25),(60,24),(61,27),(62,54),(63,59)
229,(1,12),(27,6),(28,7),(3,18),(30,1),(31,0),(47,44),(50,25),(52,23),(53,56),(57,58),(58,25),(59,30),(60,25),(61,24),(61,28),(62,53),(63,60)
230,(1,11),(28,6),(29,7),(3,17),(30,2),(31,1),(32,0),(47,43),(50,26),(51,23),(57,25),(57,59),(59,31),(61,25),(61,29),(62,24),(62,60),(63,53),(63,61)
231,(1,10),(2,11),(28,5),(29,8),(31,2),(32,1),(4,17),(48,43),(50,27),(57,26),(58,31),(58,59),(61,60),(62,25),(62,29),(62,61),(63,24),(63,54),(63,62)
232,(2,10),(29,5),(29,9),(33,1),(4,18),(49,27),(57,27),(58,60),(62,28),(62,62),(63,25),(63,55)
233,(2,9),(29,6),(3,10),(30,9),(48,27),(5,18),(56,27),(58,61),(62,27),(62,63),(63,56)
234,(2,8),(3,11),(30,8),(31,9),(48,28),(5,17),(5,19),(56,28),(58,62),(62,26),(63,63)
235,(1,8),(3,12),(31,10),(31,8),(48,29),(5,20),(55,28),(59,62),(61,26),(63,26)
236,(1,9),(2,12),(32,10),(32,8),(48,30),(5,21),(6,20),(60,62),(63,27)
237,(0,9),(2,13),(32,11),(32,7),(32,9),(33,10),(47,30),(6,21),(63,28)
238,(0,10),(0,8),(3,13),(33,11),(33,7),(34,10),(47,29),(63,29),(7,21)
239,(0,11),(0,7),(3,14),(33,8),(34,11),(46,29),(63,30),(7,22)
240,(0,12),(1,7),(2,14),(33,9),(34,12),(34,8),(46,30),(62,30),(7,23),(8,22)
241,(0,13),(1,6),(2,15),(34,13),(34,7),(34,9),(35,12),(46,31),(61,30),(7,24),(8,21)
242,(0,14),(0,6),(2,16),(34,6),(45,31),(60,30),(7,25),(9,21)
243,(0,15),(0,5),(3,16),(34,5),(44,31),(60,31),(7,26),(9,20),(9,22)
244,(0,4),(10,22),(3,15),(34,4),(35,5),(43,31),(6,26),(8,20)
245,(1,4),(35,4),(35,6),(4,15),(43,32),(6,27),(7,20)
246,(2,4),(35,3),(35,7),(36,4),(36,6),(4,14),(4,16),(42,32),(6,28),(7,27)
247,(2,5),(34,3),(35,8),(36,3),(36,5),(36,7),(42,31),(5,14),(5,16),(6,29)
248,(1,5),(3,5),(33,3),(34,2),(37,5),(37,7),(41,31),(42,30),(5,13),(6,16)
249,(3,4),(32,3),(35,2),(37,6),(38,5),(38,7),(41,32),(43,30),(6,13),(6,17)
250,(31,3),(32,2),(32,4),(36,2),(38,4),(38,6),(39,7),(4,4),(40,32),(7,13),(7,17)
251,(31,4),(33,2),(37,2),(37,4),(39,6),(4,3),(7,14),(7,16)
252,(3,3),(30,4),(37,1),(37,3),(40,6),(7,15),(8,14)
253,(2,3),(30,5),(38,1),(38,3),(6,15),(8,15)
254,(1,3),(30,6),(38,0),(38,2),(39,3),(5,15),(6,14),(8,16)
255,(0,3),(30,7),(37,0),(39,2),(39,4),(8,17)
256,(0,2),(31,7),(36,0),(39,1),(39,5),(8,18)
257,(1,2),(31,6),(35,0),(39,0),(8,19)
258,(1,1),(32,6),(34,0),(40,0),(7,19),(9,19)
259,(0,1),(10,19),(32,5),(33,0),(34,1),(41,0),(7,18)
260,(0,0),(10,18),(31,5),(33,5),(35,1),(42,0),(6,18)
261,(1,0),(33,4),(33,6),(36,1),(42,1),(43,0),(6,19),(9,18)
262,(2,0),(42,2),(43,1),(44,0),(9,17)
263,(10,17),(3,0),(42,3),(43,2),(44,1),(45,0)
264,(11,17),(3,1),(42,4),(44,2),(45,1),(46,0)
265,(11,16),(2,1),(4,1),(43,4),(44,3),(45,2),(46,1),(47,0)
266,(12,16),(2,2),(4,0),(43,3),(44,4),(45,3),(46,2),(47,1),(48,0),(5,1)
267,(12,15),(13,16),(3,2),(45,4),(46,3),(47,2),(48,1),(49,0),(5,0),(5,2)
268,(11,15),(13,15),(14,16),(4,2),(45,5),(47,3),(48,2),(49,1),(50,0),(6,2)
269,(10,15),(44,5),(46,5),(48,3),(49,2),(50,1),(51,0),(7,2)
270,(10,16),(43,5),(46,4),(47,5),(48,4),(49,3),(50,2),(51,1),(52,0),(7,1)
271,(42,5),(43,6),(47,4),(47,6),(48,5),(49,4),(50,3),(51,2),(52,1),(53,0),(7,0),(9,16)
272,(42,6),(44,6),(47,7),(48,6),(49,5),(50,4),(51,3),(52,2),(53,1),(54,0),(6,0),(8,0),(9,15)
273,(41,6),(44,7),(45,6),(47,8),(48,7),(49,6),(50,5),(51,4),(52,3),(53,2),(54,1),(55,0),(6,1),(8,1)
274,(41,5),(45,7),(46,6),(46,8),(48,8),(49,7),(50,6),(51,5),(52,4),(53,3),(54,2),(55,1),(56,0),(8,2)
275,(40,5),(46,7),(46,9),(48,9),(50,7),(51,6),(52,5),(53,4),(54,3),(57,0),(8,3)
276,(40,4),(46,10),(47,9),(51,7),(52,6),(54,4),(58,0),(7,3)
277,(40,3),(47,10),(52,7),(55,4),(58,1),(59,0),(7,4)
278,(41,3),(47,11),(59,1),(6,4),(60,0),(8,4)
279,(41,2),(41,4),(47,12),(48,11),(6,5),(60,1),(61,0),(8,5),(9,4)
280,(10,4),(41,1),(48,10),(48,12),(49,11),(6,6),(62,0),(7,5),(9,3)
281,(40,1),(49,10),(5,6),(50,11),(63,0),(7,6),(9,2)
282,(40,2),(5,7),(50,10),(8,6),(9,1)
283,(50,9),(6,7),(8,7),(9,0)
284,(51,9),(6,8),(7,7)
285,(51,10),(51,8),(6,9),(7,8)
286,(50,8),(51,11),(52,10),(52,8),(6,10),(7,9),(8,8)
287,(49,8),(5,10),(52,11),(7,10),(9,8)
288,(10,8),(49,9),(5,9),(53,11),(7,11),(9,7)
289,(10,7),(5,8),(53,10),(8,11),(9,6)
290,(10,6),(11,7),(4,8),(54,10),(8,12),(9,5)
291,(10,5),(11,6),(4,7),(55,10),(7,12),(8,13)
292,(11,5),(12,6),(3,7),(55,11),(56,10)
293,(11,4),(12,7),(2,7),(3,8),(54,11),(56,11),(56,9),(57,10)
294,(11,3),(13,7),(2,6),(3,9),(54,12),(55,9),(57,11),(57,9),(58,10)
295,(10,3),(14,7),(3,6),(4,9),(54,13),(54,9),(55,12),(57,12),(58,11)
296,(10,2),(4,10),(4,6),(53,13),(53,9),(54,14),(56,12),(57,13),(58,12),(59,11)
297,(10,1),(4,11),(4,5),(52,9),(53,8),(55,14),(56,13),(58,13),(59,12),(60,11)
298,(10,0),(5,11),(5,5),(54,8),(55,13),(55,15),(56,14),(59,13),(60,12),(61,11)
299,(11,0),(5,4),(55,16),(55,8),(56,15),(57,14),(6,11),(60,13),(61,12),(62,11)
300,(11,1),(5,3),(54,16),(55,17),(55,7),(56,16),(57,15),(58,14),(6,12),(61,13),(62,12),(63,11)
301,(11,2),(5,12),(53,16),(54,7),(56,17),(57,16),(58,15),(59,14),(6,3),(62,13),(63,12)
302,(12,2),(4,12),(52,16),(53,7),(58,16),(59,15),(60,14),(62,14),(63,13)
303,(12,3),(13,2),(4,13),(51,16),(52,15),(53,6),(59,16),(60,15),(61,14),(63,14)
304,(12,4),(13,1),(13,3),(50,16),(51,15),(53,5),(60,16),(61,15)
305,(12,1),(12,5),(14,1),(14,3),(50,17),(54,5),(61,16),(62,15)
306,(12,0),(13,5),(14,4),(15,1),(51,17),(55,5)
307,(13,0),(13,4),(14,5),(15,2),(52,17),(55,6),(56,5)
308,(14,0),(14,2),(14,6),(15,3),(52,18),(53,17),(54,6),(56,4),(56,6),(57,5)
309,(13,6),(15,0),(15,4),(15,6),(52,19),(53,18),(54,17),(56,3),(56,7),(57,4),(57,6)
310,(15,5),(15,7),(16,0),(53,19),(54,18),(56,2),(56,8),(57,7)
311,(15,8),(16,1),(16,5),(54,19),(55,2),(56,1),(57,2),(57,8)
312,(15,9),(16,6),(17,1),(17,5),(55,19),(55,3),(57,1),(57,3),(58,2)
313,(14,9),(16,7),(17,0),(17,6),(56,19),(59,2)
314,(14,8),(16,8),(18,0),(18,6),(56,18),(60,2)
315,(13,8),(18,1),(19,6),(55,18),(57,18),(61,2)
316,(12,8),(13,9),(19,1),(57,17),(61,1),(61,3),(62,2)
317,(11,8),(12,9),(13,10),(19,2),(58,17),(60,3),(62,1),(62,3),(63,2)
318,(11,9),(12,10),(13,11),(18,2),(58,18),(59,17),(60,4),(62,4),(63,1),(63,3)
319,(11,10),(14,11),(17,2),(18,3),(59,4),(60,17),(61,4),(63,4)
320,(11,11),(14,10),(16,2),(19,3),(59,3),(61,17),(63,5)
321,(10,11),(15,10),(16,3),(58,3),(62,17),(63,6)
322,(15,11),(16,4),(17,3),(58,4),(62,16),(9,11)
323,(15,12),(17,4),(58,5),(63,16),(9,10),(9,12)
324,(10,12),(14,12),(18,4),(58,6),(63,15),(63,17),(8,10)
325,(11,12),(13,12),(18,5),(19,4),(58,7),(59,6),(63,18),(8,9)
326,(11,13),(13,13),(19,5),(58,8),(59,7),(60,6),(62,18),(9,9)
327,(10,9),(11,14),(12,13),(13,14),(20,5),(58,9),(59,8),(60,5),(60,7),(61,18)
328,(10,10),(10,14),(12,12),(12,14),(20,4),(59,5),(59,9),(60,18),(61,5)
329,(12,11),(20,3),(59,10),(59,18),(61,6),(62,5),(9,14)
330,(21,3),(59,19),(61,7),(62,6),(9,13)
331,(10,13),(21,2),(21,4),(60,19),(61,8),(62,7)
332,(20,2),(21,5),(60,20),(60,8),(61,19),(61,9),(62,8),(63,7)
333,(20,1),(59,20),(61,10),(61,20),(62,19),(62,9),(63,8)
334,(21,1),(59,21),(60,10),(61,21),(62,10),(62,20),(63,19),(63,9)
335,(21,0),(58,21),(59,22),(60,21),(60,9),(62,21),(63,10),(63,20)
336,(20,0),(58,20),(59,23),(60,22),(62,22),(63,21)
337,(19,0),(57,20),(60,23),(61,22),(63,22)
338,(57,19),(57,21),(61,23)
339,(57,22),(58,19),(62,23)
340,(57,23),(58,22),(63,23)
341,(56,23),(58,23)
342,(55,23)
343,(54,23)
344,(54,22)
345,(54,21),(55,22)
346,(55,21)
347,(56,21)
348,(56,20),(56,22)
349,(55,20)
350,(54,20)
351,(53,20)
352,(52,20)
353,(51,20)
354,(51,19)
355,(51,18)
356,(50,18)
357,(50,19)
358,(50,20)
359,(49,20)
360,(49,19)
361,(49,18)
362,(49,17)
363,(49,16)
364,(48,16)
365,(48,15),(48,17)
366,(47,17),(48,14)
367,(46,17),(47,14)
368,(46,14),(46,18)
369,(45,14),(47,18)
370,(44,14),(48,18)
371,(44,13),(48,19)
372,(45,13),(47,19)
373,(46,13),(47,20)
374,(47,13),(47,21),(48,20)
375,(46,21),(48,13),(48,21)
376,(45,21),(49,13)
377,(44,21),(49,12),(49,14)
378,(44,20),(49,15)
379,(45,20),(50,15)
380,(45,19),(50,14)
381,(45,18),(46,19),(51,14)
382,(44,18),(46,20),(51,13)
383,(44,19),(50,13)
384,(50,12)
385,(51,12)
386,(52,12)
387,(52,13),(53,12)
388,(52,14)
389,(53,14)
390,(53,15)
391,(54,15)
