0,(2,24)
1,(1,24)
2,(1,23)
3,(0,23)
4,(0,24)
5,(0,25)
6,(1,25)
7,(1,26)
8,(0,26),(2,26)
9,(0,27),(3,26)
10,(1,27),(4,26)
11,(1,28)
12,(0,28)
13,(0,29)
14,(0,30),(1,29)
15,(0,31),(1,30)
16,(1,31)
17,(2,31)
18,(2,30)
19,(2,29)
20,(2,28)
21,(2,27),(3,28)
22,(3,27),(3,29)
23,(3,30),(4,27)
24,(4,28),(4,30)
25,(5,28),(5,30)
26,(5,29),(6,28)
27,(4,29),(6,27)
28,(7,27)
29,(7,26)
30,(8,26)
31,(9,26)
32,(9,27)
33,(8,27)
34,(8,28)
35,(7,28)
36,(7,29)
37,(6,29),(8,29)
38,(6,30),(8,30)
39,(6,31),(7,30)
40,(5,31),(7,31)
41,(4,31),(8,31)
42,(3,31),(9,31)
43,(9,30)
44,(9,29)
45,(9,28)
46,(10,28)
47,(10,27),(11,28)
48,(10,26),(11,29)
49,(10,25),(11,30),(12,29)
50,(11,31),(12,30),(9,25)
51,(10,31),(13,30),(8,25)
52,(10,30),(14,30),(7,25)
53,(10,29),(14,31),(6,25)
54,(13,31),(5,25)
55,(12,31),(4,25),(5,26)
56,(3,25),(5,27),(6,26)
57,(2,25),(3,24)
58,(3,23)
59,(2,23),(3,22)
60,(4,22)
61,(4,23)
62,(5,23)
63,(6,23)
64,(6,24)
65,(5,24),(7,24)
66,(4,24),(8,24)
67,(8,23)
68,(8,22)
69,(9,22)
70,(9,23)
71,(9,24)
72,(10,24)
73,(11,24)
74,(11,23),(12,24)
75,(10,23),(12,23),(13,24)
76,(10,22),(12,22),(13,23),(13,25)
77,(10,21),(11,22),(13,22)
78,(10,20),(11,21),(13,21),(9,21)
79,(10,19),(11,20),(12,21),(9,20)
80,(11,19),(12,20),(8,20),(9,19)
81,(11,18),(7,20),(8,19),(8,21),(9,18)
82,(10,18),(11,17),(7,19),(7,21),(8,18)
83,(10,17),(11,16),(7,18),(7,22)
84,(10,16),(12,16),(6,18),(6,22),(7,23)
85,(13,16),(5,22),(6,17),(9,16)
86,(13,15),(5,17),(5,21),(9,17)
87,(14,15),(4,21),(5,18),(6,21),(8,17)
88,(14,16),(3,21),(5,19),(6,20),(8,16)
89,(14,17),(2,21),(3,20),(5,20),(6,19),(8,15)
90,(13,17),(2,20),(2,22),(4,20),(8,14)
91,(1,22),(12,17),(2,19),(4,19),(8,13)
92,(0,22),(1,19),(12,18),(3,19),(8,12)
93,(1,20),(12,19),(3,18),(9,12)
94,(1,21),(13,19),(2,18),(9,11),(9,13)
95,(0,21),(10,11),(10,13),(13,18),(13,20),(2,17)
96,(0,20),(10,12),(10,14),(14,18),(14,20),(3,17)
97,(0,19),(11,12),(14,19),(14,21),(3,16),(9,14)
98,(0,18),(11,13),(14,22),(15,19),(4,16),(9,15)
99,(1,18),(10,15),(11,14),(14,23),(15,20),(4,17),(5,16)
100,(1,17),(11,15),(15,21),(15,23),(16,20),(4,18),(6,16)
101,(0,17),(12,15),(15,22),(16,21),(16,23),(6,15)
102,(0,16),(12,14),(16,22),(16,24),(6,14)
103,(0,15),(1,16),(12,13),(17,22),(17,24),(6,13)
104,(0,14),(1,15),(12,12),(17,23),(17,25),(7,13)
105,(1,14),(13,12),(16,25),(18,23),(2,15),(7,12),(7,14)
106,(13,11),(16,26),(19,23),(2,14),(2,16),(6,12),(7,15)
107,(14,11),(16,27),(19,22),(2,13),(5,12),(7,16)
108,(14,12),(15,27),(19,21),(3,13),(5,11),(7,17)
109,(14,13),(15,12),(15,26),(18,21),(19,20),(4,13),(5,10)
110,(15,13),(15,25),(18,22),(20,20),(4,12),(5,13),(6,10)
111,(15,14),(15,24),(20,21),(3,12),(5,14),(6,11)
112,(14,14),(14,24),(15,15),(16,14),(2,12),(20,22),(5,15),(7,11)
113,(1,12),(13,14),(14,25),(16,13),(16,15),(20,23),(4,15),(8,11)
114,(1,13),(13,13),(14,26),(16,12),(17,15),(21,23),(4,14)
115,(0,13),(13,26),(17,12),(17,16),(21,24),(3,14)
116,(0,12),(13,27),(17,11),(17,17),(18,12),(20,24),(21,25),(3,15)
117,(0,11),(14,27),(16,11),(16,17),(18,11),(18,13),(19,24),(20,25)
118,(1,11),(14,28),(15,11),(16,16),(17,13),(18,24),(19,13),(20,26)
119,(1,10),(13,28),(15,10),(15,16),(17,14),(18,25),(19,12),(20,27)
120,(12,28),(13,29),(14,10),(15,17),(18,14),(19,11),(19,25),(2,10),(20,28)
121,(12,27),(13,10),(14,29),(15,18),(19,10),(19,14),(19,26),(2,11),(2,9),(21,28)
122,(1,9),(12,10),(12,26),(13,9),(15,29),(16,18),(19,27),(19,9),(20,14),(21,27),(3,11)
123,(0,9),(12,25),(12,9),(13,8),(15,28),(16,19),(17,18),(18,27),(19,8),(20,13),(21,26),(22,27),(4,11)
124,(0,10),(11,25),(11,9),(12,8),(16,28),(17,19),(17,27),(18,18),(19,7),(20,12),(22,26),(4,10)
125,(11,10),(11,26),(11,8),(16,29),(17,26),(17,28),(18,17),(18,19),(20,11),(20,7),(22,25),(3,10)
126,(10,8),(11,11),(11,27),(17,29),(18,16),(18,20),(18,26),(19,17),(20,10),(20,6),(22,24),(3,9)
127,(10,7),(12,11),(17,20),(17,30),(18,15),(19,16),(19,6),(20,9),(22,23),(4,9)
128,(10,6),(17,21),(17,31),(18,6),(19,15),(20,16),(20,8),(22,22),(4,8)
129,(10,5),(16,31),(17,6),(18,7),(20,15),(20,17),(21,22),(21,8),(23,22),(5,8)
130,(10,4),(16,30),(17,7),(18,8),(20,18),(21,15),(21,9),(23,23),(5,7)
131,(11,4),(15,30),(17,8),(21,14),(21,18),(22,9),(4,7)
132,(11,3),(15,31),(17,9),(21,13),(21,17),(21,19),(22,8),(4,6)
133,(11,2),(18,9),(20,19),(21,12),(21,16),(22,13),(22,7),(4,5)
134,(12,2),(18,10),(19,19),(22,12),(22,16),(22,6),(23,13),(4,4)
135,(12,3),(17,10),(19,18),(22,11),(22,17),(23,14),(23,16),(23,6),(3,4)
136,(12,4),(13,3),(16,10),(2,4),(21,11),(22,14),(22,18),(23,17),(24,6)
137,(13,2),(16,9),(2,3),(21,10),(22,15),(23,18),(24,17),(24,7)
138,(1,3),(13,1),(15,9),(16,8),(22,10),(23,15),(23,19),(24,18),(24,8)
139,(1,2),(14,9),(16,7),(22,19),(23,10),(23,8),(24,15),(25,18)
140,(0,2),(14,8),(16,6),(2,2),(22,20),(23,11),(23,7),(24,10),(25,15),(25,17)
141,(0,1),(0,3),(15,8),(16,5),(21,20),(23,12),(25,16),(26,17),(3,2)
142,(0,0),(0,4),(15,7),(17,5),(21,21),(24,16),(26,16),(3,1),(3,3)
143,(1,0),(1,4),(14,7),(18,5),(2,1),(22,21),(27,16),(4,3)
144,(1,1),(1,5),(13,7),(19,5),(2,0),(23,21),(27,15),(4,2)
145,(12,7),(2,5),(20,5),(23,20),(26,15),(28,15),(3,0),(4,1)
146,(11,7),(21,5),(24,20),(26,14),(28,16),(3,5),(4,0),(5,1)
147,(11,6),(21,6),(24,19),(25,20),(26,13),(3,6),(5,0),(5,2)
148,(11,5),(2,6),(21,7),(25,13),(25,19),(26,20),(3,7),(5,3),(6,2)
149,(12,5),(2,7),(25,14),(26,19),(27,20),(3,8),(5,4)
150,(12,6),(2,8),(24,14),(26,18),(27,19),(5,5)
151,(1,8),(13,6),(24,13),(27,18),(28,19),(5,6)
152,(0,8),(13,5),(24,12),(27,17),(28,20),(6,6)
153,(0,7),(13,4),(24,11),(28,17),(28,21),(6,5),(6,7)
154,(1,7),(14,4),(25,11),(27,21),(28,18),(6,8)
155,(1,6),(14,3),(25,12),(26,21),(27,22),(29,18),(7,8)
156,(0,6),(14,2),(25,21),(26,12),(27,23),(28,22),(29,17),(8,8)
157,(0,5),(14,1),(25,22),(26,23),(27,12),(28,23),(29,16),(8,9)
158,(15,1),(24,22),(26,22),(26,24),(27,11),(27,13),(29,15),(29,23),(7,9),(8,10)
159,(15,2),(24,21),(26,11),(27,14),(27,24),(29,24),(30,15),(6,9),(7,10),(9,10)
160,(10,10),(15,3),(27,25),(28,14),(28,24),(31,15),(5,9)
161,(10,9),(15,4),(27,26),(28,25),(29,14),(31,16)
162,(15,5),(28,26),(29,13),(29,25),(31,17),(9,9)
163,(15,6),(28,13),(28,27),(30,17),(30,25),(31,18),(9,8)
164,(14,6),(27,27),(28,12),(30,16),(30,18),(31,19),(31,25),(9,7)
165,(14,5),(26,27),(28,11),(29,12),(30,19),(31,26),(8,7)
166,(25,27),(28,10),(29,19),(30,12),(31,27),(8,6)
167,(25,26),(29,10),(29,20),(30,11),(30,27),(9,6)
168,(26,26),(29,11),(29,21),(29,27),(29,9),(30,10),(30,28),(31,11),(9,5)
169,(26,25),(28,9),(29,22),(29,26),(31,10),(31,12),(31,28),(8,5)
170,(25,25),(27,9),(30,22),(30,26),(31,13),(31,29),(31,9),(8,4)
171,(24,25),(27,10),(30,13),(30,23),(30,9),(31,30),(31,8),(9,4)
172,(24,26),(26,10),(30,14),(30,24),(30,30),(30,8),(31,31),(9,3)
173,(23,26),(25,10),(29,8),(30,31),(31,14),(31,24),(8,3)
174,(23,25),(23,27),(25,9),(29,31),(29,7),(31,23),(8,2)
175,(23,24),(24,27),(24,9),(26,9),(28,7),(29,30),(31,22),(7,2)
176,(23,9),(24,24),(26,8),(28,6),(28,8),(29,29),(31,21),(7,3)
177,(24,23),(25,8),(27,6),(27,8),(28,29),(28,5),(29,28),(29,6),(30,29),(31,20),(6,3)
178,(25,23),(25,7),(26,6),(27,29),(27,5),(27,7),(28,28),(28,30),(28,4),(29,5),(30,20),(30,6),(6,4)
179,(25,24),(25,6),(26,29),(26,5),(26,7),(27,28),(27,30),(27,4),(29,4),(30,21),(30,5),(7,4)
180,(25,5),(26,28),(26,30),(26,4),(27,31),(29,3),(30,4),(7,5)
181,(25,28),(25,4),(26,31),(28,3),(28,31),(30,3),(31,4),(7,6)
182,(25,31),(28,2),(30,2),(31,3),(31,5),(7,7)
183,(24,31),(27,2),(29,2),(31,2),(31,6)
184,(23,31),(24,30),(27,1),(27,3),(31,1),(31,7)
185,(22,31),(25,30),(26,3),(27,0),(28,1),(30,1),(30,7),(31,0)
186,(22,30),(25,29),(25,3),(26,0),(29,1),(30,0)
187,(21,30),(24,29),(25,2),(26,1),(29,0)
188,(20,30),(21,29),(24,2),(24,28),(25,1),(26,2),(28,0)
189,(20,29),(20,31),(23,28),(24,1),(25,0)
190,(19,29),(21,31),(23,29),(24,0)
191,(18,29),(19,30),(22,29),(23,0),(23,30)
192,(18,28),(18,30),(22,28),(23,1)
193,(18,31),(19,28),(23,2)
194,(19,31),(23,3)
195,(24,3)
196,(24,4)
197,(24,5)
198,(23,5)
199,(22,5),(23,4)
200,(22,4)
201,(21,4)
202,(21,3)
203,(20,3)
204,(20,4)
205,(19,4)
206,(18,4),(19,3)
207,(17,4),(18,3)
208,(16,4),(17,3)
209,(16,3)
210,(16,2)
211,(16,1)
212,(17,1)
213,(17,2)
214,(18,2)
215,(19,2)
216,(20,2)
217,(20,1)
218,(21,1)
219,(21,2),(22,1)
220,(22,0),(22,2)
221,(21,0),(22,3)
222,(20,0)
223,(19,0)
224,(18,0)
225,(17,0),(18,1)
226,(16,0),(19,1)
227,(15,0)
228,(14,0)
229,(13,0)
230,(12,0)
231,(12,1)
232,(11,1)
233,(10,1),(11,0)
234,(10,0),(9,1)
235,(9,0),(9,2)
236,(10,2),(8,0)
237,(10,3),(8,1)
238,(7,1)
239,(6,1)
240,(6,0)
241,(7,0)
