0,(3,5)
1,(4,5)
2,(4,4)
3,(3,4)
4,(3,3)
5,(2,3)
6,(1,3)
7,(1,4)
8,(1,5)
9,(1,6)
10,(1,7),(2,6)
11,(1,8),(2,5),(2,7)
12,(0,8),(2,4),(2,8)
13,(0,7),(2,9)
14,(0,6),(1,9)
15,(0,5),(0,9),(1,10)
16,(0,4),(1,11),(2,10)
17,(0,11),(0,3),(1,12),(2,11)
18,(0,12),(0,2),(1,13),(2,12)
19,(0,13),(1,14),(1,2),(2,13)
20,(0,14),(1,1),(1,15),(2,14),(2,2),(3,13)
21,(0,1),(0,15),(1,0),(1,16),(2,1),(2,15),(3,12),(3,14),(3,2)
22,(0,0),(0,16),(2,0),(3,1),(3,11),(3,15),(4,12),(4,2)
23,(0,17),(4,11),(4,13),(5,12),(5,2)
24,(0,18),(4,10),(4,14),(5,1),(5,13),(5,3),(6,2)
25,(1,18),(4,1),(4,15),(4,3),(4,9),(5,0),(5,14),(5,4),(6,1),(6,3),(7,2)
26,(1,19),(2,18),(4,0),(4,16),(4,8),(5,15),(6,0),(6,14),(6,4),(7,1)
27,(2,17),(2,19),(3,0),(3,18),(4,17),(4,7),(5,16),(6,13),(6,15),(7,14),(7,4)
28,(2,20),(3,17),(4,18),(4,6),(5,17),(6,12),(6,16),(8,14),(8,4)
29,(1,20),(2,21),(3,20),(3,6),(4,19),(5,18),(6,11),(6,17),(7,12),(8,15),(8,3),(8,5)
30,(0,20),(3,7),(5,11),(5,19),(6,18),(7,11),(7,13),(7,15),(7,3),(8,12),(8,2),(8,6),(9,3)
31,(0,19),(0,21),(10,3),(3,8),(5,10),(5,20),(6,19),(7,16),(7,18),(8,11),(9,2),(9,4),(9,6)
32,(0,22),(10,4),(3,9),(4,20),(5,21),(5,9),(6,20),(7,17),(7,19),(8,10),(9,1),(9,11),(9,5),(9,7)
33,(0,23),(1,22),(10,1),(10,11),(10,5),(11,4),(3,10),(4,21),(6,21),(6,9),(7,10),(8,1),(8,17),(8,19),(8,7),(9,0),(9,10),(9,12),(9,8)
34,(1,21),(1,23),(10,10),(10,8),(11,11),(11,3),(12,4),(2,22),(3,21),(4,22),(6,10),(6,22),(7,21),(7,9),(8,0),(8,18),(8,20),(8,8),(9,17),(9,19)
35,(1,24),(10,17),(10,7),(11,10),(11,8),(12,11),(12,3),(13,4),(2,23),(3,22),(4,23),(5,22),(6,23),(7,22),(7,8),(8,21),(8,9),(9,18),(9,20)
36,(0,24),(10,16),(10,18),(10,20),(10,6),(11,17),(11,9),(12,10),(12,12),(13,11),(13,3),(14,4),(5,23),(6,24),(7,23),(7,7),(8,22),(9,21),(9,9)
37,(10,19),(10,21),(10,9),(11,12),(11,18),(11,6),(12,9),(13,12),(13,2),(14,11),(15,4),(6,7),(7,24),(9,16),(9,22)
38,(10,12),(10,22),(11,13),(11,19),(11,21),(11,7),(12,18),(12,2),(12,8),(14,12),(14,2),(15,11),(15,5),(6,8),(7,25),(9,15),(9,23)
39,(10,13),(10,23),(11,2),(11,22),(12,1),(12,13),(12,19),(12,21),(12,7),(13,8),(14,1),(14,13),(15,10),(15,2),(16,5),(5,8),(7,26),(8,25),(9,14)
40,(10,14),(10,2),(11,1),(11,23),(12,0),(12,20),(12,22),(12,6),(13,1),(13,13),(13,19),(13,21),(13,7),(13,9),(14,0),(15,13),(16,10),(16,2),(16,4),(5,7),(6,26),(7,27),(8,26),(9,13)
41,(10,15),(11,0),(11,14),(11,24),(12,23),(12,5),(13,0),(13,10),(13,18),(13,20),(13,22),(14,21),(14,7),(15,12),(15,14),(16,1),(16,11),(16,3),(16,9),(17,10),(5,26),(5,6),(6,27),(7,28),(9,26)
42,(10,26),(11,15),(12,24),(13,17),(13,23),(13,5),(14,10),(14,14),(14,18),(14,20),(14,22),(14,6),(14,8),(15,1),(15,15),(15,3),(15,7),(15,9),(16,0),(16,12),(16,14),(17,1),(17,9),(18,10),(4,26),(5,25),(5,27),(5,5),(6,28),(7,29),(8,28),(9,25)
43,(10,25),(10,27),(11,16),(11,26),(12,15),(12,17),(13,14),(13,16),(13,24),(13,6),(14,17),(14,19),(14,3),(14,5),(14,9),(15,16),(15,18),(15,20),(15,22),(15,6),(15,8),(16,13),(16,15),(17,0),(17,12),(17,2),(17,8),(18,9),(3,26),(4,25),(4,27),(5,28),(6,5),(9,24)
44,(10,24),(11,25),(12,14),(12,16),(13,15),(13,25),(14,24),(15,17),(15,19),(15,21),(15,23),(16,18),(16,22),(16,6),(16,8),(17,13),(17,3),(17,7),(18,0),(18,12),(18,2),(18,8),(3,25),(3,27),(4,28),(5,29),(7,5)
45,(12,25),(13,26),(14,23),(14,25),(15,24),(16,17),(16,19),(16,21),(16,23),(16,7),(17,18),(17,22),(17,4),(17,6),(18,1),(18,13),(18,3),(18,7),(19,0),(19,2),(2,25),(3,24),(7,6)
46,(14,26),(16,16),(16,20),(16,24),(17,17),(17,19),(17,21),(17,23),(17,5),(18,14),(18,18),(18,4),(19,1),(19,3),(6,6)
47,(14,27),(16,25),(17,14),(17,16),(17,20),(17,24),(18,15),(18,17),(18,19),(18,23),(18,5),(19,14),(19,18),(19,4),(20,3)
48,(14,28),(15,27),(17,15),(18,16),(18,20),(18,22),(18,24),(19,13),(19,15),(19,17),(19,19),(19,5),(20,2),(20,4),(21,3)
49,(13,28),(18,21),(18,25),(19,16),(19,20),(20,1),(20,13),(20,17),(20,5),(21,4),(22,3)
50,(12,28),(13,27),(13,29),(17,25),(18,26),(19,21),(19,25),(20,12),(20,14),(20,16),(20,18),(20,20),(21,1),(21,17),(21,5),(22,2),(22,4)
51,(11,28),(12,27),(12,29),(17,26),(18,27),(19,12),(19,24),(20,15),(20,19),(20,21),(21,0),(21,12),(21,16),(21,2),(21,20),(21,6),(22,1),(22,5),(23,2)
52,(10,28),(11,27),(11,29),(12,30),(16,26),(17,27),(19,11),(19,23),(19,27),(20,6),(21,13),(21,19),(21,21),(21,7),(22,12),(22,16),(22,20),(22,6),(23,5),(24,2)
53,(11,30),(12,31),(19,10),(19,22),(19,26),(19,6),(20,23),(21,14),(21,18),(21,22),(21,8),(22,11),(22,13),(22,15),(22,17),(22,19),(22,21),(22,7),(23,12),(23,16),(23,20),(23,4),(23,6),(24,1),(24,3),(24,5),(25,2),(9,28)
54,(10,30),(11,31),(13,31),(19,9),(20,10),(20,22),(20,24),(20,26),(20,8),(21,11),(21,15),(21,23),(21,9),(22,10),(22,14),(22,22),(22,8),(23,11),(23,15),(23,17),(23,19),(23,7),(24,12),(24,16),(24,20),(24,6),(25,3),(25,5),(9,29)
55,(10,29),(10,31),(13,30),(14,31),(19,8),(20,11),(20,25),(20,7),(21,10),(21,24),(22,23),(22,9),(23,10),(23,14),(23,18),(23,8),(24,13),(24,15),(24,17),(24,19),(24,21),(25,12),(25,20),(25,4),(25,6),(26,3),(26,5),(8,29),(9,30)
56,(14,30),(15,31),(19,7),(21,25),(22,18),(22,24),(23,13),(23,21),(23,23),(23,9),(24,14),(24,18),(24,22),(24,4),(24,8),(25,11),(25,13),(25,15),(25,19),(25,21),(26,4),(26,6),(27,3),(8,30),(9,31)
57,(15,30),(16,31),(21,26),(23,22),(23,24),(24,11),(24,23),(25,10),(25,14),(25,16),(25,18),(25,22),(25,8),(26,11),(26,13),(26,15),(26,19),(27,2),(27,4),(28,3),(7,30),(8,31)
58,(16,30),(22,26),(23,25),(24,24),(25,23),(25,7),(26,10),(26,14),(26,16),(26,18),(26,2),(26,20),(26,22),(27,1),(27,11),(27,15),(27,5),(28,2),(29,3),(6,30),(7,31)
59,(17,30),(22,25),(22,27),(23,26),(24,25),(25,24),(26,17),(26,21),(26,23),(26,9),(27,0),(27,10),(27,12),(27,22),(28,11),(28,15),(28,5),(29,2),(29,4),(30,3),(5,30),(6,29),(6,31)
60,(18,30),(21,27),(22,28),(23,27),(24,26),(25,25),(25,9),(26,0),(26,8),(27,13),(27,21),(27,9),(28,0),(28,10),(28,14),(28,16),(28,4),(28,6),(29,1),(29,11),(29,15),(29,5),(30,2),(30,4)
61,(18,29),(18,31),(19,30),(20,27),(21,28),(22,29),(23,28),(24,27),(25,0),(25,26),(26,25),(26,7),(27,14),(27,16),(27,6),(28,1),(28,13),(28,17),(28,21),(28,7),(28,9),(29,0),(29,14),(29,6),(30,1),(30,15),(30,5),(31,2)
62,(17,29),(17,31),(18,28),(19,31),(20,28),(23,29),(24,0),(24,28),(25,1),(27,7),(28,12),(28,18),(28,20),(28,8),(29,13),(29,17),(29,7),(29,9),(30,16),(30,6),(31,1)
63,(16,29),(17,28),(19,28),(20,29),(20,31),(23,0),(23,30),(24,29),(27,18),(27,8),(28,19),(29,10),(29,18),(29,8),(30,13),(30,7),(31,0),(31,16),(31,6)
64,(16,28),(20,30),(21,31),(22,0),(22,30),(23,1),(23,31),(24,30),(25,29),(29,19),(30,10),(30,18),(30,8),(31,13),(31,15),(31,17),(31,5),(31,7)
65,(21,30),(22,31),(24,31),(25,28),(25,30),(26,29),(30,19),(30,9),(31,12),(31,14),(31,18),(31,8)
66,(21,29),(25,31),(26,28),(26,30),(27,29),(30,12),(30,14),(31,11),(31,9)
67,(26,31),(27,28),(28,29),(30,11),(31,10)
68,(27,31),(28,28)
69,(27,30),(28,27),(28,31),(29,28)
70,(27,27),(28,26),(28,30),(29,27),(29,29),(29,31),(30,28)
71,(26,27),(28,25),(29,26),(29,30),(30,29)
72,(27,25),(28,24),(29,25),(30,26),(30,30),(31,29)
73,(27,24),(27,26),(28,23),(29,24),(31,30)
74,(27,23),(29,23),(31,31)
75,(29,22),(30,23)
76,(28,22),(29,21),(30,22),(30,24),(31,23)
77,(31,24)
78,(31,25)
