0,(2,24)
1,(1,24),(2,25)
2,(1,25)
3,(1,26)
4,(2,26)
5,(2,27)
6,(1,27)
7,(1,28)
8,(2,28)
9,(2,29),(3,28)
10,(3,29),(4,28)
11,(4,29),(5,28)
12,(5,27),(5,29)
13,(5,26),(5,30)
14,(5,25),(6,30)
15,(6,25),(7,30)
16,(6,24),(7,25),(7,29),(8,30)
17,(6,23),(7,26),(8,29),(8,31)
18,(5,23),(7,27),(7,31),(9,29)
19,(5,22),(6,27),(6,31),(9,30)
20,(4,22),(5,31),(6,26),(9,31)
21,(10,31),(4,23),(4,31)
22,(10,30),(11,31),(3,31),(4,24)
23,(10,29),(11,30),(3,30),(4,25),(5,24)
24,(10,28),(11,29),(12,30),(4,26),(4,30)
25,(10,27),(11,28),(13,30),(4,27)
26,(12,28),(14,30),(3,27),(9,27)
27,(12,27),(14,29),(3,26),(9,26),(9,28)
28,(10,26),(13,27),(14,28),(3,25),(8,28),(9,25)
29,(10,25),(13,28),(14,27),(15,28),(3,24),(7,28),(8,25)
30,(10,24),(13,29),(14,26),(15,29),(16,28),(3,23),(6,28),(8,26)
31,(10,23),(12,29),(13,26),(14,25),(15,30),(16,27),(16,29),(3,22),(6,29),(8,27)
32,(11,23),(13,25),(15,27),(15,31),(16,30),(17,29),(2,22)
33,(12,23),(13,24),(14,31),(16,31),(17,28),(2,23)
34,(1,23),(12,24),(13,23),(13,31),(17,27),(17,31)
35,(0,23),(11,24),(12,31),(13,22),(17,30),(18,27),(18,31)
36,(0,22),(0,24),(11,25),(12,22),(14,22),(19,27)
37,(0,25),(1,22),(11,22),(12,21),(12,25),(14,23),(15,22),(19,28)
38,(0,26),(1,21),(10,22),(12,26),(13,21),(15,23),(20,28)
39,(0,21),(0,27),(11,26),(14,21),(15,24),(16,23),(2,21),(21,28),(9,22)
40,(0,20),(0,28),(11,27),(14,24),(15,21),(15,25),(16,22),(21,29),(3,21),(8,22)
41,(0,19),(0,29),(15,20),(15,26),(17,22),(21,30),(3,20),(4,21),(8,23)
42,(1,19),(1,29),(14,20),(16,26),(17,23),(18,22),(22,30),(4,20),(7,23)
43,(1,18),(1,30),(13,20),(17,26),(18,23),(19,22),(2,19),(22,29),(22,31),(4,19),(7,24)
44,(1,17),(13,19),(18,26),(19,21),(19,23),(2,20),(2,30),(21,31),(23,29),(3,19),(8,24)
45,(0,17),(1,20),(14,19),(18,21),(19,26),(2,31),(20,31),(23,30),(3,18),(9,24)
46,(0,18),(1,31),(14,18),(17,21),(2,18),(20,26),(20,30),(23,31),(9,23)
47,(0,31),(13,18),(14,17),(16,21),(19,30),(2,17),(20,27),(20,29),(24,31)
48,(0,30),(13,17),(14,16),(16,20),(19,29),(21,27),(24,30),(25,31),(3,17)
49,(12,17),(13,16),(14,15),(15,16),(16,19),(18,29),(22,27),(25,30),(3,16)
50,(11,17),(13,15),(14,14),(15,19),(16,16),(16,18),(17,19),(18,28),(22,26),(22,28),(25,29),(3,15),(4,16)
51,(11,16),(11,18),(13,14),(14,13),(15,18),(17,16),(18,19),(21,26),(23,28),(25,28),(4,15),(4,17),(5,16)
52,(10,16),(12,16),(14,12),(15,17),(17,15),(18,16),(19,19),(21,25),(23,27),(24,28),(5,15),(5,17)
53,(12,15),(13,12),(16,15),(16,17),(18,17),(19,20),(20,25),(21,24),(24,27),(24,29),(5,14),(5,18),(6,17),(9,16)
54,(11,15),(12,12),(16,14),(17,17),(18,20),(19,17),(20,20),(20,24),(21,23),(25,27),(4,14),(4,18),(7,17),(8,16)
55,(11,12),(11,14),(15,14),(17,14),(17,18),(17,20),(19,16),(19,24),(20,19),(20,21),(20,23),(21,20),(25,26),(4,13),(7,16),(8,17)
56,(10,14),(11,13),(12,14),(15,13),(17,13),(18,14),(18,18),(19,15),(19,25),(20,18),(20,22),(21,19),(21,21),(26,26),(5,13),(6,16),(7,15),(9,17)
57,(10,13),(10,15),(10,17),(12,13),(15,12),(16,13),(17,12),(18,15),(18,25),(19,14),(19,18),(20,15),(20,17),(21,18),(21,22),(22,19),(26,27),(5,12),(6,15),(7,14)
58,(10,12),(10,18),(13,13),(15,11),(16,12),(17,11),(18,12),(18,24),(20,14),(20,16),(21,15),(21,17),(22,18),(22,20),(22,22),(26,28),(5,11),(6,14),(8,14),(9,15)
59,(14,11),(16,11),(17,10),(17,24),(18,11),(18,13),(21,14),(21,16),(22,17),(22,21),(22,23),(23,18),(23,20),(26,29),(5,10),(6,13),(8,13),(8,15),(9,12),(9,18)
60,(14,10),(16,10),(16,24),(17,9),(18,10),(19,11),(19,13),(21,13),(22,16),(22,24),(23,19),(23,21),(23,23),(24,18),(26,30),(5,9),(6,12),(7,13),(8,18),(9,13)
61,(13,10),(15,10),(16,25),(17,8),(18,9),(19,10),(20,13),(21,12),(22,25),(23,16),(23,22),(23,24),(24,17),(24,19),(24,23),(25,18),(26,31),(4,9),(6,11),(7,12),(8,19)
62,(13,11),(15,9),(16,8),(17,25),(17,7),(18,8),(19,9),(20,12),(21,11),(23,25),(24,16),(24,20),(24,22),(24,24),(25,19),(26,18),(27,31),(4,8),(6,10),(7,11),(7,19),(9,19)
63,(10,19),(12,11),(14,9),(16,7),(16,9),(18,7),(19,12),(19,8),(20,11),(20,9),(23,26),(24,21),(25,20),(26,19),(27,18),(27,30),(3,8),(7,10),(7,18)
64,(11,11),(11,19),(13,9),(15,7),(18,6),(19,7),(2,8),(20,10),(20,8),(24,26),(25,21),(26,20),(27,19),(27,29),(28,30),(6,18),(7,9)
65,(1,8),(10,11),(11,10),(12,19),(12,9),(14,7),(19,6),(21,10),(21,8),(24,25),(25,22),(26,21),(28,29),(28,31),(29,30),(6,19),(6,9)
66,(0,8),(10,10),(11,9),(12,20),(12,8),(14,6),(14,8),(19,5),(21,9),(22,8),(25,25),(26,22),(28,28),(29,29),(5,19),(6,8),(9,11)
67,(0,7),(0,9),(11,20),(11,8),(13,8),(14,5),(15,6),(15,8),(18,5),(22,7),(22,9),(26,25),(27,22),(27,28),(29,28),(6,7),(9,10)
68,(1,9),(11,21),(11,7),(13,7),(14,4),(15,5),(17,5),(22,10),(22,6),(27,21),(27,25),(27,27),(29,27),(30,28),(5,7),(6,6),(7,7),(8,10)
69,(10,21),(11,6),(12,7),(13,4),(13,6),(15,4),(16,5),(17,4),(2,9),(21,6),(22,5),(27,20),(28,25),(28,27),(29,26),(30,27),(30,29),(31,28),(4,7),(5,6),(6,5),(7,6),(7,8),(8,11),(8,7)
70,(10,6),(12,6),(13,5),(15,3),(16,4),(16,6),(2,10),(20,6),(21,7),(23,5),(28,20),(28,24),(28,26),(29,25),(30,26),(30,30),(31,27),(31,29),(7,5),(8,12),(8,8),(9,21),(9,7)
71,(10,7),(12,5),(14,3),(16,3),(17,6),(2,11),(20,5),(23,6),(27,26),(28,19),(28,21),(28,23),(29,24),(30,25),(30,31),(31,26),(7,4),(8,21),(8,5),(9,6),(9,8)
72,(1,11),(10,8),(11,5),(12,4),(13,3),(16,2),(21,5),(24,6),(27,23),(28,22),(29,19),(29,21),(30,24),(31,25),(6,4),(7,21),(8,4),(8,6),(9,9)
73,(0,11),(1,10),(10,9),(12,3),(13,2),(15,2),(21,4),(24,5),(27,24),(29,20),(29,22),(30,19),(30,21),(6,3),(7,22),(8,9),(9,4)
74,(0,10),(0,12),(11,3),(13,1),(14,2),(21,3),(24,4),(26,24),(29,23),(30,20),(30,22),(31,21),(5,3),(6,2),(6,22),(7,3),(9,5)
75,(1,12),(11,2),(11,4),(12,1),(14,1),(20,3),(23,4),(26,23),(30,23),(31,22),(5,2),(5,4),(6,1),(6,21),(8,3)
76,(11,1),(12,2),(14,0),(19,3),(2,12),(20,4),(22,4),(23,3),(25,23),(31,23),(4,2),(4,4),(5,1),(5,21),(5,5),(6,0),(7,1),(9,3)
77,(10,3),(13,0),(19,2),(19,4),(2,13),(22,3),(25,24),(3,2),(3,4),(4,5),(5,0),(5,20),(7,0),(8,1)
78,(10,2),(10,4),(12,0),(18,4),(19,1),(2,2),(20,2),(22,2),(3,13),(3,5),(4,0),(6,20),(8,0),(8,2)
79,(1,2),(10,1),(10,5),(11,0),(18,3),(19,0),(2,1),(2,3),(2,5),(21,2),(3,0),(3,12),(3,14),(4,1),(7,2),(7,20),(9,0),(9,2)
80,(1,3),(1,5),(10,0),(17,3),(2,0),(2,14),(2,4),(2,6),(20,0),(3,1),(3,11),(3,3),(8,20),(9,1)
81,(0,3),(1,0),(1,4),(17,2),(2,15),(21,0),(3,10),(9,20)
82,(0,0),(0,2),(0,4),(1,1),(10,20),(18,2),(2,16),(21,1),(22,0),(4,10)
83,(0,1),(0,5),(1,16),(18,1),(20,1),(22,1),(23,0),(4,11)
84,(1,15),(17,1),(18,0),(23,1),(24,0),(4,12)
85,(1,14),(16,1),(23,2),(24,1)
86,(1,13),(16,0),(24,2),(25,1)
87,(0,13),(15,0),(24,3),(25,2),(26,1)
88,(0,14),(15,1),(25,3),(26,2)
89,(0,15),(25,4),(26,3),(27,2)
90,(0,16),(25,5),(26,4),(27,1),(27,3)
91,(26,5),(27,0),(27,4),(28,1)
92,(26,0),(26,6),(27,5),(28,0),(28,2)
93,(25,0),(26,7),(28,5),(29,0),(29,2)
94,(25,7),(26,8),(28,6),(29,1),(29,5)
95,(25,6),(25,8),(26,9),(27,6),(28,7),(29,4),(30,1),(30,5)
96,(24,8),(27,7),(27,9),(28,4),(28,8),(30,0),(30,4),(30,6),(31,1)
97,(23,8),(24,9),(27,8),(28,9),(29,8),(30,3),(31,0),(31,6)
98,(23,7),(23,9),(25,9),(28,10),(29,3),(29,7),(29,9),(30,2),(30,8),(31,7)
99,(24,7),(25,10),(27,10),(28,11),(29,10),(30,7),(31,2)
100,(25,11),(26,10),(27,11),(28,12),(29,11),(31,3)
101,(25,12),(26,11),(27,12),(28,13),(29,12),(30,11),(31,4)
102,(25,13),(26,12),(28,14),(29,13),(30,12),(31,11),(31,5)
103,(24,13),(26,13),(27,14),(28,15),(29,14),(31,10),(31,12)
104,(24,12),(26,14),(27,15),(28,16),(29,15),(30,14),(31,13)
105,(24,11),(26,15),(27,16),(28,17),(29,16),(30,15),(31,14)
106,(24,10),(26,16),(27,17),(29,17),(30,16),(31,15)
107,(23,10),(25,16),(29,18),(30,17),(31,16)
108,(23,11),(25,15),(30,18),(31,17)
109,(22,11),(25,14),(31,18)
110,(22,12),(24,14)
111,(23,12),(24,15)
112,(23,13),(23,15)
113,(22,13),(22,15)
114,(22,14)
